<?xml version="1.0" encoding="UTF-8"?>
<!-- Generated by org.testng.reporters.JUnitXMLReporter -->
<testsuite hostname="ChethanBidare-pc" ignored="0" name="Test" tests="32" failures="17" timestamp="14 Mar 2018 09:59:53 GMT" time="1793.922" errors="0">
  <testcase name="@BeforeClass openAPP" time="29.598" classname="c2info_ElMob.SalesReturnTC.TC_002_VerifyHighestMrpIsDisplayed">
    <failure type="org.openqa.selenium.WebDriverException" message="An unknown server-side error occurred while processing the command. Original error: Could not find a connected Android device. (WARNING: The server did not provide any stacktrace information)
Command duration or timeout: 29.21 seconds
Build info: version: &amp;apos;2.53.1&amp;apos;, revision: &amp;apos;a36b8b1cd5757287168e54b817830adce9b0158d&amp;apos;, time: &amp;apos;2016-06-30 19:26:09&amp;apos;
System info: host: &amp;apos;ChethanBidare-pc&amp;apos;, ip: &amp;apos;172.16.18.229&amp;apos;, os.name: &amp;apos;Windows 10&amp;apos;, os.arch: &amp;apos;amd64&amp;apos;, os.version: &amp;apos;10.0&amp;apos;, java.version: &amp;apos;1.8.0_144&amp;apos;
Driver info: io.appium.java_client.android.AndroidDriver">
      <![CDATA[org.openqa.selenium.WebDriverException: An unknown server-side error occurred while processing the command. Original error: Could not find a connected Android device. (WARNING: The server did not provide any stacktrace information)
Command duration or timeout: 29.21 seconds
Build info: version: '2.53.1', revision: 'a36b8b1cd5757287168e54b817830adce9b0158d', time: '2016-06-30 19:26:09'
System info: host: 'ChethanBidare-pc', ip: '172.16.18.229', os.name: 'Windows 10', os.arch: 'amd64', os.version: '10.0', java.version: '1.8.0_144'
Driver info: io.appium.java_client.android.AndroidDriver
	at org.openqa.selenium.remote.ErrorHandler.createThrowable(ErrorHandler.java:206)
	at org.openqa.selenium.remote.ErrorHandler.throwIfResponseFailed(ErrorHandler.java:158)
	at org.openqa.selenium.remote.RemoteWebDriver.execute(RemoteWebDriver.java:678)
	at io.appium.java_client.DefaultGenericMobileDriver.execute(DefaultGenericMobileDriver.java:42)
	at io.appium.java_client.AppiumDriver.execute(AppiumDriver.java:1)
	at io.appium.java_client.android.AndroidDriver.execute(AndroidDriver.java:1)
	at org.openqa.selenium.remote.RemoteWebDriver.startSession(RemoteWebDriver.java:249)
	at org.openqa.selenium.remote.RemoteWebDriver.<init>(RemoteWebDriver.java:131)
	at org.openqa.selenium.remote.RemoteWebDriver.<init>(RemoteWebDriver.java:144)
	at io.appium.java_client.DefaultGenericMobileDriver.<init>(DefaultGenericMobileDriver.java:37)
	at io.appium.java_client.AppiumDriver.<init>(AppiumDriver.java:161)
	at io.appium.java_client.AppiumDriver.<init>(AppiumDriver.java:170)
	at io.appium.java_client.android.AndroidDriver.<init>(AndroidDriver.java:82)
	at c2info_ElMob.TestBase.TestBase.DeviceCapabilities(TestBase.java:44)
	at c2info_ElMob.TestBase.TestBase.init(TestBase.java:32)
	at c2info_ElMob.SalesReturnTC.TC_002_VerifyHighestMrpIsDisplayed.openAPP(TC_002_VerifyHighestMrpIsDisplayed.java:19)
... Removed 29 stack frames]]>
    </failure>
  </testcase> <!-- @BeforeClass openAPP -->
  <testcase name="@BeforeClass openAPP" time="28.75" classname="c2info_ElMob.SalesReturnTC.TC_003_verifyStockInItemListPage">
    <failure type="org.openqa.selenium.WebDriverException" message="An unknown server-side error occurred while processing the command. Original error: Could not find a connected Android device. (WARNING: The server did not provide any stacktrace information)
Command duration or timeout: 28.75 seconds
Build info: version: &amp;apos;2.53.1&amp;apos;, revision: &amp;apos;a36b8b1cd5757287168e54b817830adce9b0158d&amp;apos;, time: &amp;apos;2016-06-30 19:26:09&amp;apos;
System info: host: &amp;apos;ChethanBidare-pc&amp;apos;, ip: &amp;apos;172.16.18.229&amp;apos;, os.name: &amp;apos;Windows 10&amp;apos;, os.arch: &amp;apos;amd64&amp;apos;, os.version: &amp;apos;10.0&amp;apos;, java.version: &amp;apos;1.8.0_144&amp;apos;
Driver info: io.appium.java_client.android.AndroidDriver">
      <![CDATA[org.openqa.selenium.WebDriverException: An unknown server-side error occurred while processing the command. Original error: Could not find a connected Android device. (WARNING: The server did not provide any stacktrace information)
Command duration or timeout: 28.75 seconds
Build info: version: '2.53.1', revision: 'a36b8b1cd5757287168e54b817830adce9b0158d', time: '2016-06-30 19:26:09'
System info: host: 'ChethanBidare-pc', ip: '172.16.18.229', os.name: 'Windows 10', os.arch: 'amd64', os.version: '10.0', java.version: '1.8.0_144'
Driver info: io.appium.java_client.android.AndroidDriver
	at org.openqa.selenium.remote.ErrorHandler.createThrowable(ErrorHandler.java:206)
	at org.openqa.selenium.remote.ErrorHandler.throwIfResponseFailed(ErrorHandler.java:158)
	at org.openqa.selenium.remote.RemoteWebDriver.execute(RemoteWebDriver.java:678)
	at io.appium.java_client.DefaultGenericMobileDriver.execute(DefaultGenericMobileDriver.java:42)
	at io.appium.java_client.AppiumDriver.execute(AppiumDriver.java:1)
	at io.appium.java_client.android.AndroidDriver.execute(AndroidDriver.java:1)
	at org.openqa.selenium.remote.RemoteWebDriver.startSession(RemoteWebDriver.java:249)
	at org.openqa.selenium.remote.RemoteWebDriver.<init>(RemoteWebDriver.java:131)
	at org.openqa.selenium.remote.RemoteWebDriver.<init>(RemoteWebDriver.java:144)
	at io.appium.java_client.DefaultGenericMobileDriver.<init>(DefaultGenericMobileDriver.java:37)
	at io.appium.java_client.AppiumDriver.<init>(AppiumDriver.java:161)
	at io.appium.java_client.AppiumDriver.<init>(AppiumDriver.java:170)
	at io.appium.java_client.android.AndroidDriver.<init>(AndroidDriver.java:82)
	at c2info_ElMob.TestBase.TestBase.DeviceCapabilities(TestBase.java:44)
	at c2info_ElMob.TestBase.TestBase.init(TestBase.java:32)
	at c2info_ElMob.SalesReturnTC.TC_003_verifyStockInItemListPage.openAPP(TC_003_verifyStockInItemListPage.java:18)
... Removed 29 stack frames]]>
    </failure>
  </testcase> <!-- @BeforeClass openAPP -->
  <testcase name="@BeforeClass openAPP" time="28.895" classname="c2info_ElMob.SalesReturnTC.TC_004_VerifyStockAfterAddingToCart">
    <failure type="org.openqa.selenium.WebDriverException" message="An unknown server-side error occurred while processing the command. Original error: Could not find a connected Android device. (WARNING: The server did not provide any stacktrace information)
Command duration or timeout: 28.89 seconds
Build info: version: &amp;apos;2.53.1&amp;apos;, revision: &amp;apos;a36b8b1cd5757287168e54b817830adce9b0158d&amp;apos;, time: &amp;apos;2016-06-30 19:26:09&amp;apos;
System info: host: &amp;apos;ChethanBidare-pc&amp;apos;, ip: &amp;apos;172.16.18.229&amp;apos;, os.name: &amp;apos;Windows 10&amp;apos;, os.arch: &amp;apos;amd64&amp;apos;, os.version: &amp;apos;10.0&amp;apos;, java.version: &amp;apos;1.8.0_144&amp;apos;
Driver info: io.appium.java_client.android.AndroidDriver">
      <![CDATA[org.openqa.selenium.WebDriverException: An unknown server-side error occurred while processing the command. Original error: Could not find a connected Android device. (WARNING: The server did not provide any stacktrace information)
Command duration or timeout: 28.89 seconds
Build info: version: '2.53.1', revision: 'a36b8b1cd5757287168e54b817830adce9b0158d', time: '2016-06-30 19:26:09'
System info: host: 'ChethanBidare-pc', ip: '172.16.18.229', os.name: 'Windows 10', os.arch: 'amd64', os.version: '10.0', java.version: '1.8.0_144'
Driver info: io.appium.java_client.android.AndroidDriver
	at org.openqa.selenium.remote.ErrorHandler.createThrowable(ErrorHandler.java:206)
	at org.openqa.selenium.remote.ErrorHandler.throwIfResponseFailed(ErrorHandler.java:158)
	at org.openqa.selenium.remote.RemoteWebDriver.execute(RemoteWebDriver.java:678)
	at io.appium.java_client.DefaultGenericMobileDriver.execute(DefaultGenericMobileDriver.java:42)
	at io.appium.java_client.AppiumDriver.execute(AppiumDriver.java:1)
	at io.appium.java_client.android.AndroidDriver.execute(AndroidDriver.java:1)
	at org.openqa.selenium.remote.RemoteWebDriver.startSession(RemoteWebDriver.java:249)
	at org.openqa.selenium.remote.RemoteWebDriver.<init>(RemoteWebDriver.java:131)
	at org.openqa.selenium.remote.RemoteWebDriver.<init>(RemoteWebDriver.java:144)
	at io.appium.java_client.DefaultGenericMobileDriver.<init>(DefaultGenericMobileDriver.java:37)
	at io.appium.java_client.AppiumDriver.<init>(AppiumDriver.java:161)
	at io.appium.java_client.AppiumDriver.<init>(AppiumDriver.java:170)
	at io.appium.java_client.android.AndroidDriver.<init>(AndroidDriver.java:82)
	at c2info_ElMob.TestBase.TestBase.DeviceCapabilities(TestBase.java:44)
	at c2info_ElMob.TestBase.TestBase.init(TestBase.java:32)
	at c2info_ElMob.SalesReturnTC.TC_004_VerifyStockAfterAddingToCart.openAPP(TC_004_VerifyStockAfterAddingToCart.java:18)
... Removed 29 stack frames]]>
    </failure>
  </testcase> <!-- @BeforeClass openAPP -->
  <testcase name="@BeforeClass openAPP" time="28.79" classname="c2info_ElMob.SalesReturnTC.TC_005_VerifyDiscountForSingleItem">
    <failure type="org.openqa.selenium.WebDriverException" message="An unknown server-side error occurred while processing the command. Original error: Could not find a connected Android device. (WARNING: The server did not provide any stacktrace information)
Command duration or timeout: 28.78 seconds
Build info: version: &amp;apos;2.53.1&amp;apos;, revision: &amp;apos;a36b8b1cd5757287168e54b817830adce9b0158d&amp;apos;, time: &amp;apos;2016-06-30 19:26:09&amp;apos;
System info: host: &amp;apos;ChethanBidare-pc&amp;apos;, ip: &amp;apos;172.16.18.229&amp;apos;, os.name: &amp;apos;Windows 10&amp;apos;, os.arch: &amp;apos;amd64&amp;apos;, os.version: &amp;apos;10.0&amp;apos;, java.version: &amp;apos;1.8.0_144&amp;apos;
Driver info: io.appium.java_client.android.AndroidDriver">
      <![CDATA[org.openqa.selenium.WebDriverException: An unknown server-side error occurred while processing the command. Original error: Could not find a connected Android device. (WARNING: The server did not provide any stacktrace information)
Command duration or timeout: 28.78 seconds
Build info: version: '2.53.1', revision: 'a36b8b1cd5757287168e54b817830adce9b0158d', time: '2016-06-30 19:26:09'
System info: host: 'ChethanBidare-pc', ip: '172.16.18.229', os.name: 'Windows 10', os.arch: 'amd64', os.version: '10.0', java.version: '1.8.0_144'
Driver info: io.appium.java_client.android.AndroidDriver
	at org.openqa.selenium.remote.ErrorHandler.createThrowable(ErrorHandler.java:206)
	at org.openqa.selenium.remote.ErrorHandler.throwIfResponseFailed(ErrorHandler.java:158)
	at org.openqa.selenium.remote.RemoteWebDriver.execute(RemoteWebDriver.java:678)
	at io.appium.java_client.DefaultGenericMobileDriver.execute(DefaultGenericMobileDriver.java:42)
	at io.appium.java_client.AppiumDriver.execute(AppiumDriver.java:1)
	at io.appium.java_client.android.AndroidDriver.execute(AndroidDriver.java:1)
	at org.openqa.selenium.remote.RemoteWebDriver.startSession(RemoteWebDriver.java:249)
	at org.openqa.selenium.remote.RemoteWebDriver.<init>(RemoteWebDriver.java:131)
	at org.openqa.selenium.remote.RemoteWebDriver.<init>(RemoteWebDriver.java:144)
	at io.appium.java_client.DefaultGenericMobileDriver.<init>(DefaultGenericMobileDriver.java:37)
	at io.appium.java_client.AppiumDriver.<init>(AppiumDriver.java:161)
	at io.appium.java_client.AppiumDriver.<init>(AppiumDriver.java:170)
	at io.appium.java_client.android.AndroidDriver.<init>(AndroidDriver.java:82)
	at c2info_ElMob.TestBase.TestBase.DeviceCapabilities(TestBase.java:44)
	at c2info_ElMob.TestBase.TestBase.init(TestBase.java:32)
	at c2info_ElMob.SalesReturnTC.TC_005_VerifyDiscountForSingleItem.openAPP(TC_005_VerifyDiscountForSingleItem.java:20)
... Removed 29 stack frames]]>
    </failure>
  </testcase> <!-- @BeforeClass openAPP -->
  <testcase name="@BeforeClass openAPP" time="28.785" classname="c2info_ElMob.SalesReturnTC.TC_006_VerifyDiscountForMultipleItems">
    <failure type="org.openqa.selenium.WebDriverException" message="An unknown server-side error occurred while processing the command. Original error: Could not find a connected Android device. (WARNING: The server did not provide any stacktrace information)
Command duration or timeout: 28.78 seconds
Build info: version: &amp;apos;2.53.1&amp;apos;, revision: &amp;apos;a36b8b1cd5757287168e54b817830adce9b0158d&amp;apos;, time: &amp;apos;2016-06-30 19:26:09&amp;apos;
System info: host: &amp;apos;ChethanBidare-pc&amp;apos;, ip: &amp;apos;172.16.18.229&amp;apos;, os.name: &amp;apos;Windows 10&amp;apos;, os.arch: &amp;apos;amd64&amp;apos;, os.version: &amp;apos;10.0&amp;apos;, java.version: &amp;apos;1.8.0_144&amp;apos;
Driver info: io.appium.java_client.android.AndroidDriver">
      <![CDATA[org.openqa.selenium.WebDriverException: An unknown server-side error occurred while processing the command. Original error: Could not find a connected Android device. (WARNING: The server did not provide any stacktrace information)
Command duration or timeout: 28.78 seconds
Build info: version: '2.53.1', revision: 'a36b8b1cd5757287168e54b817830adce9b0158d', time: '2016-06-30 19:26:09'
System info: host: 'ChethanBidare-pc', ip: '172.16.18.229', os.name: 'Windows 10', os.arch: 'amd64', os.version: '10.0', java.version: '1.8.0_144'
Driver info: io.appium.java_client.android.AndroidDriver
	at org.openqa.selenium.remote.ErrorHandler.createThrowable(ErrorHandler.java:206)
	at org.openqa.selenium.remote.ErrorHandler.throwIfResponseFailed(ErrorHandler.java:158)
	at org.openqa.selenium.remote.RemoteWebDriver.execute(RemoteWebDriver.java:678)
	at io.appium.java_client.DefaultGenericMobileDriver.execute(DefaultGenericMobileDriver.java:42)
	at io.appium.java_client.AppiumDriver.execute(AppiumDriver.java:1)
	at io.appium.java_client.android.AndroidDriver.execute(AndroidDriver.java:1)
	at org.openqa.selenium.remote.RemoteWebDriver.startSession(RemoteWebDriver.java:249)
	at org.openqa.selenium.remote.RemoteWebDriver.<init>(RemoteWebDriver.java:131)
	at org.openqa.selenium.remote.RemoteWebDriver.<init>(RemoteWebDriver.java:144)
	at io.appium.java_client.DefaultGenericMobileDriver.<init>(DefaultGenericMobileDriver.java:37)
	at io.appium.java_client.AppiumDriver.<init>(AppiumDriver.java:161)
	at io.appium.java_client.AppiumDriver.<init>(AppiumDriver.java:170)
	at io.appium.java_client.android.AndroidDriver.<init>(AndroidDriver.java:82)
	at c2info_ElMob.TestBase.TestBase.DeviceCapabilities(TestBase.java:44)
	at c2info_ElMob.TestBase.TestBase.init(TestBase.java:32)
	at c2info_ElMob.SalesReturnTC.TC_006_VerifyDiscountForMultipleItems.openAPP(TC_006_VerifyDiscountForMultipleItems.java:21)
... Removed 29 stack frames]]>
    </failure>
  </testcase> <!-- @BeforeClass openAPP -->
  <testcase name="@BeforeClass openAPP" time="8.156" classname="c2info_ElMob.SalesReturnTC.TC_023_VerifyParkedInvoiceItemsLoadedToSalescart">
    <failure type="org.openqa.selenium.WebDriverException" message="An unknown server-side error occurred while processing the command. Original error: Error occured while starting AndroidBootstrap. Original error: Error: Error executing adbExec. Original error: &amp;apos;Command &amp;apos;C\:\\Users\\User1\\AppData\\Local\\Android\\Sdk\\platform-tools\\adb.exe -P 5037 -s IVWCWKRCUSZST85D push C\:\\Users\\User1\\AppData\\Local\\Programs\\appium-desktop\\resources\\app\\node_modules\\appium\\node_modules\\appium-android-bootstrap\\bootstrap\\bin\\AppiumBootstrap.jar /data/local/tmp/&amp;apos; exited with code 1&amp;apos;; Stderr: &amp;apos;&amp;apos;; Code: &amp;apos;1&amp;apos; (WARNING: The server did not provide any stacktrace information)
Command duration or timeout: 8.16 seconds
Build info: version: &amp;apos;2.53.1&amp;apos;, revision: &amp;apos;a36b8b1cd5757287168e54b817830adce9b0158d&amp;apos;, time: &amp;apos;2016-06-30 19:26:09&amp;apos;
System info: host: &amp;apos;ChethanBidare-pc&amp;apos;, ip: &amp;apos;172.16.18.229&amp;apos;, os.name: &amp;apos;Windows 10&amp;apos;, os.arch: &amp;apos;amd64&amp;apos;, os.version: &amp;apos;10.0&amp;apos;, java.version: &amp;apos;1.8.0_144&amp;apos;
Driver info: io.appium.java_client.android.AndroidDriver">
      <![CDATA[org.openqa.selenium.WebDriverException: An unknown server-side error occurred while processing the command. Original error: Error occured while starting AndroidBootstrap. Original error: Error: Error executing adbExec. Original error: 'Command 'C\:\\Users\\User1\\AppData\\Local\\Android\\Sdk\\platform-tools\\adb.exe -P 5037 -s IVWCWKRCUSZST85D push C\:\\Users\\User1\\AppData\\Local\\Programs\\appium-desktop\\resources\\app\\node_modules\\appium\\node_modules\\appium-android-bootstrap\\bootstrap\\bin\\AppiumBootstrap.jar /data/local/tmp/' exited with code 1'; Stderr: ''; Code: '1' (WARNING: The server did not provide any stacktrace information)
Command duration or timeout: 8.16 seconds
Build info: version: '2.53.1', revision: 'a36b8b1cd5757287168e54b817830adce9b0158d', time: '2016-06-30 19:26:09'
System info: host: 'ChethanBidare-pc', ip: '172.16.18.229', os.name: 'Windows 10', os.arch: 'amd64', os.version: '10.0', java.version: '1.8.0_144'
Driver info: io.appium.java_client.android.AndroidDriver
	at org.openqa.selenium.remote.ErrorHandler.createThrowable(ErrorHandler.java:206)
	at org.openqa.selenium.remote.ErrorHandler.throwIfResponseFailed(ErrorHandler.java:158)
	at org.openqa.selenium.remote.RemoteWebDriver.execute(RemoteWebDriver.java:678)
	at io.appium.java_client.DefaultGenericMobileDriver.execute(DefaultGenericMobileDriver.java:42)
	at io.appium.java_client.AppiumDriver.execute(AppiumDriver.java:1)
	at io.appium.java_client.android.AndroidDriver.execute(AndroidDriver.java:1)
	at org.openqa.selenium.remote.RemoteWebDriver.startSession(RemoteWebDriver.java:249)
	at org.openqa.selenium.remote.RemoteWebDriver.<init>(RemoteWebDriver.java:131)
	at org.openqa.selenium.remote.RemoteWebDriver.<init>(RemoteWebDriver.java:144)
	at io.appium.java_client.DefaultGenericMobileDriver.<init>(DefaultGenericMobileDriver.java:37)
	at io.appium.java_client.AppiumDriver.<init>(AppiumDriver.java:161)
	at io.appium.java_client.AppiumDriver.<init>(AppiumDriver.java:170)
	at io.appium.java_client.android.AndroidDriver.<init>(AndroidDriver.java:82)
	at c2info_ElMob.TestBase.TestBase.DeviceCapabilities(TestBase.java:44)
	at c2info_ElMob.TestBase.TestBase.init(TestBase.java:32)
	at c2info_ElMob.SalesReturnTC.TC_023_VerifyParkedInvoiceItemsLoadedToSalescart.openAPP(TC_023_VerifyParkedInvoiceItemsLoadedToSalescart.java:22)
... Removed 29 stack frames]]>
    </failure>
  </testcase> <!-- @BeforeClass openAPP -->
  <testcase name="@BeforeClass openAPP" time="30.244" classname="c2info_ElMob.SalesReturnTC.TC_024_VerifyParkedInvoiceByChangingCustomer">
    <failure type="org.openqa.selenium.WebDriverException" message="An unknown server-side error occurred while processing the command. Original error: Could not find a connected Android device. (WARNING: The server did not provide any stacktrace information)
Command duration or timeout: 30.24 seconds
Build info: version: &amp;apos;2.53.1&amp;apos;, revision: &amp;apos;a36b8b1cd5757287168e54b817830adce9b0158d&amp;apos;, time: &amp;apos;2016-06-30 19:26:09&amp;apos;
System info: host: &amp;apos;ChethanBidare-pc&amp;apos;, ip: &amp;apos;172.16.18.229&amp;apos;, os.name: &amp;apos;Windows 10&amp;apos;, os.arch: &amp;apos;amd64&amp;apos;, os.version: &amp;apos;10.0&amp;apos;, java.version: &amp;apos;1.8.0_144&amp;apos;
Driver info: io.appium.java_client.android.AndroidDriver">
      <![CDATA[org.openqa.selenium.WebDriverException: An unknown server-side error occurred while processing the command. Original error: Could not find a connected Android device. (WARNING: The server did not provide any stacktrace information)
Command duration or timeout: 30.24 seconds
Build info: version: '2.53.1', revision: 'a36b8b1cd5757287168e54b817830adce9b0158d', time: '2016-06-30 19:26:09'
System info: host: 'ChethanBidare-pc', ip: '172.16.18.229', os.name: 'Windows 10', os.arch: 'amd64', os.version: '10.0', java.version: '1.8.0_144'
Driver info: io.appium.java_client.android.AndroidDriver
	at org.openqa.selenium.remote.ErrorHandler.createThrowable(ErrorHandler.java:206)
	at org.openqa.selenium.remote.ErrorHandler.throwIfResponseFailed(ErrorHandler.java:158)
	at org.openqa.selenium.remote.RemoteWebDriver.execute(RemoteWebDriver.java:678)
	at io.appium.java_client.DefaultGenericMobileDriver.execute(DefaultGenericMobileDriver.java:42)
	at io.appium.java_client.AppiumDriver.execute(AppiumDriver.java:1)
	at io.appium.java_client.android.AndroidDriver.execute(AndroidDriver.java:1)
	at org.openqa.selenium.remote.RemoteWebDriver.startSession(RemoteWebDriver.java:249)
	at org.openqa.selenium.remote.RemoteWebDriver.<init>(RemoteWebDriver.java:131)
	at org.openqa.selenium.remote.RemoteWebDriver.<init>(RemoteWebDriver.java:144)
	at io.appium.java_client.DefaultGenericMobileDriver.<init>(DefaultGenericMobileDriver.java:37)
	at io.appium.java_client.AppiumDriver.<init>(AppiumDriver.java:161)
	at io.appium.java_client.AppiumDriver.<init>(AppiumDriver.java:170)
	at io.appium.java_client.android.AndroidDriver.<init>(AndroidDriver.java:82)
	at c2info_ElMob.TestBase.TestBase.DeviceCapabilities(TestBase.java:44)
	at c2info_ElMob.TestBase.TestBase.init(TestBase.java:32)
	at c2info_ElMob.SalesReturnTC.TC_024_VerifyParkedInvoiceByChangingCustomer.openAPP(TC_024_VerifyParkedInvoiceByChangingCustomer.java:22)
... Removed 29 stack frames]]>
    </failure>
  </testcase> <!-- @BeforeClass openAPP -->
  <testcase name="@BeforeClass openAPP" time="28.631" classname="c2info_ElMob.SalesReturnTC.TC_025_VerifyParkedInvoiceDeletion">
    <failure type="org.openqa.selenium.WebDriverException" message="An unknown server-side error occurred while processing the command. Original error: Could not find a connected Android device. (WARNING: The server did not provide any stacktrace information)
Command duration or timeout: 28.63 seconds
Build info: version: &amp;apos;2.53.1&amp;apos;, revision: &amp;apos;a36b8b1cd5757287168e54b817830adce9b0158d&amp;apos;, time: &amp;apos;2016-06-30 19:26:09&amp;apos;
System info: host: &amp;apos;ChethanBidare-pc&amp;apos;, ip: &amp;apos;172.16.18.229&amp;apos;, os.name: &amp;apos;Windows 10&amp;apos;, os.arch: &amp;apos;amd64&amp;apos;, os.version: &amp;apos;10.0&amp;apos;, java.version: &amp;apos;1.8.0_144&amp;apos;
Driver info: io.appium.java_client.android.AndroidDriver">
      <![CDATA[org.openqa.selenium.WebDriverException: An unknown server-side error occurred while processing the command. Original error: Could not find a connected Android device. (WARNING: The server did not provide any stacktrace information)
Command duration or timeout: 28.63 seconds
Build info: version: '2.53.1', revision: 'a36b8b1cd5757287168e54b817830adce9b0158d', time: '2016-06-30 19:26:09'
System info: host: 'ChethanBidare-pc', ip: '172.16.18.229', os.name: 'Windows 10', os.arch: 'amd64', os.version: '10.0', java.version: '1.8.0_144'
Driver info: io.appium.java_client.android.AndroidDriver
	at org.openqa.selenium.remote.ErrorHandler.createThrowable(ErrorHandler.java:206)
	at org.openqa.selenium.remote.ErrorHandler.throwIfResponseFailed(ErrorHandler.java:158)
	at org.openqa.selenium.remote.RemoteWebDriver.execute(RemoteWebDriver.java:678)
	at io.appium.java_client.DefaultGenericMobileDriver.execute(DefaultGenericMobileDriver.java:42)
	at io.appium.java_client.AppiumDriver.execute(AppiumDriver.java:1)
	at io.appium.java_client.android.AndroidDriver.execute(AndroidDriver.java:1)
	at org.openqa.selenium.remote.RemoteWebDriver.startSession(RemoteWebDriver.java:249)
	at org.openqa.selenium.remote.RemoteWebDriver.<init>(RemoteWebDriver.java:131)
	at org.openqa.selenium.remote.RemoteWebDriver.<init>(RemoteWebDriver.java:144)
	at io.appium.java_client.DefaultGenericMobileDriver.<init>(DefaultGenericMobileDriver.java:37)
	at io.appium.java_client.AppiumDriver.<init>(AppiumDriver.java:161)
	at io.appium.java_client.AppiumDriver.<init>(AppiumDriver.java:170)
	at io.appium.java_client.android.AndroidDriver.<init>(AndroidDriver.java:82)
	at c2info_ElMob.TestBase.TestBase.DeviceCapabilities(TestBase.java:44)
	at c2info_ElMob.TestBase.TestBase.init(TestBase.java:32)
	at c2info_ElMob.SalesReturnTC.TC_025_VerifyParkedInvoiceDeletion.openAPP(TC_025_VerifyParkedInvoiceDeletion.java:20)
... Removed 29 stack frames]]>
    </failure>
  </testcase> <!-- @BeforeClass openAPP -->
  <testcase name="@BeforeClass openAPP" time="28.73" classname="c2info_ElMob.SalesReturnTC.TC_026_VerifyParkedInvoiceByDeletingItems">
    <failure type="org.openqa.selenium.WebDriverException" message="An unknown server-side error occurred while processing the command. Original error: Could not find a connected Android device. (WARNING: The server did not provide any stacktrace information)
Command duration or timeout: 28.73 seconds
Build info: version: &amp;apos;2.53.1&amp;apos;, revision: &amp;apos;a36b8b1cd5757287168e54b817830adce9b0158d&amp;apos;, time: &amp;apos;2016-06-30 19:26:09&amp;apos;
System info: host: &amp;apos;ChethanBidare-pc&amp;apos;, ip: &amp;apos;172.16.18.229&amp;apos;, os.name: &amp;apos;Windows 10&amp;apos;, os.arch: &amp;apos;amd64&amp;apos;, os.version: &amp;apos;10.0&amp;apos;, java.version: &amp;apos;1.8.0_144&amp;apos;
Driver info: io.appium.java_client.android.AndroidDriver">
      <![CDATA[org.openqa.selenium.WebDriverException: An unknown server-side error occurred while processing the command. Original error: Could not find a connected Android device. (WARNING: The server did not provide any stacktrace information)
Command duration or timeout: 28.73 seconds
Build info: version: '2.53.1', revision: 'a36b8b1cd5757287168e54b817830adce9b0158d', time: '2016-06-30 19:26:09'
System info: host: 'ChethanBidare-pc', ip: '172.16.18.229', os.name: 'Windows 10', os.arch: 'amd64', os.version: '10.0', java.version: '1.8.0_144'
Driver info: io.appium.java_client.android.AndroidDriver
	at org.openqa.selenium.remote.ErrorHandler.createThrowable(ErrorHandler.java:206)
	at org.openqa.selenium.remote.ErrorHandler.throwIfResponseFailed(ErrorHandler.java:158)
	at org.openqa.selenium.remote.RemoteWebDriver.execute(RemoteWebDriver.java:678)
	at io.appium.java_client.DefaultGenericMobileDriver.execute(DefaultGenericMobileDriver.java:42)
	at io.appium.java_client.AppiumDriver.execute(AppiumDriver.java:1)
	at io.appium.java_client.android.AndroidDriver.execute(AndroidDriver.java:1)
	at org.openqa.selenium.remote.RemoteWebDriver.startSession(RemoteWebDriver.java:249)
	at org.openqa.selenium.remote.RemoteWebDriver.<init>(RemoteWebDriver.java:131)
	at org.openqa.selenium.remote.RemoteWebDriver.<init>(RemoteWebDriver.java:144)
	at io.appium.java_client.DefaultGenericMobileDriver.<init>(DefaultGenericMobileDriver.java:37)
	at io.appium.java_client.AppiumDriver.<init>(AppiumDriver.java:161)
	at io.appium.java_client.AppiumDriver.<init>(AppiumDriver.java:170)
	at io.appium.java_client.android.AndroidDriver.<init>(AndroidDriver.java:82)
	at c2info_ElMob.TestBase.TestBase.DeviceCapabilities(TestBase.java:44)
	at c2info_ElMob.TestBase.TestBase.init(TestBase.java:32)
	at c2info_ElMob.SalesReturnTC.TC_026_VerifyParkedInvoiceByDeletingItems.openAPP(TC_026_VerifyParkedInvoiceByDeletingItems.java:21)
... Removed 29 stack frames]]>
    </failure>
  </testcase> <!-- @BeforeClass openAPP -->
  <testcase name="@BeforeClass openAPP" time="28.642" classname="c2info_ElMob.SalesReturnTC.TC_027_VerifyParkedInvoiceByAddingItems">
    <failure type="org.openqa.selenium.WebDriverException" message="An unknown server-side error occurred while processing the command. Original error: Could not find a connected Android device. (WARNING: The server did not provide any stacktrace information)
Command duration or timeout: 28.64 seconds
Build info: version: &amp;apos;2.53.1&amp;apos;, revision: &amp;apos;a36b8b1cd5757287168e54b817830adce9b0158d&amp;apos;, time: &amp;apos;2016-06-30 19:26:09&amp;apos;
System info: host: &amp;apos;ChethanBidare-pc&amp;apos;, ip: &amp;apos;172.16.18.229&amp;apos;, os.name: &amp;apos;Windows 10&amp;apos;, os.arch: &amp;apos;amd64&amp;apos;, os.version: &amp;apos;10.0&amp;apos;, java.version: &amp;apos;1.8.0_144&amp;apos;
Driver info: io.appium.java_client.android.AndroidDriver">
      <![CDATA[org.openqa.selenium.WebDriverException: An unknown server-side error occurred while processing the command. Original error: Could not find a connected Android device. (WARNING: The server did not provide any stacktrace information)
Command duration or timeout: 28.64 seconds
Build info: version: '2.53.1', revision: 'a36b8b1cd5757287168e54b817830adce9b0158d', time: '2016-06-30 19:26:09'
System info: host: 'ChethanBidare-pc', ip: '172.16.18.229', os.name: 'Windows 10', os.arch: 'amd64', os.version: '10.0', java.version: '1.8.0_144'
Driver info: io.appium.java_client.android.AndroidDriver
	at org.openqa.selenium.remote.ErrorHandler.createThrowable(ErrorHandler.java:206)
	at org.openqa.selenium.remote.ErrorHandler.throwIfResponseFailed(ErrorHandler.java:158)
	at org.openqa.selenium.remote.RemoteWebDriver.execute(RemoteWebDriver.java:678)
	at io.appium.java_client.DefaultGenericMobileDriver.execute(DefaultGenericMobileDriver.java:42)
	at io.appium.java_client.AppiumDriver.execute(AppiumDriver.java:1)
	at io.appium.java_client.android.AndroidDriver.execute(AndroidDriver.java:1)
	at org.openqa.selenium.remote.RemoteWebDriver.startSession(RemoteWebDriver.java:249)
	at org.openqa.selenium.remote.RemoteWebDriver.<init>(RemoteWebDriver.java:131)
	at org.openqa.selenium.remote.RemoteWebDriver.<init>(RemoteWebDriver.java:144)
	at io.appium.java_client.DefaultGenericMobileDriver.<init>(DefaultGenericMobileDriver.java:37)
	at io.appium.java_client.AppiumDriver.<init>(AppiumDriver.java:161)
	at io.appium.java_client.AppiumDriver.<init>(AppiumDriver.java:170)
	at io.appium.java_client.android.AndroidDriver.<init>(AndroidDriver.java:82)
	at c2info_ElMob.TestBase.TestBase.DeviceCapabilities(TestBase.java:44)
	at c2info_ElMob.TestBase.TestBase.init(TestBase.java:32)
	at c2info_ElMob.SalesReturnTC.TC_027_VerifyParkedInvoiceByAddingItems.openAPP(TC_027_VerifyParkedInvoiceByAddingItems.java:21)
... Removed 29 stack frames]]>
    </failure>
  </testcase> <!-- @BeforeClass openAPP -->
  <testcase name="@BeforeClass openAPP" time="28.496" classname="c2info_ElMob.SalesReturnTC.TC_029_VerifyAddBatchFunctionality">
    <failure type="org.openqa.selenium.WebDriverException" message="An unknown server-side error occurred while processing the command. Original error: Could not find a connected Android device. (WARNING: The server did not provide any stacktrace information)
Command duration or timeout: 28.50 seconds
Build info: version: &amp;apos;2.53.1&amp;apos;, revision: &amp;apos;a36b8b1cd5757287168e54b817830adce9b0158d&amp;apos;, time: &amp;apos;2016-06-30 19:26:09&amp;apos;
System info: host: &amp;apos;ChethanBidare-pc&amp;apos;, ip: &amp;apos;172.16.18.229&amp;apos;, os.name: &amp;apos;Windows 10&amp;apos;, os.arch: &amp;apos;amd64&amp;apos;, os.version: &amp;apos;10.0&amp;apos;, java.version: &amp;apos;1.8.0_144&amp;apos;
Driver info: io.appium.java_client.android.AndroidDriver">
      <![CDATA[org.openqa.selenium.WebDriverException: An unknown server-side error occurred while processing the command. Original error: Could not find a connected Android device. (WARNING: The server did not provide any stacktrace information)
Command duration or timeout: 28.50 seconds
Build info: version: '2.53.1', revision: 'a36b8b1cd5757287168e54b817830adce9b0158d', time: '2016-06-30 19:26:09'
System info: host: 'ChethanBidare-pc', ip: '172.16.18.229', os.name: 'Windows 10', os.arch: 'amd64', os.version: '10.0', java.version: '1.8.0_144'
Driver info: io.appium.java_client.android.AndroidDriver
	at org.openqa.selenium.remote.ErrorHandler.createThrowable(ErrorHandler.java:206)
	at org.openqa.selenium.remote.ErrorHandler.throwIfResponseFailed(ErrorHandler.java:158)
	at org.openqa.selenium.remote.RemoteWebDriver.execute(RemoteWebDriver.java:678)
	at io.appium.java_client.DefaultGenericMobileDriver.execute(DefaultGenericMobileDriver.java:42)
	at io.appium.java_client.AppiumDriver.execute(AppiumDriver.java:1)
	at io.appium.java_client.android.AndroidDriver.execute(AndroidDriver.java:1)
	at org.openqa.selenium.remote.RemoteWebDriver.startSession(RemoteWebDriver.java:249)
	at org.openqa.selenium.remote.RemoteWebDriver.<init>(RemoteWebDriver.java:131)
	at org.openqa.selenium.remote.RemoteWebDriver.<init>(RemoteWebDriver.java:144)
	at io.appium.java_client.DefaultGenericMobileDriver.<init>(DefaultGenericMobileDriver.java:37)
	at io.appium.java_client.AppiumDriver.<init>(AppiumDriver.java:161)
	at io.appium.java_client.AppiumDriver.<init>(AppiumDriver.java:170)
	at io.appium.java_client.android.AndroidDriver.<init>(AndroidDriver.java:82)
	at c2info_ElMob.TestBase.TestBase.DeviceCapabilities(TestBase.java:44)
	at c2info_ElMob.TestBase.TestBase.init(TestBase.java:32)
	at c2info_ElMob.SalesReturnTC.TC_029_VerifyAddBatchFunctionality.openAPP(TC_029_VerifyAddBatchFunctionality.java:21)
... Removed 29 stack frames]]>
    </failure>
  </testcase> <!-- @BeforeClass openAPP -->
  <testcase name="@BeforeClass openAPP" time="28.638" classname="c2info_ElMob.SalesReturnTC.TC_030_VerifyQtyChangeOnUpdate">
    <failure type="org.openqa.selenium.WebDriverException" message="An unknown server-side error occurred while processing the command. Original error: Could not find a connected Android device. (WARNING: The server did not provide any stacktrace information)
Command duration or timeout: 28.64 seconds
Build info: version: &amp;apos;2.53.1&amp;apos;, revision: &amp;apos;a36b8b1cd5757287168e54b817830adce9b0158d&amp;apos;, time: &amp;apos;2016-06-30 19:26:09&amp;apos;
System info: host: &amp;apos;ChethanBidare-pc&amp;apos;, ip: &amp;apos;172.16.18.229&amp;apos;, os.name: &amp;apos;Windows 10&amp;apos;, os.arch: &amp;apos;amd64&amp;apos;, os.version: &amp;apos;10.0&amp;apos;, java.version: &amp;apos;1.8.0_144&amp;apos;
Driver info: io.appium.java_client.android.AndroidDriver">
      <![CDATA[org.openqa.selenium.WebDriverException: An unknown server-side error occurred while processing the command. Original error: Could not find a connected Android device. (WARNING: The server did not provide any stacktrace information)
Command duration or timeout: 28.64 seconds
Build info: version: '2.53.1', revision: 'a36b8b1cd5757287168e54b817830adce9b0158d', time: '2016-06-30 19:26:09'
System info: host: 'ChethanBidare-pc', ip: '172.16.18.229', os.name: 'Windows 10', os.arch: 'amd64', os.version: '10.0', java.version: '1.8.0_144'
Driver info: io.appium.java_client.android.AndroidDriver
	at org.openqa.selenium.remote.ErrorHandler.createThrowable(ErrorHandler.java:206)
	at org.openqa.selenium.remote.ErrorHandler.throwIfResponseFailed(ErrorHandler.java:158)
	at org.openqa.selenium.remote.RemoteWebDriver.execute(RemoteWebDriver.java:678)
	at io.appium.java_client.DefaultGenericMobileDriver.execute(DefaultGenericMobileDriver.java:42)
	at io.appium.java_client.AppiumDriver.execute(AppiumDriver.java:1)
	at io.appium.java_client.android.AndroidDriver.execute(AndroidDriver.java:1)
	at org.openqa.selenium.remote.RemoteWebDriver.startSession(RemoteWebDriver.java:249)
	at org.openqa.selenium.remote.RemoteWebDriver.<init>(RemoteWebDriver.java:131)
	at org.openqa.selenium.remote.RemoteWebDriver.<init>(RemoteWebDriver.java:144)
	at io.appium.java_client.DefaultGenericMobileDriver.<init>(DefaultGenericMobileDriver.java:37)
	at io.appium.java_client.AppiumDriver.<init>(AppiumDriver.java:161)
	at io.appium.java_client.AppiumDriver.<init>(AppiumDriver.java:170)
	at io.appium.java_client.android.AndroidDriver.<init>(AndroidDriver.java:82)
	at c2info_ElMob.TestBase.TestBase.DeviceCapabilities(TestBase.java:44)
	at c2info_ElMob.TestBase.TestBase.init(TestBase.java:32)
	at c2info_ElMob.SalesReturnTC.TC_030_VerifyQtyChangeOnUpdate.openAPP(TC_030_VerifyQtyChangeOnUpdate.java:19)
... Removed 29 stack frames]]>
    </failure>
  </testcase> <!-- @BeforeClass openAPP -->
  <testcase name="@BeforeClass openAPP" time="28.766" classname="c2info_ElMob.SalesReturnTC.TC_001_VerifyStockAfterSaleReturn">
    <failure type="org.openqa.selenium.WebDriverException" message="An unknown server-side error occurred while processing the command. Original error: Could not find a connected Android device. (WARNING: The server did not provide any stacktrace information)
Command duration or timeout: 28.77 seconds
Build info: version: &amp;apos;2.53.1&amp;apos;, revision: &amp;apos;a36b8b1cd5757287168e54b817830adce9b0158d&amp;apos;, time: &amp;apos;2016-06-30 19:26:09&amp;apos;
System info: host: &amp;apos;ChethanBidare-pc&amp;apos;, ip: &amp;apos;172.16.18.229&amp;apos;, os.name: &amp;apos;Windows 10&amp;apos;, os.arch: &amp;apos;amd64&amp;apos;, os.version: &amp;apos;10.0&amp;apos;, java.version: &amp;apos;1.8.0_144&amp;apos;
Driver info: io.appium.java_client.android.AndroidDriver">
      <![CDATA[org.openqa.selenium.WebDriverException: An unknown server-side error occurred while processing the command. Original error: Could not find a connected Android device. (WARNING: The server did not provide any stacktrace information)
Command duration or timeout: 28.77 seconds
Build info: version: '2.53.1', revision: 'a36b8b1cd5757287168e54b817830adce9b0158d', time: '2016-06-30 19:26:09'
System info: host: 'ChethanBidare-pc', ip: '172.16.18.229', os.name: 'Windows 10', os.arch: 'amd64', os.version: '10.0', java.version: '1.8.0_144'
Driver info: io.appium.java_client.android.AndroidDriver
	at org.openqa.selenium.remote.ErrorHandler.createThrowable(ErrorHandler.java:206)
	at org.openqa.selenium.remote.ErrorHandler.throwIfResponseFailed(ErrorHandler.java:158)
	at org.openqa.selenium.remote.RemoteWebDriver.execute(RemoteWebDriver.java:678)
	at io.appium.java_client.DefaultGenericMobileDriver.execute(DefaultGenericMobileDriver.java:42)
	at io.appium.java_client.AppiumDriver.execute(AppiumDriver.java:1)
	at io.appium.java_client.android.AndroidDriver.execute(AndroidDriver.java:1)
	at org.openqa.selenium.remote.RemoteWebDriver.startSession(RemoteWebDriver.java:249)
	at org.openqa.selenium.remote.RemoteWebDriver.<init>(RemoteWebDriver.java:131)
	at org.openqa.selenium.remote.RemoteWebDriver.<init>(RemoteWebDriver.java:144)
	at io.appium.java_client.DefaultGenericMobileDriver.<init>(DefaultGenericMobileDriver.java:37)
	at io.appium.java_client.AppiumDriver.<init>(AppiumDriver.java:161)
	at io.appium.java_client.AppiumDriver.<init>(AppiumDriver.java:170)
	at io.appium.java_client.android.AndroidDriver.<init>(AndroidDriver.java:82)
	at c2info_ElMob.TestBase.TestBase.DeviceCapabilities(TestBase.java:44)
	at c2info_ElMob.TestBase.TestBase.init(TestBase.java:32)
	at c2info_ElMob.SalesReturnTC.TC_001_VerifyStockAfterSaleReturn.openAPP(TC_001_VerifyStockAfterSaleReturn.java:21)
... Removed 29 stack frames]]>
    </failure>
  </testcase> <!-- @BeforeClass openAPP -->
  <testcase name="verifyHighestMrp" time="0.001" classname="c2info_ElMob.SalesReturnTC.TC_002_VerifyHighestMrpIsDisplayed">
    <skipped/>
  </testcase> <!-- verifyHighestMrp -->
  <testcase name="verifyStock" time="0.0" classname="c2info_ElMob.SalesReturnTC.TC_003_verifyStockInItemListPage">
    <skipped/>
  </testcase> <!-- verifyStock -->
  <testcase name="verifyStock" time="0.0" classname="c2info_ElMob.SalesReturnTC.TC_004_VerifyStockAfterAddingToCart">
    <skipped/>
  </testcase> <!-- verifyStock -->
  <testcase name="verifySingleItemDisc" time="0.0" classname="c2info_ElMob.SalesReturnTC.TC_005_VerifyDiscountForSingleItem">
    <skipped/>
  </testcase> <!-- verifySingleItemDisc -->
  <testcase name="verifyMultipleItemDiscInCartPage" time="0.0" classname="c2info_ElMob.SalesReturnTC.TC_006_VerifyDiscountForMultipleItems">
    <skipped/>
  </testcase> <!-- verifyMultipleItemDiscInCartPage -->
  <testcase name="verifyCustomerWiseDisc" time="38.837" classname="c2info_ElMob.SalesReturnTC.TC_007_VerifyCustomerWiseDiscount">
    <failure type="org.openqa.selenium.NoSuchElementException" message="An element could not be located on the page using the given search parameters. (WARNING: The server did not provide any stacktrace information)
Command duration or timeout: 11.27 seconds
For documentation on this error, please visit: http://seleniumhq.org/exceptions/no_such_element.html
Build info: version: &amp;apos;2.53.1&amp;apos;, revision: &amp;apos;a36b8b1cd5757287168e54b817830adce9b0158d&amp;apos;, time: &amp;apos;2016-06-30 19:26:09&amp;apos;
System info: host: &amp;apos;ChethanBidare-pc&amp;apos;, ip: &amp;apos;172.16.18.229&amp;apos;, os.name: &amp;apos;Windows 10&amp;apos;, os.arch: &amp;apos;amd64&amp;apos;, os.version: &amp;apos;10.0&amp;apos;, java.version: &amp;apos;1.8.0_144&amp;apos;
Driver info: io.appium.java_client.android.AndroidDriver
Capabilities [{appPackage=com.c2info.ecolite, deviceScreenSize=720x1280, networkConnectionEnabled=true, warnings={}, databaseEnabled=false, version=5.1, deviceName=IVWCWKRCUSZST85D, platform=LINUX, deviceUDID=IVWCWKRCUSZST85D, appActivity=com.c2info.ecolite.ui.activity.SplashScreenActivity, desired={appPackage=com.c2info.ecolite, appActivity=com.c2info.ecolite.ui.activity.SplashScreenActivity, browserName=ANDROID, platformName=Android, version=5.1, deviceName=ZX1D64CPT2}, platformVersion=5.1, webStorageEnabled=false, locationContextEnabled=false, takesScreenshot=true, browserName=ANDROID, javascriptEnabled=true, deviceModel=LS-6001, platformName=Android, deviceManufacturer=LYF}]
Session ID: efc36d81-cdef-4d26-a3f7-8fd1f3061df2">
      <![CDATA[org.openqa.selenium.NoSuchElementException: An element could not be located on the page using the given search parameters. (WARNING: The server did not provide any stacktrace information)
Command duration or timeout: 11.27 seconds
For documentation on this error, please visit: http://seleniumhq.org/exceptions/no_such_element.html
Build info: version: '2.53.1', revision: 'a36b8b1cd5757287168e54b817830adce9b0158d', time: '2016-06-30 19:26:09'
System info: host: 'ChethanBidare-pc', ip: '172.16.18.229', os.name: 'Windows 10', os.arch: 'amd64', os.version: '10.0', java.version: '1.8.0_144'
Driver info: io.appium.java_client.android.AndroidDriver
Capabilities [{appPackage=com.c2info.ecolite, deviceScreenSize=720x1280, networkConnectionEnabled=true, warnings={}, databaseEnabled=false, version=5.1, deviceName=IVWCWKRCUSZST85D, platform=LINUX, deviceUDID=IVWCWKRCUSZST85D, appActivity=com.c2info.ecolite.ui.activity.SplashScreenActivity, desired={appPackage=com.c2info.ecolite, appActivity=com.c2info.ecolite.ui.activity.SplashScreenActivity, browserName=ANDROID, platformName=Android, version=5.1, deviceName=ZX1D64CPT2}, platformVersion=5.1, webStorageEnabled=false, locationContextEnabled=false, takesScreenshot=true, browserName=ANDROID, javascriptEnabled=true, deviceModel=LS-6001, platformName=Android, deviceManufacturer=LYF}]
Session ID: efc36d81-cdef-4d26-a3f7-8fd1f3061df2
	at org.openqa.selenium.remote.ErrorHandler.createThrowable(ErrorHandler.java:206)
	at org.openqa.selenium.remote.ErrorHandler.throwIfResponseFailed(ErrorHandler.java:158)
	at org.openqa.selenium.remote.RemoteWebDriver.execute(RemoteWebDriver.java:678)
	at io.appium.java_client.DefaultGenericMobileDriver.execute(DefaultGenericMobileDriver.java:42)
	at io.appium.java_client.AppiumDriver.execute(AppiumDriver.java:1)
	at io.appium.java_client.android.AndroidDriver.execute(AndroidDriver.java:1)
	at org.openqa.selenium.remote.RemoteWebElement.execute(RemoteWebElement.java:327)
	at io.appium.java_client.DefaultGenericMobileElement.execute(DefaultGenericMobileElement.java:44)
	at io.appium.java_client.MobileElement.execute(MobileElement.java:1)
	at io.appium.java_client.android.AndroidElement.execute(AndroidElement.java:1)
	at org.openqa.selenium.remote.RemoteWebElement.click(RemoteWebElement.java:85)
	at c2info_ElMob.UI_Actions.Sales.clickOnSearchedItem(Sales.java:174)
	at c2info_ElMob.SalesReturnTC.TC_007_VerifyCustomerWiseDiscount.verifyCustomerWiseDisc(TC_007_VerifyCustomerWiseDiscount.java:39)
... Removed 29 stack frames]]>
    </failure>
  </testcase> <!-- verifyCustomerWiseDisc -->
  <testcase name="verifyTaxforSingleItem" time="21.428" classname="c2info_ElMob.SalesReturnTC.TC_008_VerifyTaxCalculationItemWise">
    <failure type="org.openqa.selenium.NoSuchElementException" message="An element could not be located on the page using the given search parameters. (WARNING: The server did not provide any stacktrace information)
Command duration or timeout: 1.63 seconds
For documentation on this error, please visit: http://seleniumhq.org/exceptions/no_such_element.html
Build info: version: &amp;apos;2.53.1&amp;apos;, revision: &amp;apos;a36b8b1cd5757287168e54b817830adce9b0158d&amp;apos;, time: &amp;apos;2016-06-30 19:26:09&amp;apos;
System info: host: &amp;apos;ChethanBidare-pc&amp;apos;, ip: &amp;apos;172.16.18.229&amp;apos;, os.name: &amp;apos;Windows 10&amp;apos;, os.arch: &amp;apos;amd64&amp;apos;, os.version: &amp;apos;10.0&amp;apos;, java.version: &amp;apos;1.8.0_144&amp;apos;
Driver info: io.appium.java_client.android.AndroidDriver
Capabilities [{appPackage=com.c2info.ecolite, deviceScreenSize=720x1280, networkConnectionEnabled=true, warnings={}, databaseEnabled=false, version=5.1, deviceName=IVWCWKRCUSZST85D, platform=LINUX, deviceUDID=IVWCWKRCUSZST85D, appActivity=com.c2info.ecolite.ui.activity.SplashScreenActivity, desired={appPackage=com.c2info.ecolite, appActivity=com.c2info.ecolite.ui.activity.SplashScreenActivity, browserName=ANDROID, platformName=Android, version=5.1, deviceName=ZX1D64CPT2}, platformVersion=5.1, webStorageEnabled=false, locationContextEnabled=false, takesScreenshot=true, browserName=ANDROID, javascriptEnabled=true, deviceModel=LS-6001, platformName=Android, deviceManufacturer=LYF}]
Session ID: 5301371e-7285-4d41-81ec-80afb4868ffc
*** Element info: {Using=id, value=android:id/button2}">
      <![CDATA[org.openqa.selenium.NoSuchElementException: An element could not be located on the page using the given search parameters. (WARNING: The server did not provide any stacktrace information)
Command duration or timeout: 1.63 seconds
For documentation on this error, please visit: http://seleniumhq.org/exceptions/no_such_element.html
Build info: version: '2.53.1', revision: 'a36b8b1cd5757287168e54b817830adce9b0158d', time: '2016-06-30 19:26:09'
System info: host: 'ChethanBidare-pc', ip: '172.16.18.229', os.name: 'Windows 10', os.arch: 'amd64', os.version: '10.0', java.version: '1.8.0_144'
Driver info: io.appium.java_client.android.AndroidDriver
Capabilities [{appPackage=com.c2info.ecolite, deviceScreenSize=720x1280, networkConnectionEnabled=true, warnings={}, databaseEnabled=false, version=5.1, deviceName=IVWCWKRCUSZST85D, platform=LINUX, deviceUDID=IVWCWKRCUSZST85D, appActivity=com.c2info.ecolite.ui.activity.SplashScreenActivity, desired={appPackage=com.c2info.ecolite, appActivity=com.c2info.ecolite.ui.activity.SplashScreenActivity, browserName=ANDROID, platformName=Android, version=5.1, deviceName=ZX1D64CPT2}, platformVersion=5.1, webStorageEnabled=false, locationContextEnabled=false, takesScreenshot=true, browserName=ANDROID, javascriptEnabled=true, deviceModel=LS-6001, platformName=Android, deviceManufacturer=LYF}]
Session ID: 5301371e-7285-4d41-81ec-80afb4868ffc
*** Element info: {Using=id, value=android:id/button2}
	at org.openqa.selenium.remote.ErrorHandler.createThrowable(ErrorHandler.java:206)
	at org.openqa.selenium.remote.ErrorHandler.throwIfResponseFailed(ErrorHandler.java:158)
	at org.openqa.selenium.remote.RemoteWebDriver.execute(RemoteWebDriver.java:678)
	at io.appium.java_client.DefaultGenericMobileDriver.execute(DefaultGenericMobileDriver.java:42)
	at io.appium.java_client.AppiumDriver.execute(AppiumDriver.java:1)
	at io.appium.java_client.android.AndroidDriver.execute(AndroidDriver.java:1)
	at org.openqa.selenium.remote.RemoteWebDriver.findElement(RemoteWebDriver.java:363)
	at org.openqa.selenium.remote.RemoteWebDriver.findElementById(RemoteWebDriver.java:413)
	at io.appium.java_client.DefaultGenericMobileDriver.findElementById(DefaultGenericMobileDriver.java:62)
	at io.appium.java_client.AppiumDriver.findElementById(AppiumDriver.java:1)
	at io.appium.java_client.android.AndroidDriver.findElementById(AndroidDriver.java:1)
	at c2info_ElMob.UI_Actions.CheckOutPage.clickOnDenyButton(CheckOutPage.java:226)
	at c2info_ElMob.SalesReturnTC.TC_008_VerifyTaxCalculationItemWise.verifyTaxforSingleItem(TC_008_VerifyTaxCalculationItemWise.java:47)
... Removed 29 stack frames]]>
    </failure>
  </testcase> <!-- verifyTaxforSingleItem -->
  <testcase name="verifyIGSTTax" time="40.366" classname="c2info_ElMob.SalesReturnTC.TC_009_VerifyIGSTTaxForMultipleItems">
    <failure type="org.openqa.selenium.NoSuchElementException" message="An element could not be located on the page using the given search parameters. (WARNING: The server did not provide any stacktrace information)
Command duration or timeout: 1.22 seconds
For documentation on this error, please visit: http://seleniumhq.org/exceptions/no_such_element.html
Build info: version: &amp;apos;2.53.1&amp;apos;, revision: &amp;apos;a36b8b1cd5757287168e54b817830adce9b0158d&amp;apos;, time: &amp;apos;2016-06-30 19:26:09&amp;apos;
System info: host: &amp;apos;ChethanBidare-pc&amp;apos;, ip: &amp;apos;172.16.18.229&amp;apos;, os.name: &amp;apos;Windows 10&amp;apos;, os.arch: &amp;apos;amd64&amp;apos;, os.version: &amp;apos;10.0&amp;apos;, java.version: &amp;apos;1.8.0_144&amp;apos;
Driver info: io.appium.java_client.android.AndroidDriver
Capabilities [{appPackage=com.c2info.ecolite, deviceScreenSize=720x1280, networkConnectionEnabled=true, warnings={}, databaseEnabled=false, version=5.1, deviceName=IVWCWKRCUSZST85D, platform=LINUX, deviceUDID=IVWCWKRCUSZST85D, appActivity=com.c2info.ecolite.ui.activity.SplashScreenActivity, desired={appPackage=com.c2info.ecolite, appActivity=com.c2info.ecolite.ui.activity.SplashScreenActivity, browserName=ANDROID, platformName=Android, version=5.1, deviceName=ZX1D64CPT2}, platformVersion=5.1, webStorageEnabled=false, locationContextEnabled=false, takesScreenshot=true, browserName=ANDROID, javascriptEnabled=true, deviceModel=LS-6001, platformName=Android, deviceManufacturer=LYF}]
Session ID: 2964fe27-047f-47fe-9c5d-5da62e107c37
*** Element info: {Using=id, value=com.c2info.ecolite:id/textview_itemname}">
      <![CDATA[org.openqa.selenium.NoSuchElementException: An element could not be located on the page using the given search parameters. (WARNING: The server did not provide any stacktrace information)
Command duration or timeout: 1.22 seconds
For documentation on this error, please visit: http://seleniumhq.org/exceptions/no_such_element.html
Build info: version: '2.53.1', revision: 'a36b8b1cd5757287168e54b817830adce9b0158d', time: '2016-06-30 19:26:09'
System info: host: 'ChethanBidare-pc', ip: '172.16.18.229', os.name: 'Windows 10', os.arch: 'amd64', os.version: '10.0', java.version: '1.8.0_144'
Driver info: io.appium.java_client.android.AndroidDriver
Capabilities [{appPackage=com.c2info.ecolite, deviceScreenSize=720x1280, networkConnectionEnabled=true, warnings={}, databaseEnabled=false, version=5.1, deviceName=IVWCWKRCUSZST85D, platform=LINUX, deviceUDID=IVWCWKRCUSZST85D, appActivity=com.c2info.ecolite.ui.activity.SplashScreenActivity, desired={appPackage=com.c2info.ecolite, appActivity=com.c2info.ecolite.ui.activity.SplashScreenActivity, browserName=ANDROID, platformName=Android, version=5.1, deviceName=ZX1D64CPT2}, platformVersion=5.1, webStorageEnabled=false, locationContextEnabled=false, takesScreenshot=true, browserName=ANDROID, javascriptEnabled=true, deviceModel=LS-6001, platformName=Android, deviceManufacturer=LYF}]
Session ID: 2964fe27-047f-47fe-9c5d-5da62e107c37
*** Element info: {Using=id, value=com.c2info.ecolite:id/textview_itemname}
	at org.openqa.selenium.remote.ErrorHandler.createThrowable(ErrorHandler.java:206)
	at org.openqa.selenium.remote.ErrorHandler.throwIfResponseFailed(ErrorHandler.java:158)
	at org.openqa.selenium.remote.RemoteWebDriver.execute(RemoteWebDriver.java:678)
	at io.appium.java_client.DefaultGenericMobileDriver.execute(DefaultGenericMobileDriver.java:42)
	at io.appium.java_client.AppiumDriver.execute(AppiumDriver.java:1)
	at io.appium.java_client.android.AndroidDriver.execute(AndroidDriver.java:1)
	at org.openqa.selenium.remote.RemoteWebDriver.findElement(RemoteWebDriver.java:363)
	at org.openqa.selenium.remote.RemoteWebDriver.findElementById(RemoteWebDriver.java:413)
	at io.appium.java_client.DefaultGenericMobileDriver.findElementById(DefaultGenericMobileDriver.java:62)
	at io.appium.java_client.AppiumDriver.findElementById(AppiumDriver.java:1)
	at io.appium.java_client.android.AndroidDriver.findElementById(AndroidDriver.java:1)
	at org.openqa.selenium.By$ById.findElement(By.java:218)
	at org.openqa.selenium.remote.RemoteWebDriver.findElement(RemoteWebDriver.java:355)
	at io.appium.java_client.DefaultGenericMobileDriver.findElement(DefaultGenericMobileDriver.java:52)
	at io.appium.java_client.AppiumDriver.findElement(AppiumDriver.java:1)
	at io.appium.java_client.android.AndroidDriver.findElement(AndroidDriver.java:1)
	at c2info_ElMob.UI_Actions.Sales.clickOnSearchedItem(Sales.java:174)
	at c2info_ElMob.SalesReturnTC.TC_009_VerifyIGSTTaxForMultipleItems.verifyIGSTTax(TC_009_VerifyIGSTTaxForMultipleItems.java:47)
... Removed 29 stack frames]]>
    </failure>
  </testcase> <!-- verifyIGSTTax -->
  <testcase name="verifyIGSTTax" time="39.907" classname="c2info_ElMob.SalesReturnTC.TC_010_VerifyLocalTaxForMultipleItems">
    <failure type="org.openqa.selenium.NoSuchElementException" message="An element could not be located on the page using the given search parameters. (WARNING: The server did not provide any stacktrace information)
Command duration or timeout: 1.26 seconds
For documentation on this error, please visit: http://seleniumhq.org/exceptions/no_such_element.html
Build info: version: &amp;apos;2.53.1&amp;apos;, revision: &amp;apos;a36b8b1cd5757287168e54b817830adce9b0158d&amp;apos;, time: &amp;apos;2016-06-30 19:26:09&amp;apos;
System info: host: &amp;apos;ChethanBidare-pc&amp;apos;, ip: &amp;apos;172.16.18.229&amp;apos;, os.name: &amp;apos;Windows 10&amp;apos;, os.arch: &amp;apos;amd64&amp;apos;, os.version: &amp;apos;10.0&amp;apos;, java.version: &amp;apos;1.8.0_144&amp;apos;
Driver info: io.appium.java_client.android.AndroidDriver
Capabilities [{appPackage=com.c2info.ecolite, deviceScreenSize=720x1280, networkConnectionEnabled=true, warnings={}, databaseEnabled=false, version=5.1, deviceName=IVWCWKRCUSZST85D, platform=LINUX, deviceUDID=IVWCWKRCUSZST85D, appActivity=com.c2info.ecolite.ui.activity.SplashScreenActivity, desired={appPackage=com.c2info.ecolite, appActivity=com.c2info.ecolite.ui.activity.SplashScreenActivity, browserName=ANDROID, platformName=Android, version=5.1, deviceName=ZX1D64CPT2}, platformVersion=5.1, webStorageEnabled=false, locationContextEnabled=false, takesScreenshot=true, browserName=ANDROID, javascriptEnabled=true, deviceModel=LS-6001, platformName=Android, deviceManufacturer=LYF}]
Session ID: 4cab2135-b4da-42d6-96e3-d9e730c590e4
*** Element info: {Using=id, value=com.c2info.ecolite:id/textview_itemname}">
      <![CDATA[org.openqa.selenium.NoSuchElementException: An element could not be located on the page using the given search parameters. (WARNING: The server did not provide any stacktrace information)
Command duration or timeout: 1.26 seconds
For documentation on this error, please visit: http://seleniumhq.org/exceptions/no_such_element.html
Build info: version: '2.53.1', revision: 'a36b8b1cd5757287168e54b817830adce9b0158d', time: '2016-06-30 19:26:09'
System info: host: 'ChethanBidare-pc', ip: '172.16.18.229', os.name: 'Windows 10', os.arch: 'amd64', os.version: '10.0', java.version: '1.8.0_144'
Driver info: io.appium.java_client.android.AndroidDriver
Capabilities [{appPackage=com.c2info.ecolite, deviceScreenSize=720x1280, networkConnectionEnabled=true, warnings={}, databaseEnabled=false, version=5.1, deviceName=IVWCWKRCUSZST85D, platform=LINUX, deviceUDID=IVWCWKRCUSZST85D, appActivity=com.c2info.ecolite.ui.activity.SplashScreenActivity, desired={appPackage=com.c2info.ecolite, appActivity=com.c2info.ecolite.ui.activity.SplashScreenActivity, browserName=ANDROID, platformName=Android, version=5.1, deviceName=ZX1D64CPT2}, platformVersion=5.1, webStorageEnabled=false, locationContextEnabled=false, takesScreenshot=true, browserName=ANDROID, javascriptEnabled=true, deviceModel=LS-6001, platformName=Android, deviceManufacturer=LYF}]
Session ID: 4cab2135-b4da-42d6-96e3-d9e730c590e4
*** Element info: {Using=id, value=com.c2info.ecolite:id/textview_itemname}
	at org.openqa.selenium.remote.ErrorHandler.createThrowable(ErrorHandler.java:206)
	at org.openqa.selenium.remote.ErrorHandler.throwIfResponseFailed(ErrorHandler.java:158)
	at org.openqa.selenium.remote.RemoteWebDriver.execute(RemoteWebDriver.java:678)
	at io.appium.java_client.DefaultGenericMobileDriver.execute(DefaultGenericMobileDriver.java:42)
	at io.appium.java_client.AppiumDriver.execute(AppiumDriver.java:1)
	at io.appium.java_client.android.AndroidDriver.execute(AndroidDriver.java:1)
	at org.openqa.selenium.remote.RemoteWebDriver.findElement(RemoteWebDriver.java:363)
	at org.openqa.selenium.remote.RemoteWebDriver.findElementById(RemoteWebDriver.java:413)
	at io.appium.java_client.DefaultGenericMobileDriver.findElementById(DefaultGenericMobileDriver.java:62)
	at io.appium.java_client.AppiumDriver.findElementById(AppiumDriver.java:1)
	at io.appium.java_client.android.AndroidDriver.findElementById(AndroidDriver.java:1)
	at org.openqa.selenium.By$ById.findElement(By.java:218)
	at org.openqa.selenium.remote.RemoteWebDriver.findElement(RemoteWebDriver.java:355)
	at io.appium.java_client.DefaultGenericMobileDriver.findElement(DefaultGenericMobileDriver.java:52)
	at io.appium.java_client.AppiumDriver.findElement(AppiumDriver.java:1)
	at io.appium.java_client.android.AndroidDriver.findElement(AndroidDriver.java:1)
	at c2info_ElMob.UI_Actions.Sales.clickOnSearchedItem(Sales.java:174)
	at c2info_ElMob.SalesReturnTC.TC_010_VerifyLocalTaxForMultipleItems.verifyIGSTTax(TC_010_VerifyLocalTaxForMultipleItems.java:49)
... Removed 29 stack frames]]>
    </failure>
  </testcase> <!-- verifyIGSTTax -->
  <testcase name="verifyInvoiceValue" time="13.34" classname="c2info_ElMob.SalesReturnTC.TC_011_VerifyInvoiceValue">
    <failure type="org.openqa.selenium.NoSuchElementException" message="An element could not be located on the page using the given search parameters. (WARNING: The server did not provide any stacktrace information)
Command duration or timeout: 1.28 seconds
For documentation on this error, please visit: http://seleniumhq.org/exceptions/no_such_element.html
Build info: version: &amp;apos;2.53.1&amp;apos;, revision: &amp;apos;a36b8b1cd5757287168e54b817830adce9b0158d&amp;apos;, time: &amp;apos;2016-06-30 19:26:09&amp;apos;
System info: host: &amp;apos;ChethanBidare-pc&amp;apos;, ip: &amp;apos;172.16.18.229&amp;apos;, os.name: &amp;apos;Windows 10&amp;apos;, os.arch: &amp;apos;amd64&amp;apos;, os.version: &amp;apos;10.0&amp;apos;, java.version: &amp;apos;1.8.0_144&amp;apos;
Driver info: io.appium.java_client.android.AndroidDriver
Capabilities [{appPackage=com.c2info.ecolite, deviceScreenSize=720x1280, networkConnectionEnabled=true, warnings={}, databaseEnabled=false, version=5.1, deviceName=IVWCWKRCUSZST85D, platform=LINUX, deviceUDID=IVWCWKRCUSZST85D, appActivity=com.c2info.ecolite.ui.activity.SplashScreenActivity, desired={appPackage=com.c2info.ecolite, appActivity=com.c2info.ecolite.ui.activity.SplashScreenActivity, browserName=ANDROID, platformName=Android, version=5.1, deviceName=ZX1D64CPT2}, platformVersion=5.1, webStorageEnabled=false, locationContextEnabled=false, takesScreenshot=true, browserName=ANDROID, javascriptEnabled=true, deviceModel=LS-6001, platformName=Android, deviceManufacturer=LYF}]
Session ID: 02e5dfcb-1a63-445b-9edb-eafbd06a9851
*** Element info: {Using=id, value=com.c2info.ecolite:id/textview_itemname}">
      <![CDATA[org.openqa.selenium.NoSuchElementException: An element could not be located on the page using the given search parameters. (WARNING: The server did not provide any stacktrace information)
Command duration or timeout: 1.28 seconds
For documentation on this error, please visit: http://seleniumhq.org/exceptions/no_such_element.html
Build info: version: '2.53.1', revision: 'a36b8b1cd5757287168e54b817830adce9b0158d', time: '2016-06-30 19:26:09'
System info: host: 'ChethanBidare-pc', ip: '172.16.18.229', os.name: 'Windows 10', os.arch: 'amd64', os.version: '10.0', java.version: '1.8.0_144'
Driver info: io.appium.java_client.android.AndroidDriver
Capabilities [{appPackage=com.c2info.ecolite, deviceScreenSize=720x1280, networkConnectionEnabled=true, warnings={}, databaseEnabled=false, version=5.1, deviceName=IVWCWKRCUSZST85D, platform=LINUX, deviceUDID=IVWCWKRCUSZST85D, appActivity=com.c2info.ecolite.ui.activity.SplashScreenActivity, desired={appPackage=com.c2info.ecolite, appActivity=com.c2info.ecolite.ui.activity.SplashScreenActivity, browserName=ANDROID, platformName=Android, version=5.1, deviceName=ZX1D64CPT2}, platformVersion=5.1, webStorageEnabled=false, locationContextEnabled=false, takesScreenshot=true, browserName=ANDROID, javascriptEnabled=true, deviceModel=LS-6001, platformName=Android, deviceManufacturer=LYF}]
Session ID: 02e5dfcb-1a63-445b-9edb-eafbd06a9851
*** Element info: {Using=id, value=com.c2info.ecolite:id/textview_itemname}
	at org.openqa.selenium.remote.ErrorHandler.createThrowable(ErrorHandler.java:206)
	at org.openqa.selenium.remote.ErrorHandler.throwIfResponseFailed(ErrorHandler.java:158)
	at org.openqa.selenium.remote.RemoteWebDriver.execute(RemoteWebDriver.java:678)
	at io.appium.java_client.DefaultGenericMobileDriver.execute(DefaultGenericMobileDriver.java:42)
	at io.appium.java_client.AppiumDriver.execute(AppiumDriver.java:1)
	at io.appium.java_client.android.AndroidDriver.execute(AndroidDriver.java:1)
	at org.openqa.selenium.remote.RemoteWebDriver.findElement(RemoteWebDriver.java:363)
	at org.openqa.selenium.remote.RemoteWebDriver.findElementById(RemoteWebDriver.java:413)
	at io.appium.java_client.DefaultGenericMobileDriver.findElementById(DefaultGenericMobileDriver.java:62)
	at io.appium.java_client.AppiumDriver.findElementById(AppiumDriver.java:1)
	at io.appium.java_client.android.AndroidDriver.findElementById(AndroidDriver.java:1)
	at org.openqa.selenium.By$ById.findElement(By.java:218)
	at org.openqa.selenium.remote.RemoteWebDriver.findElement(RemoteWebDriver.java:355)
	at io.appium.java_client.DefaultGenericMobileDriver.findElement(DefaultGenericMobileDriver.java:52)
	at io.appium.java_client.AppiumDriver.findElement(AppiumDriver.java:1)
	at io.appium.java_client.android.AndroidDriver.findElement(AndroidDriver.java:1)
	at c2info_ElMob.UI_Actions.Sales.clickOnSearchedItem(Sales.java:174)
	at c2info_ElMob.SalesReturnTC.TC_011_VerifyInvoiceValue.verifyInvoiceValue(TC_011_VerifyInvoiceValue.java:39)
... Removed 29 stack frames]]>
    </failure>
  </testcase> <!-- verifyInvoiceValue -->
  <testcase name="verifyInvoiceValue" time="14.646" classname="c2info_ElMob.SalesReturnTC.TC_012_VerifyInvoiceValueWithDisc">
    <failure type="org.openqa.selenium.NoSuchElementException" message="An element could not be located on the page using the given search parameters. (WARNING: The server did not provide any stacktrace information)
Command duration or timeout: 1.19 seconds
For documentation on this error, please visit: http://seleniumhq.org/exceptions/no_such_element.html
Build info: version: &amp;apos;2.53.1&amp;apos;, revision: &amp;apos;a36b8b1cd5757287168e54b817830adce9b0158d&amp;apos;, time: &amp;apos;2016-06-30 19:26:09&amp;apos;
System info: host: &amp;apos;ChethanBidare-pc&amp;apos;, ip: &amp;apos;172.16.18.229&amp;apos;, os.name: &amp;apos;Windows 10&amp;apos;, os.arch: &amp;apos;amd64&amp;apos;, os.version: &amp;apos;10.0&amp;apos;, java.version: &amp;apos;1.8.0_144&amp;apos;
Driver info: io.appium.java_client.android.AndroidDriver
Capabilities [{appPackage=com.c2info.ecolite, deviceScreenSize=720x1280, networkConnectionEnabled=true, warnings={}, databaseEnabled=false, version=5.1, deviceName=IVWCWKRCUSZST85D, platform=LINUX, deviceUDID=IVWCWKRCUSZST85D, appActivity=com.c2info.ecolite.ui.activity.SplashScreenActivity, desired={appPackage=com.c2info.ecolite, appActivity=com.c2info.ecolite.ui.activity.SplashScreenActivity, browserName=ANDROID, platformName=Android, version=5.1, deviceName=ZX1D64CPT2}, platformVersion=5.1, webStorageEnabled=false, locationContextEnabled=false, takesScreenshot=true, browserName=ANDROID, javascriptEnabled=true, deviceModel=LS-6001, platformName=Android, deviceManufacturer=LYF}]
Session ID: f8f65799-c3b2-4a24-83e1-571c4ee61ba9
*** Element info: {Using=id, value=com.c2info.ecolite:id/textview_itemname}">
      <![CDATA[org.openqa.selenium.NoSuchElementException: An element could not be located on the page using the given search parameters. (WARNING: The server did not provide any stacktrace information)
Command duration or timeout: 1.19 seconds
For documentation on this error, please visit: http://seleniumhq.org/exceptions/no_such_element.html
Build info: version: '2.53.1', revision: 'a36b8b1cd5757287168e54b817830adce9b0158d', time: '2016-06-30 19:26:09'
System info: host: 'ChethanBidare-pc', ip: '172.16.18.229', os.name: 'Windows 10', os.arch: 'amd64', os.version: '10.0', java.version: '1.8.0_144'
Driver info: io.appium.java_client.android.AndroidDriver
Capabilities [{appPackage=com.c2info.ecolite, deviceScreenSize=720x1280, networkConnectionEnabled=true, warnings={}, databaseEnabled=false, version=5.1, deviceName=IVWCWKRCUSZST85D, platform=LINUX, deviceUDID=IVWCWKRCUSZST85D, appActivity=com.c2info.ecolite.ui.activity.SplashScreenActivity, desired={appPackage=com.c2info.ecolite, appActivity=com.c2info.ecolite.ui.activity.SplashScreenActivity, browserName=ANDROID, platformName=Android, version=5.1, deviceName=ZX1D64CPT2}, platformVersion=5.1, webStorageEnabled=false, locationContextEnabled=false, takesScreenshot=true, browserName=ANDROID, javascriptEnabled=true, deviceModel=LS-6001, platformName=Android, deviceManufacturer=LYF}]
Session ID: f8f65799-c3b2-4a24-83e1-571c4ee61ba9
*** Element info: {Using=id, value=com.c2info.ecolite:id/textview_itemname}
	at org.openqa.selenium.remote.ErrorHandler.createThrowable(ErrorHandler.java:206)
	at org.openqa.selenium.remote.ErrorHandler.throwIfResponseFailed(ErrorHandler.java:158)
	at org.openqa.selenium.remote.RemoteWebDriver.execute(RemoteWebDriver.java:678)
	at io.appium.java_client.DefaultGenericMobileDriver.execute(DefaultGenericMobileDriver.java:42)
	at io.appium.java_client.AppiumDriver.execute(AppiumDriver.java:1)
	at io.appium.java_client.android.AndroidDriver.execute(AndroidDriver.java:1)
	at org.openqa.selenium.remote.RemoteWebDriver.findElement(RemoteWebDriver.java:363)
	at org.openqa.selenium.remote.RemoteWebDriver.findElementById(RemoteWebDriver.java:413)
	at io.appium.java_client.DefaultGenericMobileDriver.findElementById(DefaultGenericMobileDriver.java:62)
	at io.appium.java_client.AppiumDriver.findElementById(AppiumDriver.java:1)
	at io.appium.java_client.android.AndroidDriver.findElementById(AndroidDriver.java:1)
	at org.openqa.selenium.By$ById.findElement(By.java:218)
	at org.openqa.selenium.remote.RemoteWebDriver.findElement(RemoteWebDriver.java:355)
	at io.appium.java_client.DefaultGenericMobileDriver.findElement(DefaultGenericMobileDriver.java:52)
	at io.appium.java_client.AppiumDriver.findElement(AppiumDriver.java:1)
	at io.appium.java_client.android.AndroidDriver.findElement(AndroidDriver.java:1)
	at c2info_ElMob.UI_Actions.Sales.clickOnSearchedItem(Sales.java:174)
	at c2info_ElMob.SalesReturnTC.TC_012_VerifyInvoiceValueWithDisc.verifyInvoiceValue(TC_012_VerifyInvoiceValueWithDisc.java:38)
... Removed 29 stack frames]]>
    </failure>
  </testcase> <!-- verifyInvoiceValue -->
  <testcase name="verifyItemCount" time="1.509" classname="c2info_ElMob.SalesReturnTC.TC_013_VerifyItemCount">
    <failure type="org.openqa.selenium.NoSuchElementException" message="Can&amp;apos;t locate an element by this strategy: By.id: com.c2info.ecolite:id/radio_new_sale_return
For documentation on this error, please visit: http://seleniumhq.org/exceptions/no_such_element.html
Build info: version: &amp;apos;2.53.1&amp;apos;, revision: &amp;apos;a36b8b1cd5757287168e54b817830adce9b0158d&amp;apos;, time: &amp;apos;2016-06-30 19:26:09&amp;apos;
System info: host: &amp;apos;ChethanBidare-pc&amp;apos;, ip: &amp;apos;172.16.18.229&amp;apos;, os.name: &amp;apos;Windows 10&amp;apos;, os.arch: &amp;apos;amd64&amp;apos;, os.version: &amp;apos;10.0&amp;apos;, java.version: &amp;apos;1.8.0_144&amp;apos;
Driver info: driver.version: unknown">
      <![CDATA[org.openqa.selenium.NoSuchElementException: Can't locate an element by this strategy: By.id: com.c2info.ecolite:id/radio_new_sale_return
For documentation on this error, please visit: http://seleniumhq.org/exceptions/no_such_element.html
Build info: version: '2.53.1', revision: 'a36b8b1cd5757287168e54b817830adce9b0158d', time: '2016-06-30 19:26:09'
System info: host: 'ChethanBidare-pc', ip: '172.16.18.229', os.name: 'Windows 10', os.arch: 'amd64', os.version: '10.0', java.version: '1.8.0_144'
Driver info: driver.version: unknown
	at io.appium.java_client.pagefactory.AppiumElementLocator.findElement(AppiumElementLocator.java:152)
	at io.appium.java_client.pagefactory.interceptors.InterceptorOfASingleElement.intercept(InterceptorOfASingleElement.java:51)
	at io.appium.java_client.android.AndroidElement$$EnhancerByCGLIB$$fd5a3a49.click(<generated>)
	at c2info_ElMob.UI_Actions.HomePage.selectSalesreturnCheckbox(HomePage.java:90)
	at c2info_ElMob.SalesReturnTC.TC_013_VerifyItemCount.verifyItemCount(TC_013_VerifyItemCount.java:33)
... Removed 25 stack frames]]>
    </failure>
  </testcase> <!-- verifyItemCount -->
  <testcase name="verifyCardSale" time="15.284" classname="c2info_ElMob.SalesReturnTC.TC_014_VerifyPaymentModeCard">
    <failure type="org.openqa.selenium.NoSuchElementException" message="An element could not be located on the page using the given search parameters. (WARNING: The server did not provide any stacktrace information)
Command duration or timeout: 1.16 seconds
For documentation on this error, please visit: http://seleniumhq.org/exceptions/no_such_element.html
Build info: version: &amp;apos;2.53.1&amp;apos;, revision: &amp;apos;a36b8b1cd5757287168e54b817830adce9b0158d&amp;apos;, time: &amp;apos;2016-06-30 19:26:09&amp;apos;
System info: host: &amp;apos;ChethanBidare-pc&amp;apos;, ip: &amp;apos;172.16.18.229&amp;apos;, os.name: &amp;apos;Windows 10&amp;apos;, os.arch: &amp;apos;amd64&amp;apos;, os.version: &amp;apos;10.0&amp;apos;, java.version: &amp;apos;1.8.0_144&amp;apos;
Driver info: io.appium.java_client.android.AndroidDriver
Capabilities [{appPackage=com.c2info.ecolite, deviceScreenSize=720x1280, networkConnectionEnabled=true, warnings={}, databaseEnabled=false, version=5.1, deviceName=IVWCWKRCUSZST85D, platform=LINUX, deviceUDID=IVWCWKRCUSZST85D, appActivity=com.c2info.ecolite.ui.activity.SplashScreenActivity, desired={appPackage=com.c2info.ecolite, appActivity=com.c2info.ecolite.ui.activity.SplashScreenActivity, browserName=ANDROID, platformName=Android, version=5.1, deviceName=ZX1D64CPT2}, platformVersion=5.1, webStorageEnabled=false, locationContextEnabled=false, takesScreenshot=true, browserName=ANDROID, javascriptEnabled=true, deviceModel=LS-6001, platformName=Android, deviceManufacturer=LYF}]
Session ID: 8ab67e4e-7c67-4476-8812-e22c3f9c6788
*** Element info: {Using=id, value=com.c2info.ecolite:id/textview_itemname}">
      <![CDATA[org.openqa.selenium.NoSuchElementException: An element could not be located on the page using the given search parameters. (WARNING: The server did not provide any stacktrace information)
Command duration or timeout: 1.16 seconds
For documentation on this error, please visit: http://seleniumhq.org/exceptions/no_such_element.html
Build info: version: '2.53.1', revision: 'a36b8b1cd5757287168e54b817830adce9b0158d', time: '2016-06-30 19:26:09'
System info: host: 'ChethanBidare-pc', ip: '172.16.18.229', os.name: 'Windows 10', os.arch: 'amd64', os.version: '10.0', java.version: '1.8.0_144'
Driver info: io.appium.java_client.android.AndroidDriver
Capabilities [{appPackage=com.c2info.ecolite, deviceScreenSize=720x1280, networkConnectionEnabled=true, warnings={}, databaseEnabled=false, version=5.1, deviceName=IVWCWKRCUSZST85D, platform=LINUX, deviceUDID=IVWCWKRCUSZST85D, appActivity=com.c2info.ecolite.ui.activity.SplashScreenActivity, desired={appPackage=com.c2info.ecolite, appActivity=com.c2info.ecolite.ui.activity.SplashScreenActivity, browserName=ANDROID, platformName=Android, version=5.1, deviceName=ZX1D64CPT2}, platformVersion=5.1, webStorageEnabled=false, locationContextEnabled=false, takesScreenshot=true, browserName=ANDROID, javascriptEnabled=true, deviceModel=LS-6001, platformName=Android, deviceManufacturer=LYF}]
Session ID: 8ab67e4e-7c67-4476-8812-e22c3f9c6788
*** Element info: {Using=id, value=com.c2info.ecolite:id/textview_itemname}
	at org.openqa.selenium.remote.ErrorHandler.createThrowable(ErrorHandler.java:206)
	at org.openqa.selenium.remote.ErrorHandler.throwIfResponseFailed(ErrorHandler.java:158)
	at org.openqa.selenium.remote.RemoteWebDriver.execute(RemoteWebDriver.java:678)
	at io.appium.java_client.DefaultGenericMobileDriver.execute(DefaultGenericMobileDriver.java:42)
	at io.appium.java_client.AppiumDriver.execute(AppiumDriver.java:1)
	at io.appium.java_client.android.AndroidDriver.execute(AndroidDriver.java:1)
	at org.openqa.selenium.remote.RemoteWebDriver.findElement(RemoteWebDriver.java:363)
	at org.openqa.selenium.remote.RemoteWebDriver.findElementById(RemoteWebDriver.java:413)
	at io.appium.java_client.DefaultGenericMobileDriver.findElementById(DefaultGenericMobileDriver.java:62)
	at io.appium.java_client.AppiumDriver.findElementById(AppiumDriver.java:1)
	at io.appium.java_client.android.AndroidDriver.findElementById(AndroidDriver.java:1)
	at org.openqa.selenium.By$ById.findElement(By.java:218)
	at org.openqa.selenium.remote.RemoteWebDriver.findElement(RemoteWebDriver.java:355)
	at io.appium.java_client.DefaultGenericMobileDriver.findElement(DefaultGenericMobileDriver.java:52)
	at io.appium.java_client.AppiumDriver.findElement(AppiumDriver.java:1)
	at io.appium.java_client.android.AndroidDriver.findElement(AndroidDriver.java:1)
	at c2info_ElMob.UI_Actions.Sales.clickOnSearchedItem(Sales.java:174)
	at c2info_ElMob.SalesReturnTC.TC_014_VerifyPaymentModeCard.verifyCardSale(TC_014_VerifyPaymentModeCard.java:37)
... Removed 29 stack frames]]>
    </failure>
  </testcase> <!-- verifyCardSale -->
  <testcase name="verifyCashSale" time="0.73" classname="c2info_ElMob.SalesReturnTC.TC_015_VerifyPaymentModeCash">
    <failure type="org.openqa.selenium.WebDriverException" message="An unknown server-side error occurred while processing the command. Original error: Soft keyboard not present, cannot hide keyboard (WARNING: The server did not provide any stacktrace information)
Command duration or timeout: 725 milliseconds
Build info: version: &amp;apos;2.53.1&amp;apos;, revision: &amp;apos;a36b8b1cd5757287168e54b817830adce9b0158d&amp;apos;, time: &amp;apos;2016-06-30 19:26:09&amp;apos;
System info: host: &amp;apos;ChethanBidare-pc&amp;apos;, ip: &amp;apos;172.16.18.229&amp;apos;, os.name: &amp;apos;Windows 10&amp;apos;, os.arch: &amp;apos;amd64&amp;apos;, os.version: &amp;apos;10.0&amp;apos;, java.version: &amp;apos;1.8.0_144&amp;apos;
Driver info: io.appium.java_client.android.AndroidDriver
Capabilities [{appPackage=com.c2info.ecolite, deviceScreenSize=720x1280, networkConnectionEnabled=true, warnings={}, databaseEnabled=false, version=5.1, deviceName=IVWCWKRCUSZST85D, platform=LINUX, deviceUDID=IVWCWKRCUSZST85D, appActivity=com.c2info.ecolite.ui.activity.SplashScreenActivity, desired={appPackage=com.c2info.ecolite, appActivity=com.c2info.ecolite.ui.activity.SplashScreenActivity, browserName=ANDROID, platformName=Android, version=5.1, deviceName=ZX1D64CPT2}, platformVersion=5.1, webStorageEnabled=false, locationContextEnabled=false, takesScreenshot=true, browserName=ANDROID, javascriptEnabled=true, deviceModel=LS-6001, platformName=Android, deviceManufacturer=LYF}]
Session ID: 28951c7d-2658-434e-8dbf-7b2d8e511069">
      <![CDATA[org.openqa.selenium.WebDriverException: An unknown server-side error occurred while processing the command. Original error: Soft keyboard not present, cannot hide keyboard (WARNING: The server did not provide any stacktrace information)
Command duration or timeout: 725 milliseconds
Build info: version: '2.53.1', revision: 'a36b8b1cd5757287168e54b817830adce9b0158d', time: '2016-06-30 19:26:09'
System info: host: 'ChethanBidare-pc', ip: '172.16.18.229', os.name: 'Windows 10', os.arch: 'amd64', os.version: '10.0', java.version: '1.8.0_144'
Driver info: io.appium.java_client.android.AndroidDriver
Capabilities [{appPackage=com.c2info.ecolite, deviceScreenSize=720x1280, networkConnectionEnabled=true, warnings={}, databaseEnabled=false, version=5.1, deviceName=IVWCWKRCUSZST85D, platform=LINUX, deviceUDID=IVWCWKRCUSZST85D, appActivity=com.c2info.ecolite.ui.activity.SplashScreenActivity, desired={appPackage=com.c2info.ecolite, appActivity=com.c2info.ecolite.ui.activity.SplashScreenActivity, browserName=ANDROID, platformName=Android, version=5.1, deviceName=ZX1D64CPT2}, platformVersion=5.1, webStorageEnabled=false, locationContextEnabled=false, takesScreenshot=true, browserName=ANDROID, javascriptEnabled=true, deviceModel=LS-6001, platformName=Android, deviceManufacturer=LYF}]
Session ID: 28951c7d-2658-434e-8dbf-7b2d8e511069
	at org.openqa.selenium.remote.ErrorHandler.createThrowable(ErrorHandler.java:206)
	at org.openqa.selenium.remote.ErrorHandler.throwIfResponseFailed(ErrorHandler.java:158)
	at org.openqa.selenium.remote.RemoteWebDriver.execute(RemoteWebDriver.java:678)
	at io.appium.java_client.DefaultGenericMobileDriver.execute(DefaultGenericMobileDriver.java:42)
	at io.appium.java_client.AppiumDriver.execute(AppiumDriver.java:206)
	at io.appium.java_client.AppiumDriver.hideKeyboard(AppiumDriver.java:278)
	at c2info_ElMob.TestBase.TestBase.hideKeyboard(TestBase.java:61)
	at c2info_ElMob.SalesReturnTC.TC_015_VerifyPaymentModeCash.verifyCashSale(TC_015_VerifyPaymentModeCash.java:33)
... Removed 29 stack frames]]>
    </failure>
  </testcase> <!-- verifyCashSale -->
  <testcase name="verifyCustomerDetails" time="1.249" classname="c2info_ElMob.SalesReturnTC.TC_016_VerifyCustomerDetailsInCheckOutPage">
    <failure type="org.openqa.selenium.NoSuchElementException" message="Can&amp;apos;t locate an element by this strategy: By.id: com.c2info.ecolite:id/autocomplete_customer
For documentation on this error, please visit: http://seleniumhq.org/exceptions/no_such_element.html
Build info: version: &amp;apos;2.53.1&amp;apos;, revision: &amp;apos;a36b8b1cd5757287168e54b817830adce9b0158d&amp;apos;, time: &amp;apos;2016-06-30 19:26:09&amp;apos;
System info: host: &amp;apos;ChethanBidare-pc&amp;apos;, ip: &amp;apos;172.16.18.229&amp;apos;, os.name: &amp;apos;Windows 10&amp;apos;, os.arch: &amp;apos;amd64&amp;apos;, os.version: &amp;apos;10.0&amp;apos;, java.version: &amp;apos;1.8.0_144&amp;apos;
Driver info: driver.version: unknown">
      <![CDATA[org.openqa.selenium.NoSuchElementException: Can't locate an element by this strategy: By.id: com.c2info.ecolite:id/autocomplete_customer
For documentation on this error, please visit: http://seleniumhq.org/exceptions/no_such_element.html
Build info: version: '2.53.1', revision: 'a36b8b1cd5757287168e54b817830adce9b0158d', time: '2016-06-30 19:26:09'
System info: host: 'ChethanBidare-pc', ip: '172.16.18.229', os.name: 'Windows 10', os.arch: 'amd64', os.version: '10.0', java.version: '1.8.0_144'
Driver info: driver.version: unknown
	at io.appium.java_client.pagefactory.AppiumElementLocator.findElement(AppiumElementLocator.java:152)
	at io.appium.java_client.pagefactory.interceptors.InterceptorOfASingleElement.intercept(InterceptorOfASingleElement.java:51)
	at io.appium.java_client.android.AndroidElement$$EnhancerByCGLIB$$fd5a3a49.sendKeys(<generated>)
	at c2info_ElMob.UI_Actions.HomePage.enterCustomerName(HomePage.java:98)
	at c2info_ElMob.SalesReturnTC.TC_016_VerifyCustomerDetailsInCheckOutPage.verifyCustomerDetails(TC_016_VerifyCustomerDetailsInCheckOutPage.java:34)
... Removed 25 stack frames]]>
    </failure>
  </testcase> <!-- verifyCustomerDetails -->
  <testcase name="verifyCustomerDetails" time="1.487" classname="c2info_ElMob.SalesReturnTC.TC_017_VerifyCustDetailsByChangingCustomer">
    <failure type="org.openqa.selenium.NoSuchElementException" message="Can&amp;apos;t locate an element by this strategy: By.id: com.c2info.ecolite:id/autocomplete_customer
For documentation on this error, please visit: http://seleniumhq.org/exceptions/no_such_element.html
Build info: version: &amp;apos;2.53.1&amp;apos;, revision: &amp;apos;a36b8b1cd5757287168e54b817830adce9b0158d&amp;apos;, time: &amp;apos;2016-06-30 19:26:09&amp;apos;
System info: host: &amp;apos;ChethanBidare-pc&amp;apos;, ip: &amp;apos;172.16.18.229&amp;apos;, os.name: &amp;apos;Windows 10&amp;apos;, os.arch: &amp;apos;amd64&amp;apos;, os.version: &amp;apos;10.0&amp;apos;, java.version: &amp;apos;1.8.0_144&amp;apos;
Driver info: driver.version: unknown">
      <![CDATA[org.openqa.selenium.NoSuchElementException: Can't locate an element by this strategy: By.id: com.c2info.ecolite:id/autocomplete_customer
For documentation on this error, please visit: http://seleniumhq.org/exceptions/no_such_element.html
Build info: version: '2.53.1', revision: 'a36b8b1cd5757287168e54b817830adce9b0158d', time: '2016-06-30 19:26:09'
System info: host: 'ChethanBidare-pc', ip: '172.16.18.229', os.name: 'Windows 10', os.arch: 'amd64', os.version: '10.0', java.version: '1.8.0_144'
Driver info: driver.version: unknown
	at io.appium.java_client.pagefactory.AppiumElementLocator.findElement(AppiumElementLocator.java:152)
	at io.appium.java_client.pagefactory.interceptors.InterceptorOfASingleElement.intercept(InterceptorOfASingleElement.java:51)
	at io.appium.java_client.android.AndroidElement$$EnhancerByCGLIB$$fd5a3a49.sendKeys(<generated>)
	at c2info_ElMob.UI_Actions.HomePage.enterCustomerName(HomePage.java:98)
	at c2info_ElMob.SalesReturnTC.TC_017_VerifyCustDetailsByChangingCustomer.verifyCustomerDetails(TC_017_VerifyCustDetailsByChangingCustomer.java:34)
... Removed 25 stack frames]]>
    </failure>
  </testcase> <!-- verifyCustomerDetails -->
  <testcase name="verifyInvoiceParking" time="1.565" classname="c2info_ElMob.SalesReturnTC.TC_018_VerifyInvoiceParkingFunctionality">
    <failure type="org.openqa.selenium.NoSuchElementException" message="Can&amp;apos;t locate an element by this strategy: By.id: com.c2info.ecolite:id/autocomplete_customer
For documentation on this error, please visit: http://seleniumhq.org/exceptions/no_such_element.html
Build info: version: &amp;apos;2.53.1&amp;apos;, revision: &amp;apos;a36b8b1cd5757287168e54b817830adce9b0158d&amp;apos;, time: &amp;apos;2016-06-30 19:26:09&amp;apos;
System info: host: &amp;apos;ChethanBidare-pc&amp;apos;, ip: &amp;apos;172.16.18.229&amp;apos;, os.name: &amp;apos;Windows 10&amp;apos;, os.arch: &amp;apos;amd64&amp;apos;, os.version: &amp;apos;10.0&amp;apos;, java.version: &amp;apos;1.8.0_144&amp;apos;
Driver info: driver.version: unknown">
      <![CDATA[org.openqa.selenium.NoSuchElementException: Can't locate an element by this strategy: By.id: com.c2info.ecolite:id/autocomplete_customer
For documentation on this error, please visit: http://seleniumhq.org/exceptions/no_such_element.html
Build info: version: '2.53.1', revision: 'a36b8b1cd5757287168e54b817830adce9b0158d', time: '2016-06-30 19:26:09'
System info: host: 'ChethanBidare-pc', ip: '172.16.18.229', os.name: 'Windows 10', os.arch: 'amd64', os.version: '10.0', java.version: '1.8.0_144'
Driver info: driver.version: unknown
	at io.appium.java_client.pagefactory.AppiumElementLocator.findElement(AppiumElementLocator.java:152)
	at io.appium.java_client.pagefactory.interceptors.InterceptorOfASingleElement.intercept(InterceptorOfASingleElement.java:51)
	at io.appium.java_client.android.AndroidElement$$EnhancerByCGLIB$$fd5a3a49.sendKeys(<generated>)
	at c2info_ElMob.UI_Actions.HomePage.enterCustomerName(HomePage.java:98)
	at c2info_ElMob.SalesReturnTC.TC_018_VerifyInvoiceParkingFunctionality.verifyInvoiceParking(TC_018_VerifyInvoiceParkingFunctionality.java:35)
... Removed 25 stack frames]]>
    </failure>
  </testcase> <!-- verifyInvoiceParking -->
  <testcase name="verifyInvoiceValue" time="1.397" classname="c2info_ElMob.SalesReturnTC.TC_019_VerifyInvoiceValueInSwitchCart">
    <failure type="org.openqa.selenium.NoSuchElementException" message="Can&amp;apos;t locate an element by this strategy: By.id: com.c2info.ecolite:id/autocomplete_customer
For documentation on this error, please visit: http://seleniumhq.org/exceptions/no_such_element.html
Build info: version: &amp;apos;2.53.1&amp;apos;, revision: &amp;apos;a36b8b1cd5757287168e54b817830adce9b0158d&amp;apos;, time: &amp;apos;2016-06-30 19:26:09&amp;apos;
System info: host: &amp;apos;ChethanBidare-pc&amp;apos;, ip: &amp;apos;172.16.18.229&amp;apos;, os.name: &amp;apos;Windows 10&amp;apos;, os.arch: &amp;apos;amd64&amp;apos;, os.version: &amp;apos;10.0&amp;apos;, java.version: &amp;apos;1.8.0_144&amp;apos;
Driver info: driver.version: unknown">
      <![CDATA[org.openqa.selenium.NoSuchElementException: Can't locate an element by this strategy: By.id: com.c2info.ecolite:id/autocomplete_customer
For documentation on this error, please visit: http://seleniumhq.org/exceptions/no_such_element.html
Build info: version: '2.53.1', revision: 'a36b8b1cd5757287168e54b817830adce9b0158d', time: '2016-06-30 19:26:09'
System info: host: 'ChethanBidare-pc', ip: '172.16.18.229', os.name: 'Windows 10', os.arch: 'amd64', os.version: '10.0', java.version: '1.8.0_144'
Driver info: driver.version: unknown
	at io.appium.java_client.pagefactory.AppiumElementLocator.findElement(AppiumElementLocator.java:152)
	at io.appium.java_client.pagefactory.interceptors.InterceptorOfASingleElement.intercept(InterceptorOfASingleElement.java:51)
	at io.appium.java_client.android.AndroidElement$$EnhancerByCGLIB$$fd5a3a49.sendKeys(<generated>)
	at c2info_ElMob.UI_Actions.HomePage.enterCustomerName(HomePage.java:98)
	at c2info_ElMob.SalesReturnTC.TC_019_VerifyInvoiceValueInSwitchCart.verifyInvoiceValue(TC_019_VerifyInvoiceValueInSwitchCart.java:38)
... Removed 25 stack frames]]>
    </failure>
  </testcase> <!-- verifyInvoiceValue -->
  <testcase name="verifyItemCount" time="1.238" classname="c2info_ElMob.SalesReturnTC.TC_020_VerifyItemCountInSwitchCart">
    <failure type="org.openqa.selenium.NoSuchElementException" message="Can&amp;apos;t locate an element by this strategy: By.id: com.c2info.ecolite:id/autocomplete_customer
For documentation on this error, please visit: http://seleniumhq.org/exceptions/no_such_element.html
Build info: version: &amp;apos;2.53.1&amp;apos;, revision: &amp;apos;a36b8b1cd5757287168e54b817830adce9b0158d&amp;apos;, time: &amp;apos;2016-06-30 19:26:09&amp;apos;
System info: host: &amp;apos;ChethanBidare-pc&amp;apos;, ip: &amp;apos;172.16.18.229&amp;apos;, os.name: &amp;apos;Windows 10&amp;apos;, os.arch: &amp;apos;amd64&amp;apos;, os.version: &amp;apos;10.0&amp;apos;, java.version: &amp;apos;1.8.0_144&amp;apos;
Driver info: driver.version: unknown">
      <![CDATA[org.openqa.selenium.NoSuchElementException: Can't locate an element by this strategy: By.id: com.c2info.ecolite:id/autocomplete_customer
For documentation on this error, please visit: http://seleniumhq.org/exceptions/no_such_element.html
Build info: version: '2.53.1', revision: 'a36b8b1cd5757287168e54b817830adce9b0158d', time: '2016-06-30 19:26:09'
System info: host: 'ChethanBidare-pc', ip: '172.16.18.229', os.name: 'Windows 10', os.arch: 'amd64', os.version: '10.0', java.version: '1.8.0_144'
Driver info: driver.version: unknown
	at io.appium.java_client.pagefactory.AppiumElementLocator.findElement(AppiumElementLocator.java:152)
	at io.appium.java_client.pagefactory.interceptors.InterceptorOfASingleElement.intercept(InterceptorOfASingleElement.java:51)
	at io.appium.java_client.android.AndroidElement$$EnhancerByCGLIB$$fd5a3a49.sendKeys(<generated>)
	at c2info_ElMob.UI_Actions.HomePage.enterCustomerName(HomePage.java:98)
	at c2info_ElMob.SalesReturnTC.TC_020_VerifyItemCountInSwitchCart.verifyItemCount(TC_020_VerifyItemCountInSwitchCart.java:38)
... Removed 25 stack frames]]>
    </failure>
  </testcase> <!-- verifyItemCount -->
  <testcase name="verifyCustomerName" time="1.463" classname="c2info_ElMob.SalesReturnTC.TC_021_VerifyCustomerNameInSwitchcart">
    <failure type="org.openqa.selenium.NoSuchElementException" message="Can&amp;apos;t locate an element by this strategy: By.id: com.c2info.ecolite:id/autocomplete_customer
For documentation on this error, please visit: http://seleniumhq.org/exceptions/no_such_element.html
Build info: version: &amp;apos;2.53.1&amp;apos;, revision: &amp;apos;a36b8b1cd5757287168e54b817830adce9b0158d&amp;apos;, time: &amp;apos;2016-06-30 19:26:09&amp;apos;
System info: host: &amp;apos;ChethanBidare-pc&amp;apos;, ip: &amp;apos;172.16.18.229&amp;apos;, os.name: &amp;apos;Windows 10&amp;apos;, os.arch: &amp;apos;amd64&amp;apos;, os.version: &amp;apos;10.0&amp;apos;, java.version: &amp;apos;1.8.0_144&amp;apos;
Driver info: driver.version: unknown">
      <![CDATA[org.openqa.selenium.NoSuchElementException: Can't locate an element by this strategy: By.id: com.c2info.ecolite:id/autocomplete_customer
For documentation on this error, please visit: http://seleniumhq.org/exceptions/no_such_element.html
Build info: version: '2.53.1', revision: 'a36b8b1cd5757287168e54b817830adce9b0158d', time: '2016-06-30 19:26:09'
System info: host: 'ChethanBidare-pc', ip: '172.16.18.229', os.name: 'Windows 10', os.arch: 'amd64', os.version: '10.0', java.version: '1.8.0_144'
Driver info: driver.version: unknown
	at io.appium.java_client.pagefactory.AppiumElementLocator.findElement(AppiumElementLocator.java:152)
	at io.appium.java_client.pagefactory.interceptors.InterceptorOfASingleElement.intercept(InterceptorOfASingleElement.java:51)
	at io.appium.java_client.android.AndroidElement$$EnhancerByCGLIB$$fd5a3a49.sendKeys(<generated>)
	at c2info_ElMob.UI_Actions.HomePage.enterCustomerName(HomePage.java:98)
	at c2info_ElMob.SalesReturnTC.TC_021_VerifyCustomerNameInSwitchcart.verifyCustomerName(TC_021_VerifyCustomerNameInSwitchcart.java:38)
... Removed 25 stack frames]]>
    </failure>
  </testcase> <!-- verifyCustomerName -->
  <testcase name="verifyInvoiceLoading" time="27.557" classname="c2info_ElMob.SalesReturnTC.TC_022_VerifyParkedInvoiceIsLoadedToSalesPage">
    <failure type="org.openqa.selenium.NoSuchElementException" message="An element could not be located on the page using the given search parameters. (WARNING: The server did not provide any stacktrace information)
Command duration or timeout: 1.17 seconds
For documentation on this error, please visit: http://seleniumhq.org/exceptions/no_such_element.html
Build info: version: &amp;apos;2.53.1&amp;apos;, revision: &amp;apos;a36b8b1cd5757287168e54b817830adce9b0158d&amp;apos;, time: &amp;apos;2016-06-30 19:26:09&amp;apos;
System info: host: &amp;apos;ChethanBidare-pc&amp;apos;, ip: &amp;apos;172.16.18.229&amp;apos;, os.name: &amp;apos;Windows 10&amp;apos;, os.arch: &amp;apos;amd64&amp;apos;, os.version: &amp;apos;10.0&amp;apos;, java.version: &amp;apos;1.8.0_144&amp;apos;
Driver info: io.appium.java_client.android.AndroidDriver
Capabilities [{appPackage=com.c2info.ecolite, deviceScreenSize=720x1280, networkConnectionEnabled=true, warnings={}, databaseEnabled=false, version=5.1, deviceName=IVWCWKRCUSZST85D, platform=LINUX, deviceUDID=IVWCWKRCUSZST85D, appActivity=com.c2info.ecolite.ui.activity.SplashScreenActivity, desired={appPackage=com.c2info.ecolite, appActivity=com.c2info.ecolite.ui.activity.SplashScreenActivity, browserName=ANDROID, platformName=Android, version=5.1, deviceName=ZX1D64CPT2}, platformVersion=5.1, webStorageEnabled=false, locationContextEnabled=false, takesScreenshot=true, browserName=ANDROID, javascriptEnabled=true, deviceModel=LS-6001, platformName=Android, deviceManufacturer=LYF}]
Session ID: 5bdc2112-b186-4ea0-b216-ce5a39279521
*** Element info: {Using=id, value=com.c2info.ecolite:id/textview_itemname}">
      <![CDATA[org.openqa.selenium.NoSuchElementException: An element could not be located on the page using the given search parameters. (WARNING: The server did not provide any stacktrace information)
Command duration or timeout: 1.17 seconds
For documentation on this error, please visit: http://seleniumhq.org/exceptions/no_such_element.html
Build info: version: '2.53.1', revision: 'a36b8b1cd5757287168e54b817830adce9b0158d', time: '2016-06-30 19:26:09'
System info: host: 'ChethanBidare-pc', ip: '172.16.18.229', os.name: 'Windows 10', os.arch: 'amd64', os.version: '10.0', java.version: '1.8.0_144'
Driver info: io.appium.java_client.android.AndroidDriver
Capabilities [{appPackage=com.c2info.ecolite, deviceScreenSize=720x1280, networkConnectionEnabled=true, warnings={}, databaseEnabled=false, version=5.1, deviceName=IVWCWKRCUSZST85D, platform=LINUX, deviceUDID=IVWCWKRCUSZST85D, appActivity=com.c2info.ecolite.ui.activity.SplashScreenActivity, desired={appPackage=com.c2info.ecolite, appActivity=com.c2info.ecolite.ui.activity.SplashScreenActivity, browserName=ANDROID, platformName=Android, version=5.1, deviceName=ZX1D64CPT2}, platformVersion=5.1, webStorageEnabled=false, locationContextEnabled=false, takesScreenshot=true, browserName=ANDROID, javascriptEnabled=true, deviceModel=LS-6001, platformName=Android, deviceManufacturer=LYF}]
Session ID: 5bdc2112-b186-4ea0-b216-ce5a39279521
*** Element info: {Using=id, value=com.c2info.ecolite:id/textview_itemname}
	at org.openqa.selenium.remote.ErrorHandler.createThrowable(ErrorHandler.java:206)
	at org.openqa.selenium.remote.ErrorHandler.throwIfResponseFailed(ErrorHandler.java:158)
	at org.openqa.selenium.remote.RemoteWebDriver.execute(RemoteWebDriver.java:678)
	at io.appium.java_client.DefaultGenericMobileDriver.execute(DefaultGenericMobileDriver.java:42)
	at io.appium.java_client.AppiumDriver.execute(AppiumDriver.java:1)
	at io.appium.java_client.android.AndroidDriver.execute(AndroidDriver.java:1)
	at org.openqa.selenium.remote.RemoteWebDriver.findElement(RemoteWebDriver.java:363)
	at org.openqa.selenium.remote.RemoteWebDriver.findElementById(RemoteWebDriver.java:413)
	at io.appium.java_client.DefaultGenericMobileDriver.findElementById(DefaultGenericMobileDriver.java:62)
	at io.appium.java_client.AppiumDriver.findElementById(AppiumDriver.java:1)
	at io.appium.java_client.android.AndroidDriver.findElementById(AndroidDriver.java:1)
	at org.openqa.selenium.By$ById.findElement(By.java:218)
	at org.openqa.selenium.remote.RemoteWebDriver.findElement(RemoteWebDriver.java:355)
	at io.appium.java_client.DefaultGenericMobileDriver.findElement(DefaultGenericMobileDriver.java:52)
	at io.appium.java_client.AppiumDriver.findElement(AppiumDriver.java:1)
	at io.appium.java_client.android.AndroidDriver.findElement(AndroidDriver.java:1)
	at c2info_ElMob.UI_Actions.Sales.clickOnSearchedItem(Sales.java:174)
	at c2info_ElMob.SalesReturnTC.TC_022_VerifyParkedInvoiceIsLoadedToSalesPage.verifyInvoiceLoading(TC_022_VerifyParkedInvoiceIsLoadedToSalesPage.java:43)
... Removed 28 stack frames]]>
    </failure>
  </testcase> <!-- verifyInvoiceLoading -->
  <testcase name="verifyInvoiceLoading" time="0.0" classname="c2info_ElMob.SalesReturnTC.TC_023_VerifyParkedInvoiceItemsLoadedToSalescart">
    <skipped/>
  </testcase> <!-- verifyInvoiceLoading -->
  <testcase name="verifyInvoiceLoading" time="0.0" classname="c2info_ElMob.SalesReturnTC.TC_024_VerifyParkedInvoiceByChangingCustomer">
    <skipped/>
  </testcase> <!-- verifyInvoiceLoading -->
  <testcase name="verifyInvoiceLoading" time="0.0" classname="c2info_ElMob.SalesReturnTC.TC_025_VerifyParkedInvoiceDeletion">
    <skipped/>
  </testcase> <!-- verifyInvoiceLoading -->
  <testcase name="verifyInvoiceLoading" time="0.001" classname="c2info_ElMob.SalesReturnTC.TC_026_VerifyParkedInvoiceByDeletingItems">
    <skipped/>
  </testcase> <!-- verifyInvoiceLoading -->
  <testcase name="verifyInvoiceLoading" time="0.0" classname="c2info_ElMob.SalesReturnTC.TC_027_VerifyParkedInvoiceByAddingItems">
    <skipped/>
  </testcase> <!-- verifyInvoiceLoading -->
  <testcase name="verifyNewBatch" time="0.0" classname="c2info_ElMob.SalesReturnTC.TC_029_VerifyAddBatchFunctionality">
    <skipped/>
  </testcase> <!-- verifyNewBatch -->
  <testcase name="qtyChangeOnUpdate" time="0.0" classname="c2info_ElMob.SalesReturnTC.TC_030_VerifyQtyChangeOnUpdate">
    <skipped/>
  </testcase> <!-- qtyChangeOnUpdate -->
  <testcase name="verifyStockAfterSaleReturn" time="0.001" classname="c2info_ElMob.SalesReturnTC.TC_001_VerifyStockAfterSaleReturn">
    <skipped/>
  </testcase> <!-- verifyStockAfterSaleReturn -->
  <testcase name="verifyMultipleItemDiscInCheckOutPage" time="0.0" classname="c2info_ElMob.SalesReturnTC.TC_006_VerifyDiscountForMultipleItems">
    <skipped/>
  </testcase> <!-- verifyMultipleItemDiscInCheckOutPage -->
  <testcase name="verifyTaxFrMultipleItems" time="0.029" classname="c2info_ElMob.SalesReturnTC.TC_008_VerifyTaxCalculationItemWise">
    <failure type="org.openqa.selenium.remote.SessionNotFoundException" message="A session is either terminated or not started (WARNING: The server did not provide any stacktrace information)
Command duration or timeout: 7 milliseconds
Build info: version: &amp;apos;2.53.1&amp;apos;, revision: &amp;apos;a36b8b1cd5757287168e54b817830adce9b0158d&amp;apos;, time: &amp;apos;2016-06-30 19:26:09&amp;apos;
System info: host: &amp;apos;ChethanBidare-pc&amp;apos;, ip: &amp;apos;172.16.18.229&amp;apos;, os.name: &amp;apos;Windows 10&amp;apos;, os.arch: &amp;apos;amd64&amp;apos;, os.version: &amp;apos;10.0&amp;apos;, java.version: &amp;apos;1.8.0_144&amp;apos;
Driver info: io.appium.java_client.android.AndroidDriver
Capabilities [{appPackage=com.c2info.ecolite, deviceScreenSize=720x1280, networkConnectionEnabled=true, warnings={}, databaseEnabled=false, version=5.1, deviceName=IVWCWKRCUSZST85D, platform=LINUX, deviceUDID=IVWCWKRCUSZST85D, appActivity=com.c2info.ecolite.ui.activity.SplashScreenActivity, desired={appPackage=com.c2info.ecolite, appActivity=com.c2info.ecolite.ui.activity.SplashScreenActivity, browserName=ANDROID, platformName=Android, version=5.1, deviceName=ZX1D64CPT2}, platformVersion=5.1, webStorageEnabled=false, locationContextEnabled=false, takesScreenshot=true, browserName=ANDROID, javascriptEnabled=true, deviceModel=LS-6001, platformName=Android, deviceManufacturer=LYF}]
Session ID: 5bdc2112-b186-4ea0-b216-ce5a39279521">
      <![CDATA[org.openqa.selenium.remote.SessionNotFoundException: A session is either terminated or not started (WARNING: The server did not provide any stacktrace information)
Command duration or timeout: 7 milliseconds
Build info: version: '2.53.1', revision: 'a36b8b1cd5757287168e54b817830adce9b0158d', time: '2016-06-30 19:26:09'
System info: host: 'ChethanBidare-pc', ip: '172.16.18.229', os.name: 'Windows 10', os.arch: 'amd64', os.version: '10.0', java.version: '1.8.0_144'
Driver info: io.appium.java_client.android.AndroidDriver
Capabilities [{appPackage=com.c2info.ecolite, deviceScreenSize=720x1280, networkConnectionEnabled=true, warnings={}, databaseEnabled=false, version=5.1, deviceName=IVWCWKRCUSZST85D, platform=LINUX, deviceUDID=IVWCWKRCUSZST85D, appActivity=com.c2info.ecolite.ui.activity.SplashScreenActivity, desired={appPackage=com.c2info.ecolite, appActivity=com.c2info.ecolite.ui.activity.SplashScreenActivity, browserName=ANDROID, platformName=Android, version=5.1, deviceName=ZX1D64CPT2}, platformVersion=5.1, webStorageEnabled=false, locationContextEnabled=false, takesScreenshot=true, browserName=ANDROID, javascriptEnabled=true, deviceModel=LS-6001, platformName=Android, deviceManufacturer=LYF}]
Session ID: 5bdc2112-b186-4ea0-b216-ce5a39279521
	at org.openqa.selenium.remote.ErrorHandler.createThrowable(ErrorHandler.java:206)
	at org.openqa.selenium.remote.ErrorHandler.throwIfResponseFailed(ErrorHandler.java:158)
	at org.openqa.selenium.remote.RemoteWebDriver.execute(RemoteWebDriver.java:678)
	at io.appium.java_client.DefaultGenericMobileDriver.execute(DefaultGenericMobileDriver.java:42)
	at io.appium.java_client.AppiumDriver.execute(AppiumDriver.java:1)
	at io.appium.java_client.android.AndroidDriver.execute(AndroidDriver.java:1)
	at org.openqa.selenium.remote.RemoteWebDriver$RemoteWebDriverOptions$RemoteTimeouts.implicitlyWait(RemoteWebDriver.java:865)
	at io.appium.java_client.pagefactory.AppiumElementLocator.changeImplicitlyWaitTimeOut(AppiumElementLocator.java:115)
	at io.appium.java_client.pagefactory.AppiumElementLocator.waitFor(AppiumElementLocator.java:133)
	at io.appium.java_client.pagefactory.AppiumElementLocator.findElement(AppiumElementLocator.java:145)
	at io.appium.java_client.pagefactory.interceptors.InterceptorOfASingleElement.intercept(InterceptorOfASingleElement.java:51)
	at io.appium.java_client.android.AndroidElement$$EnhancerByCGLIB$$fd5a3a49.click(<generated>)
	at c2info_ElMob.UI_Actions.CheckOutPage.clickOnNewSaleButton(CheckOutPage.java:230)
	at c2info_ElMob.SalesReturnTC.TC_008_VerifyTaxCalculationItemWise.verifyTaxFrMultipleItems(TC_008_VerifyTaxCalculationItemWise.java:66)
... Removed 29 stack frames]]>
    </failure>
  </testcase> <!-- verifyTaxFrMultipleItems -->
  <testcase name="verifyMultipleItemDiscInSuccessPage" time="0.0" classname="c2info_ElMob.SalesReturnTC.TC_006_VerifyDiscountForMultipleItems">
    <skipped/>
  </testcase> <!-- verifyMultipleItemDiscInSuccessPage -->
</testsuite> <!-- Test -->
