<html>
<head>
<title>TestNG:  Test</title>
<link href="../testng.css" rel="stylesheet" type="text/css" />
<link href="../my-testng.css" rel="stylesheet" type="text/css" />

<style type="text/css">
.log { display: none;} 
.stack-trace { display: none;} 
</style>
<script type="text/javascript">
<!--
function flip(e) {
  current = e.style.display;
  if (current == 'block') {
    e.style.display = 'none';
    return 0;
  }
  else {
    e.style.display = 'block';
    return 1;
  }
}

function toggleBox(szDivId, elem, msg1, msg2)
{
  var res = -1;  if (document.getElementById) {
    res = flip(document.getElementById(szDivId));
  }
  else if (document.all) {
    // this is the way old msie versions work
    res = flip(document.all[szDivId]);
  }
  if(elem) {
    if(res == 0) elem.innerHTML = msg1; else elem.innerHTML = msg2;
  }

}

function toggleAllBoxes() {
  if (document.getElementsByTagName) {
    d = document.getElementsByTagName('div');
    for (i = 0; i < d.length; i++) {
      if (d[i].className == 'log') {
        flip(d[i]);
      }
    }
  }
}

// -->
</script>

</head>
<body>
<h2 align='center'>Test</h2><table border='1' align="center">
<tr>
<td>Tests passed/Failed/Skipped:</td><td>13/19/0</td>
</tr><tr>
<td>Started on:</td><td>Wed Mar 14 15:46:20 IST 2018</td>
</tr>
<tr><td>Total time:</td><td>3400 seconds (3400518 ms)</td>
</tr><tr>
<td>Included groups:</td><td></td>
</tr><tr>
<td>Excluded groups:</td><td></td>
</tr>
</table><p/>
<small><i>(Hover the method name to see the test class name)</i></small><p/>
<table width='100%' border='1' class='invocation-failed'>
<tr><td colspan='4' align='center'><b>FAILED TESTS</b></td></tr>
<tr><td><b>Test method</b></td>
<td width="30%"><b>Exception</b></td>
<td width="10%"><b>Time (seconds)</b></td>
<td><b>Instance</b></td>
</tr>
<tr>
<td title='c2info_ElMob.SalesReturnTC.TC_014_VerifyPaymentModeCard.verifyCardSale()'><b>verifyCardSale</b><br>Test class: c2info_ElMob.SalesReturnTC.TC_014_VerifyPaymentModeCard</td>
<td><div><pre>org.openqa.selenium.NoSuchElementException: An element could not be located on the page using the given search parameters. (WARNING: The server did not provide any stacktrace information)
Command duration or timeout: 1.18 seconds
For documentation on this error, please visit: http://seleniumhq.org/exceptions/no_such_element.html
Build info: version: &apos;2.53.1&apos;, revision: &apos;a36b8b1cd5757287168e54b817830adce9b0158d&apos;, time: &apos;2016-06-30 19:26:09&apos;
System info: host: &apos;ChethanBidare-pc&apos;, ip: &apos;172.16.18.229&apos;, os.name: &apos;Windows 10&apos;, os.arch: &apos;amd64&apos;, os.version: &apos;10.0&apos;, java.version: &apos;1.8.0_144&apos;
Driver info: io.appium.java_client.android.AndroidDriver
Capabilities [{appPackage=com.c2info.ecolite, deviceScreenSize=720x1280, networkConnectionEnabled=true, warnings={}, databaseEnabled=false, version=5.1, deviceName=IVWCWKRCUSZST85D, platform=LINUX, deviceUDID=IVWCWKRCUSZST85D, appActivity=com.c2info.ecolite.ui.activity.SplashScreenActivity, desired={appPackage=com.c2info.ecolite, appActivity=com.c2info.ecolite.ui.activity.SplashScreenActivity, browserName=ANDROID, platformName=Android, version=5.1, deviceName=ZX1D64CPT2}, platformVersion=5.1, webStorageEnabled=false, locationContextEnabled=false, takesScreenshot=true, browserName=ANDROID, javascriptEnabled=true, deviceModel=LS-6001, platformName=Android, deviceManufacturer=LYF}]
Session ID: 62701422-4dcc-40b4-9e6f-c538a5c6a6ae
*** Element info: {Using=xpath, value=//android.widget.RadioButton[contains(@text,&apos;Card&apos;)]}
	at org.openqa.selenium.remote.ErrorHandler.createThrowable(ErrorHandler.java:206)
	at org.openqa.selenium.remote.ErrorHandler.throwIfResponseFailed(ErrorHandler.java:158)
	at org.openqa.selenium.remote.RemoteWebDriver.execute(RemoteWebDriver.java:678)
	at io.appium.java_client.DefaultGenericMobileDriver.execute(DefaultGenericMobileDriver.java:42)
	at io.appium.java_client.AppiumDriver.execute(AppiumDriver.java:1)
	at io.appium.java_client.android.AndroidDriver.execute(AndroidDriver.java:1)
	at org.openqa.selenium.remote.RemoteWebDriver.findElement(RemoteWebDriver.java:363)
	at org.openqa.selenium.remote.RemoteWebDriver.findElementByXPath(RemoteWebDriver.java:500)
	at io.appium.java_client.DefaultGenericMobileDriver.findElementByXPath(DefaultGenericMobileDriver.java:132)
	at io.appium.java_client.AppiumDriver.findElementByXPath(AppiumDriver.java:1)
	at io.appium.java_client.android.AndroidDriver.findElementByXPath(AndroidDriver.java:1)
	at org.openqa.selenium.By$ByXPath.findElement(By.java:361)
	at org.openqa.selenium.remote.RemoteWebDriver.findElement(RemoteWebDriver.java:355)
	at io.appium.java_client.DefaultGenericMobileDriver.findElement(DefaultGenericMobileDriver.java:52)
	at io.appium.java_client.AppiumDriver.findElement(AppiumDriver.java:1)
	at io.appium.java_client.android.AndroidDriver.findElement(AndroidDriver.java:1)
	at c2info_ElMob.UI_Actions.CheckOutPage.selectPaymentModeInCheckOut(CheckOutPage.java:140)
	at c2info_ElMob.SalesReturnTC.TC_014_VerifyPaymentModeCard.verifyCardSale(TC_014_VerifyPaymentModeCard.java:42)
... Removed 28 stack frames</pre></div><a href='#' onClick='toggleBox("stack-trace154173878", this, "Click to show all stack frames", "Click to hide stack frames")'>Click to show all stack frames</a>
<div class='stack-trace' id='stack-trace154173878'><pre>org.openqa.selenium.NoSuchElementException: An element could not be located on the page using the given search parameters. (WARNING: The server did not provide any stacktrace information)
Command duration or timeout: 1.18 seconds
For documentation on this error, please visit: http://seleniumhq.org/exceptions/no_such_element.html
Build info: version: &apos;2.53.1&apos;, revision: &apos;a36b8b1cd5757287168e54b817830adce9b0158d&apos;, time: &apos;2016-06-30 19:26:09&apos;
System info: host: &apos;ChethanBidare-pc&apos;, ip: &apos;172.16.18.229&apos;, os.name: &apos;Windows 10&apos;, os.arch: &apos;amd64&apos;, os.version: &apos;10.0&apos;, java.version: &apos;1.8.0_144&apos;
Driver info: io.appium.java_client.android.AndroidDriver
Capabilities [{appPackage=com.c2info.ecolite, deviceScreenSize=720x1280, networkConnectionEnabled=true, warnings={}, databaseEnabled=false, version=5.1, deviceName=IVWCWKRCUSZST85D, platform=LINUX, deviceUDID=IVWCWKRCUSZST85D, appActivity=com.c2info.ecolite.ui.activity.SplashScreenActivity, desired={appPackage=com.c2info.ecolite, appActivity=com.c2info.ecolite.ui.activity.SplashScreenActivity, browserName=ANDROID, platformName=Android, version=5.1, deviceName=ZX1D64CPT2}, platformVersion=5.1, webStorageEnabled=false, locationContextEnabled=false, takesScreenshot=true, browserName=ANDROID, javascriptEnabled=true, deviceModel=LS-6001, platformName=Android, deviceManufacturer=LYF}]
Session ID: 62701422-4dcc-40b4-9e6f-c538a5c6a6ae
*** Element info: {Using=xpath, value=//android.widget.RadioButton[contains(@text,&apos;Card&apos;)]}
	at sun.reflect.GeneratedConstructorAccessor23.newInstance(Unknown Source)
	at sun.reflect.DelegatingConstructorAccessorImpl.newInstance(DelegatingConstructorAccessorImpl.java:45)
	at java.lang.reflect.Constructor.newInstance(Constructor.java:423)
	at org.openqa.selenium.remote.ErrorHandler.createThrowable(ErrorHandler.java:206)
	at org.openqa.selenium.remote.ErrorHandler.throwIfResponseFailed(ErrorHandler.java:158)
	at org.openqa.selenium.remote.RemoteWebDriver.execute(RemoteWebDriver.java:678)
	at io.appium.java_client.DefaultGenericMobileDriver.execute(DefaultGenericMobileDriver.java:42)
	at io.appium.java_client.AppiumDriver.execute(AppiumDriver.java:1)
	at io.appium.java_client.android.AndroidDriver.execute(AndroidDriver.java:1)
	at org.openqa.selenium.remote.RemoteWebDriver.findElement(RemoteWebDriver.java:363)
	at org.openqa.selenium.remote.RemoteWebDriver.findElementByXPath(RemoteWebDriver.java:500)
	at io.appium.java_client.DefaultGenericMobileDriver.findElementByXPath(DefaultGenericMobileDriver.java:132)
	at io.appium.java_client.AppiumDriver.findElementByXPath(AppiumDriver.java:1)
	at io.appium.java_client.android.AndroidDriver.findElementByXPath(AndroidDriver.java:1)
	at org.openqa.selenium.By$ByXPath.findElement(By.java:361)
	at org.openqa.selenium.remote.RemoteWebDriver.findElement(RemoteWebDriver.java:355)
	at io.appium.java_client.DefaultGenericMobileDriver.findElement(DefaultGenericMobileDriver.java:52)
	at io.appium.java_client.AppiumDriver.findElement(AppiumDriver.java:1)
	at io.appium.java_client.android.AndroidDriver.findElement(AndroidDriver.java:1)
	at c2info_ElMob.UI_Actions.CheckOutPage.selectPaymentModeInCheckOut(CheckOutPage.java:140)
	at c2info_ElMob.SalesReturnTC.TC_014_VerifyPaymentModeCard.verifyCardSale(TC_014_VerifyPaymentModeCard.java:42)
	at sun.reflect.NativeMethodAccessorImpl.invoke0(Native Method)
	at sun.reflect.NativeMethodAccessorImpl.invoke(NativeMethodAccessorImpl.java:62)
	at sun.reflect.DelegatingMethodAccessorImpl.invoke(DelegatingMethodAccessorImpl.java:43)
	at java.lang.reflect.Method.invoke(Method.java:498)
	at org.testng.internal.MethodInvocationHelper.invokeMethod(MethodInvocationHelper.java:108)
	at org.testng.internal.Invoker.invokeMethod(Invoker.java:661)
	at org.testng.internal.Invoker.invokeTestMethod(Invoker.java:869)
	at org.testng.internal.Invoker.invokeTestMethods(Invoker.java:1193)
	at org.testng.internal.TestMethodWorker.invokeTestMethods(TestMethodWorker.java:126)
	at org.testng.internal.TestMethodWorker.run(TestMethodWorker.java:109)
	at org.testng.TestRunner.privateRun(TestRunner.java:744)
	at org.testng.TestRunner.run(TestRunner.java:602)
	at org.testng.SuiteRunner.runTest(SuiteRunner.java:380)
	at org.testng.SuiteRunner.runSequentially(SuiteRunner.java:375)
	at org.testng.SuiteRunner.privateRun(SuiteRunner.java:340)
	at org.testng.SuiteRunner.run(SuiteRunner.java:289)
	at org.testng.SuiteRunnerWorker.runSuite(SuiteRunnerWorker.java:52)
	at org.testng.SuiteRunnerWorker.run(SuiteRunnerWorker.java:86)
	at org.testng.TestNG.runSuitesSequentially(TestNG.java:1301)
	at org.testng.TestNG.runSuitesLocally(TestNG.java:1226)
	at org.testng.TestNG.runSuites(TestNG.java:1144)
	at org.testng.TestNG.run(TestNG.java:1115)
	at org.testng.remote.AbstractRemoteTestNG.run(AbstractRemoteTestNG.java:114)
	at org.testng.remote.RemoteTestNG.initAndRun(RemoteTestNG.java:251)
	at org.testng.remote.RemoteTestNG.main(RemoteTestNG.java:77)
</pre></div></td>
<td>23</td>
<td>c2info_ElMob.SalesReturnTC.TC_014_VerifyPaymentModeCard@335eadca</td></tr>
<tr>
<td title='c2info_ElMob.SalesReturnTC.TC_015_VerifyPaymentModeCash.verifyCashSale()'><b>verifyCashSale</b><br>Test class: c2info_ElMob.SalesReturnTC.TC_015_VerifyPaymentModeCash</td>
<td><div><pre>org.openqa.selenium.NoSuchElementException: An element could not be located on the page using the given search parameters. (WARNING: The server did not provide any stacktrace information)
Command duration or timeout: 1.60 seconds
For documentation on this error, please visit: http://seleniumhq.org/exceptions/no_such_element.html
Build info: version: &apos;2.53.1&apos;, revision: &apos;a36b8b1cd5757287168e54b817830adce9b0158d&apos;, time: &apos;2016-06-30 19:26:09&apos;
System info: host: &apos;ChethanBidare-pc&apos;, ip: &apos;172.16.18.229&apos;, os.name: &apos;Windows 10&apos;, os.arch: &apos;amd64&apos;, os.version: &apos;10.0&apos;, java.version: &apos;1.8.0_144&apos;
Driver info: io.appium.java_client.android.AndroidDriver
Capabilities [{appPackage=com.c2info.ecolite, deviceScreenSize=720x1280, networkConnectionEnabled=true, warnings={}, databaseEnabled=false, version=5.1, deviceName=IVWCWKRCUSZST85D, platform=LINUX, deviceUDID=IVWCWKRCUSZST85D, appActivity=com.c2info.ecolite.ui.activity.SplashScreenActivity, desired={appPackage=com.c2info.ecolite, appActivity=com.c2info.ecolite.ui.activity.SplashScreenActivity, browserName=ANDROID, platformName=Android, version=5.1, deviceName=ZX1D64CPT2}, platformVersion=5.1, webStorageEnabled=false, locationContextEnabled=false, takesScreenshot=true, browserName=ANDROID, javascriptEnabled=true, deviceModel=LS-6001, platformName=Android, deviceManufacturer=LYF}]
Session ID: 7044127c-e0ce-4be3-9271-6b46ebe4cecd
*** Element info: {Using=id, value=android:id/button2}
	at org.openqa.selenium.remote.ErrorHandler.createThrowable(ErrorHandler.java:206)
	at org.openqa.selenium.remote.ErrorHandler.throwIfResponseFailed(ErrorHandler.java:158)
	at org.openqa.selenium.remote.RemoteWebDriver.execute(RemoteWebDriver.java:678)
	at io.appium.java_client.DefaultGenericMobileDriver.execute(DefaultGenericMobileDriver.java:42)
	at io.appium.java_client.AppiumDriver.execute(AppiumDriver.java:1)
	at io.appium.java_client.android.AndroidDriver.execute(AndroidDriver.java:1)
	at org.openqa.selenium.remote.RemoteWebDriver.findElement(RemoteWebDriver.java:363)
	at org.openqa.selenium.remote.RemoteWebDriver.findElementById(RemoteWebDriver.java:413)
	at io.appium.java_client.DefaultGenericMobileDriver.findElementById(DefaultGenericMobileDriver.java:62)
	at io.appium.java_client.AppiumDriver.findElementById(AppiumDriver.java:1)
	at io.appium.java_client.android.AndroidDriver.findElementById(AndroidDriver.java:1)
	at c2info_ElMob.UI_Actions.CheckOutPage.clickOnDenyButton(CheckOutPage.java:226)
	at c2info_ElMob.SalesReturnTC.TC_015_VerifyPaymentModeCash.verifyCashSale(TC_015_VerifyPaymentModeCash.java:42)
... Removed 28 stack frames</pre></div><a href='#' onClick='toggleBox("stack-trace837659261", this, "Click to show all stack frames", "Click to hide stack frames")'>Click to show all stack frames</a>
<div class='stack-trace' id='stack-trace837659261'><pre>org.openqa.selenium.NoSuchElementException: An element could not be located on the page using the given search parameters. (WARNING: The server did not provide any stacktrace information)
Command duration or timeout: 1.60 seconds
For documentation on this error, please visit: http://seleniumhq.org/exceptions/no_such_element.html
Build info: version: &apos;2.53.1&apos;, revision: &apos;a36b8b1cd5757287168e54b817830adce9b0158d&apos;, time: &apos;2016-06-30 19:26:09&apos;
System info: host: &apos;ChethanBidare-pc&apos;, ip: &apos;172.16.18.229&apos;, os.name: &apos;Windows 10&apos;, os.arch: &apos;amd64&apos;, os.version: &apos;10.0&apos;, java.version: &apos;1.8.0_144&apos;
Driver info: io.appium.java_client.android.AndroidDriver
Capabilities [{appPackage=com.c2info.ecolite, deviceScreenSize=720x1280, networkConnectionEnabled=true, warnings={}, databaseEnabled=false, version=5.1, deviceName=IVWCWKRCUSZST85D, platform=LINUX, deviceUDID=IVWCWKRCUSZST85D, appActivity=com.c2info.ecolite.ui.activity.SplashScreenActivity, desired={appPackage=com.c2info.ecolite, appActivity=com.c2info.ecolite.ui.activity.SplashScreenActivity, browserName=ANDROID, platformName=Android, version=5.1, deviceName=ZX1D64CPT2}, platformVersion=5.1, webStorageEnabled=false, locationContextEnabled=false, takesScreenshot=true, browserName=ANDROID, javascriptEnabled=true, deviceModel=LS-6001, platformName=Android, deviceManufacturer=LYF}]
Session ID: 7044127c-e0ce-4be3-9271-6b46ebe4cecd
*** Element info: {Using=id, value=android:id/button2}
	at sun.reflect.GeneratedConstructorAccessor23.newInstance(Unknown Source)
	at sun.reflect.DelegatingConstructorAccessorImpl.newInstance(DelegatingConstructorAccessorImpl.java:45)
	at java.lang.reflect.Constructor.newInstance(Constructor.java:423)
	at org.openqa.selenium.remote.ErrorHandler.createThrowable(ErrorHandler.java:206)
	at org.openqa.selenium.remote.ErrorHandler.throwIfResponseFailed(ErrorHandler.java:158)
	at org.openqa.selenium.remote.RemoteWebDriver.execute(RemoteWebDriver.java:678)
	at io.appium.java_client.DefaultGenericMobileDriver.execute(DefaultGenericMobileDriver.java:42)
	at io.appium.java_client.AppiumDriver.execute(AppiumDriver.java:1)
	at io.appium.java_client.android.AndroidDriver.execute(AndroidDriver.java:1)
	at org.openqa.selenium.remote.RemoteWebDriver.findElement(RemoteWebDriver.java:363)
	at org.openqa.selenium.remote.RemoteWebDriver.findElementById(RemoteWebDriver.java:413)
	at io.appium.java_client.DefaultGenericMobileDriver.findElementById(DefaultGenericMobileDriver.java:62)
	at io.appium.java_client.AppiumDriver.findElementById(AppiumDriver.java:1)
	at io.appium.java_client.android.AndroidDriver.findElementById(AndroidDriver.java:1)
	at c2info_ElMob.UI_Actions.CheckOutPage.clickOnDenyButton(CheckOutPage.java:226)
	at c2info_ElMob.SalesReturnTC.TC_015_VerifyPaymentModeCash.verifyCashSale(TC_015_VerifyPaymentModeCash.java:42)
	at sun.reflect.NativeMethodAccessorImpl.invoke0(Native Method)
	at sun.reflect.NativeMethodAccessorImpl.invoke(NativeMethodAccessorImpl.java:62)
	at sun.reflect.DelegatingMethodAccessorImpl.invoke(DelegatingMethodAccessorImpl.java:43)
	at java.lang.reflect.Method.invoke(Method.java:498)
	at org.testng.internal.MethodInvocationHelper.invokeMethod(MethodInvocationHelper.java:108)
	at org.testng.internal.Invoker.invokeMethod(Invoker.java:661)
	at org.testng.internal.Invoker.invokeTestMethod(Invoker.java:869)
	at org.testng.internal.Invoker.invokeTestMethods(Invoker.java:1193)
	at org.testng.internal.TestMethodWorker.invokeTestMethods(TestMethodWorker.java:126)
	at org.testng.internal.TestMethodWorker.run(TestMethodWorker.java:109)
	at org.testng.TestRunner.privateRun(TestRunner.java:744)
	at org.testng.TestRunner.run(TestRunner.java:602)
	at org.testng.SuiteRunner.runTest(SuiteRunner.java:380)
	at org.testng.SuiteRunner.runSequentially(SuiteRunner.java:375)
	at org.testng.SuiteRunner.privateRun(SuiteRunner.java:340)
	at org.testng.SuiteRunner.run(SuiteRunner.java:289)
	at org.testng.SuiteRunnerWorker.runSuite(SuiteRunnerWorker.java:52)
	at org.testng.SuiteRunnerWorker.run(SuiteRunnerWorker.java:86)
	at org.testng.TestNG.runSuitesSequentially(TestNG.java:1301)
	at org.testng.TestNG.runSuitesLocally(TestNG.java:1226)
	at org.testng.TestNG.runSuites(TestNG.java:1144)
	at org.testng.TestNG.run(TestNG.java:1115)
	at org.testng.remote.AbstractRemoteTestNG.run(AbstractRemoteTestNG.java:114)
	at org.testng.remote.RemoteTestNG.initAndRun(RemoteTestNG.java:251)
	at org.testng.remote.RemoteTestNG.main(RemoteTestNG.java:77)
</pre></div></td>
<td>23</td>
<td>c2info_ElMob.SalesReturnTC.TC_015_VerifyPaymentModeCash@210366b4</td></tr>
<tr>
<td title='c2info_ElMob.SalesReturnTC.TC_017_VerifyCustDetailsByChangingCustomer.verifyCustomerDetails()'><b>verifyCustomerDetails</b><br>Test class: c2info_ElMob.SalesReturnTC.TC_017_VerifyCustDetailsByChangingCustomer</td>
<td><div><pre>java.lang.AssertionError: expected [true] but found [false]
	at c2info_ElMob.SalesReturnTC.TC_017_VerifyCustDetailsByChangingCustomer.verifyCustomerDetails(TC_017_VerifyCustDetailsByChangingCustomer.java:50)
... Removed 29 stack frames</pre></div><a href='#' onClick='toggleBox("stack-trace1595938139", this, "Click to show all stack frames", "Click to hide stack frames")'>Click to show all stack frames</a>
<div class='stack-trace' id='stack-trace1595938139'><pre>java.lang.AssertionError: expected [true] but found [false]
	at org.testng.Assert.fail(Assert.java:93)
	at org.testng.Assert.failNotEquals(Assert.java:512)
	at org.testng.Assert.assertTrue(Assert.java:41)
	at org.testng.Assert.assertTrue(Assert.java:51)
	at c2info_ElMob.SalesReturnTC.TC_017_VerifyCustDetailsByChangingCustomer.verifyCustomerDetails(TC_017_VerifyCustDetailsByChangingCustomer.java:50)
	at sun.reflect.NativeMethodAccessorImpl.invoke0(Native Method)
	at sun.reflect.NativeMethodAccessorImpl.invoke(NativeMethodAccessorImpl.java:62)
	at sun.reflect.DelegatingMethodAccessorImpl.invoke(DelegatingMethodAccessorImpl.java:43)
	at java.lang.reflect.Method.invoke(Method.java:498)
	at org.testng.internal.MethodInvocationHelper.invokeMethod(MethodInvocationHelper.java:108)
	at org.testng.internal.Invoker.invokeMethod(Invoker.java:661)
	at org.testng.internal.Invoker.invokeTestMethod(Invoker.java:869)
	at org.testng.internal.Invoker.invokeTestMethods(Invoker.java:1193)
	at org.testng.internal.TestMethodWorker.invokeTestMethods(TestMethodWorker.java:126)
	at org.testng.internal.TestMethodWorker.run(TestMethodWorker.java:109)
	at org.testng.TestRunner.privateRun(TestRunner.java:744)
	at org.testng.TestRunner.run(TestRunner.java:602)
	at org.testng.SuiteRunner.runTest(SuiteRunner.java:380)
	at org.testng.SuiteRunner.runSequentially(SuiteRunner.java:375)
	at org.testng.SuiteRunner.privateRun(SuiteRunner.java:340)
	at org.testng.SuiteRunner.run(SuiteRunner.java:289)
	at org.testng.SuiteRunnerWorker.runSuite(SuiteRunnerWorker.java:52)
	at org.testng.SuiteRunnerWorker.run(SuiteRunnerWorker.java:86)
	at org.testng.TestNG.runSuitesSequentially(TestNG.java:1301)
	at org.testng.TestNG.runSuitesLocally(TestNG.java:1226)
	at org.testng.TestNG.runSuites(TestNG.java:1144)
	at org.testng.TestNG.run(TestNG.java:1115)
	at org.testng.remote.AbstractRemoteTestNG.run(AbstractRemoteTestNG.java:114)
	at org.testng.remote.RemoteTestNG.initAndRun(RemoteTestNG.java:251)
	at org.testng.remote.RemoteTestNG.main(RemoteTestNG.java:77)
</pre></div></td>
<td>50</td>
<td>c2info_ElMob.SalesReturnTC.TC_017_VerifyCustDetailsByChangingCustomer@2b2948e2</td></tr>
<tr>
<td title='c2info_ElMob.SalesReturnTC.TC_002_VerifyHighestMrpIsDisplayed.verifyHighestMrp()'><b>verifyHighestMrp</b><br>Test class: c2info_ElMob.SalesReturnTC.TC_002_VerifyHighestMrpIsDisplayed</td>
<td><div><pre>org.openqa.selenium.NoSuchElementException: Can&apos;t locate an element by this strategy: By.id: com.c2info.ecolite:id/radio_new_sale_return
For documentation on this error, please visit: http://seleniumhq.org/exceptions/no_such_element.html
Build info: version: &apos;2.53.1&apos;, revision: &apos;a36b8b1cd5757287168e54b817830adce9b0158d&apos;, time: &apos;2016-06-30 19:26:09&apos;
System info: host: &apos;ChethanBidare-pc&apos;, ip: &apos;172.16.18.229&apos;, os.name: &apos;Windows 10&apos;, os.arch: &apos;amd64&apos;, os.version: &apos;10.0&apos;, java.version: &apos;1.8.0_144&apos;
Driver info: driver.version: unknown
	at io.appium.java_client.pagefactory.AppiumElementLocator.findElement(AppiumElementLocator.java:152)
	at io.appium.java_client.pagefactory.interceptors.InterceptorOfASingleElement.intercept(InterceptorOfASingleElement.java:51)
	at io.appium.java_client.android.AndroidElement$$EnhancerByCGLIB$$d0561da7.click(&lt;generated&gt;)
	at c2info_ElMob.UI_Actions.HomePage.selectSalesreturnCheckbox(HomePage.java:90)
	at c2info_ElMob.SalesReturnTC.TC_002_VerifyHighestMrpIsDisplayed.verifyHighestMrp(TC_002_VerifyHighestMrpIsDisplayed.java:29)
... Removed 25 stack frames</pre></div><a href='#' onClick='toggleBox("stack-trace1753714541", this, "Click to show all stack frames", "Click to hide stack frames")'>Click to show all stack frames</a>
<div class='stack-trace' id='stack-trace1753714541'><pre>org.openqa.selenium.NoSuchElementException: Can&apos;t locate an element by this strategy: By.id: com.c2info.ecolite:id/radio_new_sale_return
For documentation on this error, please visit: http://seleniumhq.org/exceptions/no_such_element.html
Build info: version: &apos;2.53.1&apos;, revision: &apos;a36b8b1cd5757287168e54b817830adce9b0158d&apos;, time: &apos;2016-06-30 19:26:09&apos;
System info: host: &apos;ChethanBidare-pc&apos;, ip: &apos;172.16.18.229&apos;, os.name: &apos;Windows 10&apos;, os.arch: &apos;amd64&apos;, os.version: &apos;10.0&apos;, java.version: &apos;1.8.0_144&apos;
Driver info: driver.version: unknown
	at io.appium.java_client.pagefactory.AppiumElementLocator.findElement(AppiumElementLocator.java:152)
	at io.appium.java_client.pagefactory.interceptors.InterceptorOfASingleElement.intercept(InterceptorOfASingleElement.java:51)
	at io.appium.java_client.android.AndroidElement$$EnhancerByCGLIB$$d0561da7.click(&lt;generated&gt;)
	at c2info_ElMob.UI_Actions.HomePage.selectSalesreturnCheckbox(HomePage.java:90)
	at c2info_ElMob.SalesReturnTC.TC_002_VerifyHighestMrpIsDisplayed.verifyHighestMrp(TC_002_VerifyHighestMrpIsDisplayed.java:29)
	at sun.reflect.NativeMethodAccessorImpl.invoke0(Native Method)
	at sun.reflect.NativeMethodAccessorImpl.invoke(NativeMethodAccessorImpl.java:62)
	at sun.reflect.DelegatingMethodAccessorImpl.invoke(DelegatingMethodAccessorImpl.java:43)
	at java.lang.reflect.Method.invoke(Method.java:498)
	at org.testng.internal.MethodInvocationHelper.invokeMethod(MethodInvocationHelper.java:108)
	at org.testng.internal.Invoker.invokeMethod(Invoker.java:661)
	at org.testng.internal.Invoker.invokeTestMethod(Invoker.java:869)
	at org.testng.internal.Invoker.invokeTestMethods(Invoker.java:1193)
	at org.testng.internal.TestMethodWorker.invokeTestMethods(TestMethodWorker.java:126)
	at org.testng.internal.TestMethodWorker.run(TestMethodWorker.java:109)
	at org.testng.TestRunner.privateRun(TestRunner.java:744)
	at org.testng.TestRunner.run(TestRunner.java:602)
	at org.testng.SuiteRunner.runTest(SuiteRunner.java:380)
	at org.testng.SuiteRunner.runSequentially(SuiteRunner.java:375)
	at org.testng.SuiteRunner.privateRun(SuiteRunner.java:340)
	at org.testng.SuiteRunner.run(SuiteRunner.java:289)
	at org.testng.SuiteRunnerWorker.runSuite(SuiteRunnerWorker.java:52)
	at org.testng.SuiteRunnerWorker.run(SuiteRunnerWorker.java:86)
	at org.testng.TestNG.runSuitesSequentially(TestNG.java:1301)
	at org.testng.TestNG.runSuitesLocally(TestNG.java:1226)
	at org.testng.TestNG.runSuites(TestNG.java:1144)
	at org.testng.TestNG.run(TestNG.java:1115)
	at org.testng.remote.AbstractRemoteTestNG.run(AbstractRemoteTestNG.java:114)
	at org.testng.remote.RemoteTestNG.initAndRun(RemoteTestNG.java:251)
	at org.testng.remote.RemoteTestNG.main(RemoteTestNG.java:77)
</pre></div></td>
<td>1</td>
<td>c2info_ElMob.SalesReturnTC.TC_002_VerifyHighestMrpIsDisplayed@370736d9</td></tr>
<tr>
<td title='c2info_ElMob.SalesReturnTC.TC_009_VerifyIGSTTaxForMultipleItems.verifyIGSTTax()'><b>verifyIGSTTax</b><br>Test class: c2info_ElMob.SalesReturnTC.TC_009_VerifyIGSTTaxForMultipleItems</td>
<td><div><pre>org.openqa.selenium.NoSuchElementException: An element could not be located on the page using the given search parameters. (WARNING: The server did not provide any stacktrace information)
Command duration or timeout: 1.33 seconds
For documentation on this error, please visit: http://seleniumhq.org/exceptions/no_such_element.html
Build info: version: &apos;2.53.1&apos;, revision: &apos;a36b8b1cd5757287168e54b817830adce9b0158d&apos;, time: &apos;2016-06-30 19:26:09&apos;
System info: host: &apos;ChethanBidare-pc&apos;, ip: &apos;172.16.18.229&apos;, os.name: &apos;Windows 10&apos;, os.arch: &apos;amd64&apos;, os.version: &apos;10.0&apos;, java.version: &apos;1.8.0_144&apos;
Driver info: io.appium.java_client.android.AndroidDriver
Capabilities [{appPackage=com.c2info.ecolite, deviceScreenSize=720x1280, networkConnectionEnabled=true, warnings={}, databaseEnabled=false, version=5.1, deviceName=IVWCWKRCUSZST85D, platform=LINUX, deviceUDID=IVWCWKRCUSZST85D, appActivity=com.c2info.ecolite.ui.activity.SplashScreenActivity, desired={appPackage=com.c2info.ecolite, appActivity=com.c2info.ecolite.ui.activity.SplashScreenActivity, browserName=ANDROID, platformName=Android, version=5.1, deviceName=ZX1D64CPT2}, platformVersion=5.1, webStorageEnabled=false, locationContextEnabled=false, takesScreenshot=true, browserName=ANDROID, javascriptEnabled=true, deviceModel=LS-6001, platformName=Android, deviceManufacturer=LYF}]
Session ID: 48f9b02e-a2d7-422b-8842-5108cfc6a6ae
*** Element info: {Using=id, value=android:id/button2}
	at org.openqa.selenium.remote.ErrorHandler.createThrowable(ErrorHandler.java:206)
	at org.openqa.selenium.remote.ErrorHandler.throwIfResponseFailed(ErrorHandler.java:158)
	at org.openqa.selenium.remote.RemoteWebDriver.execute(RemoteWebDriver.java:678)
	at io.appium.java_client.DefaultGenericMobileDriver.execute(DefaultGenericMobileDriver.java:42)
	at io.appium.java_client.AppiumDriver.execute(AppiumDriver.java:1)
	at io.appium.java_client.android.AndroidDriver.execute(AndroidDriver.java:1)
	at org.openqa.selenium.remote.RemoteWebDriver.findElement(RemoteWebDriver.java:363)
	at org.openqa.selenium.remote.RemoteWebDriver.findElementById(RemoteWebDriver.java:413)
	at io.appium.java_client.DefaultGenericMobileDriver.findElementById(DefaultGenericMobileDriver.java:62)
	at io.appium.java_client.AppiumDriver.findElementById(AppiumDriver.java:1)
	at io.appium.java_client.android.AndroidDriver.findElementById(AndroidDriver.java:1)
	at c2info_ElMob.UI_Actions.CheckOutPage.clickOnDenyButton(CheckOutPage.java:226)
	at c2info_ElMob.SalesReturnTC.TC_009_VerifyIGSTTaxForMultipleItems.verifyIGSTTax(TC_009_VerifyIGSTTaxForMultipleItems.java:65)
... Removed 29 stack frames</pre></div><a href='#' onClick='toggleBox("stack-trace899929247", this, "Click to show all stack frames", "Click to hide stack frames")'>Click to show all stack frames</a>
<div class='stack-trace' id='stack-trace899929247'><pre>org.openqa.selenium.NoSuchElementException: An element could not be located on the page using the given search parameters. (WARNING: The server did not provide any stacktrace information)
Command duration or timeout: 1.33 seconds
For documentation on this error, please visit: http://seleniumhq.org/exceptions/no_such_element.html
Build info: version: &apos;2.53.1&apos;, revision: &apos;a36b8b1cd5757287168e54b817830adce9b0158d&apos;, time: &apos;2016-06-30 19:26:09&apos;
System info: host: &apos;ChethanBidare-pc&apos;, ip: &apos;172.16.18.229&apos;, os.name: &apos;Windows 10&apos;, os.arch: &apos;amd64&apos;, os.version: &apos;10.0&apos;, java.version: &apos;1.8.0_144&apos;
Driver info: io.appium.java_client.android.AndroidDriver
Capabilities [{appPackage=com.c2info.ecolite, deviceScreenSize=720x1280, networkConnectionEnabled=true, warnings={}, databaseEnabled=false, version=5.1, deviceName=IVWCWKRCUSZST85D, platform=LINUX, deviceUDID=IVWCWKRCUSZST85D, appActivity=com.c2info.ecolite.ui.activity.SplashScreenActivity, desired={appPackage=com.c2info.ecolite, appActivity=com.c2info.ecolite.ui.activity.SplashScreenActivity, browserName=ANDROID, platformName=Android, version=5.1, deviceName=ZX1D64CPT2}, platformVersion=5.1, webStorageEnabled=false, locationContextEnabled=false, takesScreenshot=true, browserName=ANDROID, javascriptEnabled=true, deviceModel=LS-6001, platformName=Android, deviceManufacturer=LYF}]
Session ID: 48f9b02e-a2d7-422b-8842-5108cfc6a6ae
*** Element info: {Using=id, value=android:id/button2}
	at sun.reflect.NativeConstructorAccessorImpl.newInstance0(Native Method)
	at sun.reflect.NativeConstructorAccessorImpl.newInstance(NativeConstructorAccessorImpl.java:62)
	at sun.reflect.DelegatingConstructorAccessorImpl.newInstance(DelegatingConstructorAccessorImpl.java:45)
	at java.lang.reflect.Constructor.newInstance(Constructor.java:423)
	at org.openqa.selenium.remote.ErrorHandler.createThrowable(ErrorHandler.java:206)
	at org.openqa.selenium.remote.ErrorHandler.throwIfResponseFailed(ErrorHandler.java:158)
	at org.openqa.selenium.remote.RemoteWebDriver.execute(RemoteWebDriver.java:678)
	at io.appium.java_client.DefaultGenericMobileDriver.execute(DefaultGenericMobileDriver.java:42)
	at io.appium.java_client.AppiumDriver.execute(AppiumDriver.java:1)
	at io.appium.java_client.android.AndroidDriver.execute(AndroidDriver.java:1)
	at org.openqa.selenium.remote.RemoteWebDriver.findElement(RemoteWebDriver.java:363)
	at org.openqa.selenium.remote.RemoteWebDriver.findElementById(RemoteWebDriver.java:413)
	at io.appium.java_client.DefaultGenericMobileDriver.findElementById(DefaultGenericMobileDriver.java:62)
	at io.appium.java_client.AppiumDriver.findElementById(AppiumDriver.java:1)
	at io.appium.java_client.android.AndroidDriver.findElementById(AndroidDriver.java:1)
	at c2info_ElMob.UI_Actions.CheckOutPage.clickOnDenyButton(CheckOutPage.java:226)
	at c2info_ElMob.SalesReturnTC.TC_009_VerifyIGSTTaxForMultipleItems.verifyIGSTTax(TC_009_VerifyIGSTTaxForMultipleItems.java:65)
	at sun.reflect.NativeMethodAccessorImpl.invoke0(Native Method)
	at sun.reflect.NativeMethodAccessorImpl.invoke(NativeMethodAccessorImpl.java:62)
	at sun.reflect.DelegatingMethodAccessorImpl.invoke(DelegatingMethodAccessorImpl.java:43)
	at java.lang.reflect.Method.invoke(Method.java:498)
	at org.testng.internal.MethodInvocationHelper.invokeMethod(MethodInvocationHelper.java:108)
	at org.testng.internal.Invoker.invokeMethod(Invoker.java:661)
	at org.testng.internal.Invoker.invokeTestMethod(Invoker.java:869)
	at org.testng.internal.Invoker.invokeTestMethods(Invoker.java:1193)
	at org.testng.internal.TestMethodWorker.invokeTestMethods(TestMethodWorker.java:126)
	at org.testng.internal.TestMethodWorker.run(TestMethodWorker.java:109)
	at org.testng.TestRunner.privateRun(TestRunner.java:744)
	at org.testng.TestRunner.run(TestRunner.java:602)
	at org.testng.SuiteRunner.runTest(SuiteRunner.java:380)
	at org.testng.SuiteRunner.runSequentially(SuiteRunner.java:375)
	at org.testng.SuiteRunner.privateRun(SuiteRunner.java:340)
	at org.testng.SuiteRunner.run(SuiteRunner.java:289)
	at org.testng.SuiteRunnerWorker.runSuite(SuiteRunnerWorker.java:52)
	at org.testng.SuiteRunnerWorker.run(SuiteRunnerWorker.java:86)
	at org.testng.TestNG.runSuitesSequentially(TestNG.java:1301)
	at org.testng.TestNG.runSuitesLocally(TestNG.java:1226)
	at org.testng.TestNG.runSuites(TestNG.java:1144)
	at org.testng.TestNG.run(TestNG.java:1115)
	at org.testng.remote.AbstractRemoteTestNG.run(AbstractRemoteTestNG.java:114)
	at org.testng.remote.RemoteTestNG.initAndRun(RemoteTestNG.java:251)
	at org.testng.remote.RemoteTestNG.main(RemoteTestNG.java:77)
</pre></div></td>
<td>63</td>
<td>c2info_ElMob.SalesReturnTC.TC_009_VerifyIGSTTaxForMultipleItems@3e9b1010</td></tr>
<tr>
<td title='c2info_ElMob.SalesReturnTC.TC_010_VerifyLocalTaxForMultipleItems.verifyIGSTTax()'><b>verifyIGSTTax</b><br>Test class: c2info_ElMob.SalesReturnTC.TC_010_VerifyLocalTaxForMultipleItems</td>
<td><div><pre>org.openqa.selenium.NoSuchElementException: An element could not be located on the page using the given search parameters. (WARNING: The server did not provide any stacktrace information)
Command duration or timeout: 1.23 seconds
For documentation on this error, please visit: http://seleniumhq.org/exceptions/no_such_element.html
Build info: version: &apos;2.53.1&apos;, revision: &apos;a36b8b1cd5757287168e54b817830adce9b0158d&apos;, time: &apos;2016-06-30 19:26:09&apos;
System info: host: &apos;ChethanBidare-pc&apos;, ip: &apos;172.16.18.229&apos;, os.name: &apos;Windows 10&apos;, os.arch: &apos;amd64&apos;, os.version: &apos;10.0&apos;, java.version: &apos;1.8.0_144&apos;
Driver info: io.appium.java_client.android.AndroidDriver
Capabilities [{appPackage=com.c2info.ecolite, deviceScreenSize=720x1280, networkConnectionEnabled=true, warnings={}, databaseEnabled=false, version=5.1, deviceName=IVWCWKRCUSZST85D, platform=LINUX, deviceUDID=IVWCWKRCUSZST85D, appActivity=com.c2info.ecolite.ui.activity.SplashScreenActivity, desired={appPackage=com.c2info.ecolite, appActivity=com.c2info.ecolite.ui.activity.SplashScreenActivity, browserName=ANDROID, platformName=Android, version=5.1, deviceName=ZX1D64CPT2}, platformVersion=5.1, webStorageEnabled=false, locationContextEnabled=false, takesScreenshot=true, browserName=ANDROID, javascriptEnabled=true, deviceModel=LS-6001, platformName=Android, deviceManufacturer=LYF}]
Session ID: 767473a6-de97-417f-bcf1-c9273d16dbfb
*** Element info: {Using=id, value=android:id/button2}
	at org.openqa.selenium.remote.ErrorHandler.createThrowable(ErrorHandler.java:206)
	at org.openqa.selenium.remote.ErrorHandler.throwIfResponseFailed(ErrorHandler.java:158)
	at org.openqa.selenium.remote.RemoteWebDriver.execute(RemoteWebDriver.java:678)
	at io.appium.java_client.DefaultGenericMobileDriver.execute(DefaultGenericMobileDriver.java:42)
	at io.appium.java_client.AppiumDriver.execute(AppiumDriver.java:1)
	at io.appium.java_client.android.AndroidDriver.execute(AndroidDriver.java:1)
	at org.openqa.selenium.remote.RemoteWebDriver.findElement(RemoteWebDriver.java:363)
	at org.openqa.selenium.remote.RemoteWebDriver.findElementById(RemoteWebDriver.java:413)
	at io.appium.java_client.DefaultGenericMobileDriver.findElementById(DefaultGenericMobileDriver.java:62)
	at io.appium.java_client.AppiumDriver.findElementById(AppiumDriver.java:1)
	at io.appium.java_client.android.AndroidDriver.findElementById(AndroidDriver.java:1)
	at c2info_ElMob.UI_Actions.CheckOutPage.clickOnDenyButton(CheckOutPage.java:226)
	at c2info_ElMob.SalesReturnTC.TC_010_VerifyLocalTaxForMultipleItems.verifyIGSTTax(TC_010_VerifyLocalTaxForMultipleItems.java:69)
... Removed 29 stack frames</pre></div><a href='#' onClick='toggleBox("stack-trace431506362", this, "Click to show all stack frames", "Click to hide stack frames")'>Click to show all stack frames</a>
<div class='stack-trace' id='stack-trace431506362'><pre>org.openqa.selenium.NoSuchElementException: An element could not be located on the page using the given search parameters. (WARNING: The server did not provide any stacktrace information)
Command duration or timeout: 1.23 seconds
For documentation on this error, please visit: http://seleniumhq.org/exceptions/no_such_element.html
Build info: version: &apos;2.53.1&apos;, revision: &apos;a36b8b1cd5757287168e54b817830adce9b0158d&apos;, time: &apos;2016-06-30 19:26:09&apos;
System info: host: &apos;ChethanBidare-pc&apos;, ip: &apos;172.16.18.229&apos;, os.name: &apos;Windows 10&apos;, os.arch: &apos;amd64&apos;, os.version: &apos;10.0&apos;, java.version: &apos;1.8.0_144&apos;
Driver info: io.appium.java_client.android.AndroidDriver
Capabilities [{appPackage=com.c2info.ecolite, deviceScreenSize=720x1280, networkConnectionEnabled=true, warnings={}, databaseEnabled=false, version=5.1, deviceName=IVWCWKRCUSZST85D, platform=LINUX, deviceUDID=IVWCWKRCUSZST85D, appActivity=com.c2info.ecolite.ui.activity.SplashScreenActivity, desired={appPackage=com.c2info.ecolite, appActivity=com.c2info.ecolite.ui.activity.SplashScreenActivity, browserName=ANDROID, platformName=Android, version=5.1, deviceName=ZX1D64CPT2}, platformVersion=5.1, webStorageEnabled=false, locationContextEnabled=false, takesScreenshot=true, browserName=ANDROID, javascriptEnabled=true, deviceModel=LS-6001, platformName=Android, deviceManufacturer=LYF}]
Session ID: 767473a6-de97-417f-bcf1-c9273d16dbfb
*** Element info: {Using=id, value=android:id/button2}
	at sun.reflect.NativeConstructorAccessorImpl.newInstance0(Native Method)
	at sun.reflect.NativeConstructorAccessorImpl.newInstance(NativeConstructorAccessorImpl.java:62)
	at sun.reflect.DelegatingConstructorAccessorImpl.newInstance(DelegatingConstructorAccessorImpl.java:45)
	at java.lang.reflect.Constructor.newInstance(Constructor.java:423)
	at org.openqa.selenium.remote.ErrorHandler.createThrowable(ErrorHandler.java:206)
	at org.openqa.selenium.remote.ErrorHandler.throwIfResponseFailed(ErrorHandler.java:158)
	at org.openqa.selenium.remote.RemoteWebDriver.execute(RemoteWebDriver.java:678)
	at io.appium.java_client.DefaultGenericMobileDriver.execute(DefaultGenericMobileDriver.java:42)
	at io.appium.java_client.AppiumDriver.execute(AppiumDriver.java:1)
	at io.appium.java_client.android.AndroidDriver.execute(AndroidDriver.java:1)
	at org.openqa.selenium.remote.RemoteWebDriver.findElement(RemoteWebDriver.java:363)
	at org.openqa.selenium.remote.RemoteWebDriver.findElementById(RemoteWebDriver.java:413)
	at io.appium.java_client.DefaultGenericMobileDriver.findElementById(DefaultGenericMobileDriver.java:62)
	at io.appium.java_client.AppiumDriver.findElementById(AppiumDriver.java:1)
	at io.appium.java_client.android.AndroidDriver.findElementById(AndroidDriver.java:1)
	at c2info_ElMob.UI_Actions.CheckOutPage.clickOnDenyButton(CheckOutPage.java:226)
	at c2info_ElMob.SalesReturnTC.TC_010_VerifyLocalTaxForMultipleItems.verifyIGSTTax(TC_010_VerifyLocalTaxForMultipleItems.java:69)
	at sun.reflect.NativeMethodAccessorImpl.invoke0(Native Method)
	at sun.reflect.NativeMethodAccessorImpl.invoke(NativeMethodAccessorImpl.java:62)
	at sun.reflect.DelegatingMethodAccessorImpl.invoke(DelegatingMethodAccessorImpl.java:43)
	at java.lang.reflect.Method.invoke(Method.java:498)
	at org.testng.internal.MethodInvocationHelper.invokeMethod(MethodInvocationHelper.java:108)
	at org.testng.internal.Invoker.invokeMethod(Invoker.java:661)
	at org.testng.internal.Invoker.invokeTestMethod(Invoker.java:869)
	at org.testng.internal.Invoker.invokeTestMethods(Invoker.java:1193)
	at org.testng.internal.TestMethodWorker.invokeTestMethods(TestMethodWorker.java:126)
	at org.testng.internal.TestMethodWorker.run(TestMethodWorker.java:109)
	at org.testng.TestRunner.privateRun(TestRunner.java:744)
	at org.testng.TestRunner.run(TestRunner.java:602)
	at org.testng.SuiteRunner.runTest(SuiteRunner.java:380)
	at org.testng.SuiteRunner.runSequentially(SuiteRunner.java:375)
	at org.testng.SuiteRunner.privateRun(SuiteRunner.java:340)
	at org.testng.SuiteRunner.run(SuiteRunner.java:289)
	at org.testng.SuiteRunnerWorker.runSuite(SuiteRunnerWorker.java:52)
	at org.testng.SuiteRunnerWorker.run(SuiteRunnerWorker.java:86)
	at org.testng.TestNG.runSuitesSequentially(TestNG.java:1301)
	at org.testng.TestNG.runSuitesLocally(TestNG.java:1226)
	at org.testng.TestNG.runSuites(TestNG.java:1144)
	at org.testng.TestNG.run(TestNG.java:1115)
	at org.testng.remote.AbstractRemoteTestNG.run(AbstractRemoteTestNG.java:114)
	at org.testng.remote.RemoteTestNG.initAndRun(RemoteTestNG.java:251)
	at org.testng.remote.RemoteTestNG.main(RemoteTestNG.java:77)
</pre></div></td>
<td>61</td>
<td>c2info_ElMob.SalesReturnTC.TC_010_VerifyLocalTaxForMultipleItems@6c3708b3</td></tr>
<tr>
<td title='c2info_ElMob.SalesReturnTC.TC_024_VerifyParkedInvoiceByChangingCustomer.verifyInvoiceLoading()'><b>verifyInvoiceLoading</b><br>Test class: c2info_ElMob.SalesReturnTC.TC_024_VerifyParkedInvoiceByChangingCustomer</td>
<td><div><pre>java.lang.AssertionError: expected [true] but found [false]
	at c2info_ElMob.SalesReturnTC.TC_024_VerifyParkedInvoiceByChangingCustomer.verifyInvoiceLoading(TC_024_VerifyParkedInvoiceByChangingCustomer.java:65)
... Removed 29 stack frames</pre></div><a href='#' onClick='toggleBox("stack-trace1508038883", this, "Click to show all stack frames", "Click to hide stack frames")'>Click to show all stack frames</a>
<div class='stack-trace' id='stack-trace1508038883'><pre>java.lang.AssertionError: expected [true] but found [false]
	at org.testng.Assert.fail(Assert.java:93)
	at org.testng.Assert.failNotEquals(Assert.java:512)
	at org.testng.Assert.assertTrue(Assert.java:41)
	at org.testng.Assert.assertTrue(Assert.java:51)
	at c2info_ElMob.SalesReturnTC.TC_024_VerifyParkedInvoiceByChangingCustomer.verifyInvoiceLoading(TC_024_VerifyParkedInvoiceByChangingCustomer.java:65)
	at sun.reflect.NativeMethodAccessorImpl.invoke0(Native Method)
	at sun.reflect.NativeMethodAccessorImpl.invoke(NativeMethodAccessorImpl.java:62)
	at sun.reflect.DelegatingMethodAccessorImpl.invoke(DelegatingMethodAccessorImpl.java:43)
	at java.lang.reflect.Method.invoke(Method.java:498)
	at org.testng.internal.MethodInvocationHelper.invokeMethod(MethodInvocationHelper.java:108)
	at org.testng.internal.Invoker.invokeMethod(Invoker.java:661)
	at org.testng.internal.Invoker.invokeTestMethod(Invoker.java:869)
	at org.testng.internal.Invoker.invokeTestMethods(Invoker.java:1193)
	at org.testng.internal.TestMethodWorker.invokeTestMethods(TestMethodWorker.java:126)
	at org.testng.internal.TestMethodWorker.run(TestMethodWorker.java:109)
	at org.testng.TestRunner.privateRun(TestRunner.java:744)
	at org.testng.TestRunner.run(TestRunner.java:602)
	at org.testng.SuiteRunner.runTest(SuiteRunner.java:380)
	at org.testng.SuiteRunner.runSequentially(SuiteRunner.java:375)
	at org.testng.SuiteRunner.privateRun(SuiteRunner.java:340)
	at org.testng.SuiteRunner.run(SuiteRunner.java:289)
	at org.testng.SuiteRunnerWorker.runSuite(SuiteRunnerWorker.java:52)
	at org.testng.SuiteRunnerWorker.run(SuiteRunnerWorker.java:86)
	at org.testng.TestNG.runSuitesSequentially(TestNG.java:1301)
	at org.testng.TestNG.runSuitesLocally(TestNG.java:1226)
	at org.testng.TestNG.runSuites(TestNG.java:1144)
	at org.testng.TestNG.run(TestNG.java:1115)
	at org.testng.remote.AbstractRemoteTestNG.run(AbstractRemoteTestNG.java:114)
	at org.testng.remote.RemoteTestNG.initAndRun(RemoteTestNG.java:251)
	at org.testng.remote.RemoteTestNG.main(RemoteTestNG.java:77)
</pre></div></td>
<td>59</td>
<td>c2info_ElMob.SalesReturnTC.TC_024_VerifyParkedInvoiceByChangingCustomer@369f73a2</td></tr>
<tr>
<td title='c2info_ElMob.SalesReturnTC.TC_011_VerifyInvoiceValue.verifyInvoiceValue()'><b>verifyInvoiceValue</b><br>Test class: c2info_ElMob.SalesReturnTC.TC_011_VerifyInvoiceValue</td>
<td><div><pre>org.openqa.selenium.NoSuchElementException: An element could not be located on the page using the given search parameters. (WARNING: The server did not provide any stacktrace information)
Command duration or timeout: 1.75 seconds
For documentation on this error, please visit: http://seleniumhq.org/exceptions/no_such_element.html
Build info: version: &apos;2.53.1&apos;, revision: &apos;a36b8b1cd5757287168e54b817830adce9b0158d&apos;, time: &apos;2016-06-30 19:26:09&apos;
System info: host: &apos;ChethanBidare-pc&apos;, ip: &apos;172.16.18.229&apos;, os.name: &apos;Windows 10&apos;, os.arch: &apos;amd64&apos;, os.version: &apos;10.0&apos;, java.version: &apos;1.8.0_144&apos;
Driver info: io.appium.java_client.android.AndroidDriver
Capabilities [{appPackage=com.c2info.ecolite, deviceScreenSize=720x1280, networkConnectionEnabled=true, warnings={}, databaseEnabled=false, version=5.1, deviceName=IVWCWKRCUSZST85D, platform=LINUX, deviceUDID=IVWCWKRCUSZST85D, appActivity=com.c2info.ecolite.ui.activity.SplashScreenActivity, desired={appPackage=com.c2info.ecolite, appActivity=com.c2info.ecolite.ui.activity.SplashScreenActivity, browserName=ANDROID, platformName=Android, version=5.1, deviceName=ZX1D64CPT2}, platformVersion=5.1, webStorageEnabled=false, locationContextEnabled=false, takesScreenshot=true, browserName=ANDROID, javascriptEnabled=true, deviceModel=LS-6001, platformName=Android, deviceManufacturer=LYF}]
Session ID: ae90be46-69a3-430b-a62f-cd192895dcfa
*** Element info: {Using=id, value=android:id/button2}
	at org.openqa.selenium.remote.ErrorHandler.createThrowable(ErrorHandler.java:206)
	at org.openqa.selenium.remote.ErrorHandler.throwIfResponseFailed(ErrorHandler.java:158)
	at org.openqa.selenium.remote.RemoteWebDriver.execute(RemoteWebDriver.java:678)
	at io.appium.java_client.DefaultGenericMobileDriver.execute(DefaultGenericMobileDriver.java:42)
	at io.appium.java_client.AppiumDriver.execute(AppiumDriver.java:1)
	at io.appium.java_client.android.AndroidDriver.execute(AndroidDriver.java:1)
	at org.openqa.selenium.remote.RemoteWebDriver.findElement(RemoteWebDriver.java:363)
	at org.openqa.selenium.remote.RemoteWebDriver.findElementById(RemoteWebDriver.java:413)
	at io.appium.java_client.DefaultGenericMobileDriver.findElementById(DefaultGenericMobileDriver.java:62)
	at io.appium.java_client.AppiumDriver.findElementById(AppiumDriver.java:1)
	at io.appium.java_client.android.AndroidDriver.findElementById(AndroidDriver.java:1)
	at c2info_ElMob.UI_Actions.CheckOutPage.clickOnDenyButton(CheckOutPage.java:226)
	at c2info_ElMob.SalesReturnTC.TC_011_VerifyInvoiceValue.verifyInvoiceValue(TC_011_VerifyInvoiceValue.java:69)
... Removed 29 stack frames</pre></div><a href='#' onClick='toggleBox("stack-trace1261198850", this, "Click to show all stack frames", "Click to hide stack frames")'>Click to show all stack frames</a>
<div class='stack-trace' id='stack-trace1261198850'><pre>org.openqa.selenium.NoSuchElementException: An element could not be located on the page using the given search parameters. (WARNING: The server did not provide any stacktrace information)
Command duration or timeout: 1.75 seconds
For documentation on this error, please visit: http://seleniumhq.org/exceptions/no_such_element.html
Build info: version: &apos;2.53.1&apos;, revision: &apos;a36b8b1cd5757287168e54b817830adce9b0158d&apos;, time: &apos;2016-06-30 19:26:09&apos;
System info: host: &apos;ChethanBidare-pc&apos;, ip: &apos;172.16.18.229&apos;, os.name: &apos;Windows 10&apos;, os.arch: &apos;amd64&apos;, os.version: &apos;10.0&apos;, java.version: &apos;1.8.0_144&apos;
Driver info: io.appium.java_client.android.AndroidDriver
Capabilities [{appPackage=com.c2info.ecolite, deviceScreenSize=720x1280, networkConnectionEnabled=true, warnings={}, databaseEnabled=false, version=5.1, deviceName=IVWCWKRCUSZST85D, platform=LINUX, deviceUDID=IVWCWKRCUSZST85D, appActivity=com.c2info.ecolite.ui.activity.SplashScreenActivity, desired={appPackage=com.c2info.ecolite, appActivity=com.c2info.ecolite.ui.activity.SplashScreenActivity, browserName=ANDROID, platformName=Android, version=5.1, deviceName=ZX1D64CPT2}, platformVersion=5.1, webStorageEnabled=false, locationContextEnabled=false, takesScreenshot=true, browserName=ANDROID, javascriptEnabled=true, deviceModel=LS-6001, platformName=Android, deviceManufacturer=LYF}]
Session ID: ae90be46-69a3-430b-a62f-cd192895dcfa
*** Element info: {Using=id, value=android:id/button2}
	at sun.reflect.NativeConstructorAccessorImpl.newInstance0(Native Method)
	at sun.reflect.NativeConstructorAccessorImpl.newInstance(NativeConstructorAccessorImpl.java:62)
	at sun.reflect.DelegatingConstructorAccessorImpl.newInstance(DelegatingConstructorAccessorImpl.java:45)
	at java.lang.reflect.Constructor.newInstance(Constructor.java:423)
	at org.openqa.selenium.remote.ErrorHandler.createThrowable(ErrorHandler.java:206)
	at org.openqa.selenium.remote.ErrorHandler.throwIfResponseFailed(ErrorHandler.java:158)
	at org.openqa.selenium.remote.RemoteWebDriver.execute(RemoteWebDriver.java:678)
	at io.appium.java_client.DefaultGenericMobileDriver.execute(DefaultGenericMobileDriver.java:42)
	at io.appium.java_client.AppiumDriver.execute(AppiumDriver.java:1)
	at io.appium.java_client.android.AndroidDriver.execute(AndroidDriver.java:1)
	at org.openqa.selenium.remote.RemoteWebDriver.findElement(RemoteWebDriver.java:363)
	at org.openqa.selenium.remote.RemoteWebDriver.findElementById(RemoteWebDriver.java:413)
	at io.appium.java_client.DefaultGenericMobileDriver.findElementById(DefaultGenericMobileDriver.java:62)
	at io.appium.java_client.AppiumDriver.findElementById(AppiumDriver.java:1)
	at io.appium.java_client.android.AndroidDriver.findElementById(AndroidDriver.java:1)
	at c2info_ElMob.UI_Actions.CheckOutPage.clickOnDenyButton(CheckOutPage.java:226)
	at c2info_ElMob.SalesReturnTC.TC_011_VerifyInvoiceValue.verifyInvoiceValue(TC_011_VerifyInvoiceValue.java:69)
	at sun.reflect.NativeMethodAccessorImpl.invoke0(Native Method)
	at sun.reflect.NativeMethodAccessorImpl.invoke(NativeMethodAccessorImpl.java:62)
	at sun.reflect.DelegatingMethodAccessorImpl.invoke(DelegatingMethodAccessorImpl.java:43)
	at java.lang.reflect.Method.invoke(Method.java:498)
	at org.testng.internal.MethodInvocationHelper.invokeMethod(MethodInvocationHelper.java:108)
	at org.testng.internal.Invoker.invokeMethod(Invoker.java:661)
	at org.testng.internal.Invoker.invokeTestMethod(Invoker.java:869)
	at org.testng.internal.Invoker.invokeTestMethods(Invoker.java:1193)
	at org.testng.internal.TestMethodWorker.invokeTestMethods(TestMethodWorker.java:126)
	at org.testng.internal.TestMethodWorker.run(TestMethodWorker.java:109)
	at org.testng.TestRunner.privateRun(TestRunner.java:744)
	at org.testng.TestRunner.run(TestRunner.java:602)
	at org.testng.SuiteRunner.runTest(SuiteRunner.java:380)
	at org.testng.SuiteRunner.runSequentially(SuiteRunner.java:375)
	at org.testng.SuiteRunner.privateRun(SuiteRunner.java:340)
	at org.testng.SuiteRunner.run(SuiteRunner.java:289)
	at org.testng.SuiteRunnerWorker.runSuite(SuiteRunnerWorker.java:52)
	at org.testng.SuiteRunnerWorker.run(SuiteRunnerWorker.java:86)
	at org.testng.TestNG.runSuitesSequentially(TestNG.java:1301)
	at org.testng.TestNG.runSuitesLocally(TestNG.java:1226)
	at org.testng.TestNG.runSuites(TestNG.java:1144)
	at org.testng.TestNG.run(TestNG.java:1115)
	at org.testng.remote.AbstractRemoteTestNG.run(AbstractRemoteTestNG.java:114)
	at org.testng.remote.RemoteTestNG.initAndRun(RemoteTestNG.java:251)
	at org.testng.remote.RemoteTestNG.main(RemoteTestNG.java:77)
</pre></div></td>
<td>136</td>
<td>c2info_ElMob.SalesReturnTC.TC_011_VerifyInvoiceValue@6f1fba17</td></tr>
<tr>
<td title='c2info_ElMob.SalesReturnTC.TC_012_VerifyInvoiceValueWithDisc.verifyInvoiceValue()'><b>verifyInvoiceValue</b><br>Test class: c2info_ElMob.SalesReturnTC.TC_012_VerifyInvoiceValueWithDisc</td>
<td><div><pre>org.openqa.selenium.NoSuchElementException: Can&apos;t locate an element by this strategy: By.id: com.c2info.ecolite:id/radio_new_sale_return
For documentation on this error, please visit: http://seleniumhq.org/exceptions/no_such_element.html
Build info: version: &apos;2.53.1&apos;, revision: &apos;a36b8b1cd5757287168e54b817830adce9b0158d&apos;, time: &apos;2016-06-30 19:26:09&apos;
System info: host: &apos;ChethanBidare-pc&apos;, ip: &apos;172.16.18.229&apos;, os.name: &apos;Windows 10&apos;, os.arch: &apos;amd64&apos;, os.version: &apos;10.0&apos;, java.version: &apos;1.8.0_144&apos;
Driver info: driver.version: unknown
	at io.appium.java_client.pagefactory.AppiumElementLocator.findElement(AppiumElementLocator.java:152)
	at io.appium.java_client.pagefactory.interceptors.InterceptorOfASingleElement.intercept(InterceptorOfASingleElement.java:51)
	at io.appium.java_client.android.AndroidElement$$EnhancerByCGLIB$$d0561da7.click(&lt;generated&gt;)
	at c2info_ElMob.UI_Actions.HomePage.selectSalesreturnCheckbox(HomePage.java:90)
	at c2info_ElMob.SalesReturnTC.TC_012_VerifyInvoiceValueWithDisc.verifyInvoiceValue(TC_012_VerifyInvoiceValueWithDisc.java:35)
... Removed 25 stack frames</pre></div><a href='#' onClick='toggleBox("stack-trace1578587450", this, "Click to show all stack frames", "Click to hide stack frames")'>Click to show all stack frames</a>
<div class='stack-trace' id='stack-trace1578587450'><pre>org.openqa.selenium.NoSuchElementException: Can&apos;t locate an element by this strategy: By.id: com.c2info.ecolite:id/radio_new_sale_return
For documentation on this error, please visit: http://seleniumhq.org/exceptions/no_such_element.html
Build info: version: &apos;2.53.1&apos;, revision: &apos;a36b8b1cd5757287168e54b817830adce9b0158d&apos;, time: &apos;2016-06-30 19:26:09&apos;
System info: host: &apos;ChethanBidare-pc&apos;, ip: &apos;172.16.18.229&apos;, os.name: &apos;Windows 10&apos;, os.arch: &apos;amd64&apos;, os.version: &apos;10.0&apos;, java.version: &apos;1.8.0_144&apos;
Driver info: driver.version: unknown
	at io.appium.java_client.pagefactory.AppiumElementLocator.findElement(AppiumElementLocator.java:152)
	at io.appium.java_client.pagefactory.interceptors.InterceptorOfASingleElement.intercept(InterceptorOfASingleElement.java:51)
	at io.appium.java_client.android.AndroidElement$$EnhancerByCGLIB$$d0561da7.click(&lt;generated&gt;)
	at c2info_ElMob.UI_Actions.HomePage.selectSalesreturnCheckbox(HomePage.java:90)
	at c2info_ElMob.SalesReturnTC.TC_012_VerifyInvoiceValueWithDisc.verifyInvoiceValue(TC_012_VerifyInvoiceValueWithDisc.java:35)
	at sun.reflect.NativeMethodAccessorImpl.invoke0(Native Method)
	at sun.reflect.NativeMethodAccessorImpl.invoke(NativeMethodAccessorImpl.java:62)
	at sun.reflect.DelegatingMethodAccessorImpl.invoke(DelegatingMethodAccessorImpl.java:43)
	at java.lang.reflect.Method.invoke(Method.java:498)
	at org.testng.internal.MethodInvocationHelper.invokeMethod(MethodInvocationHelper.java:108)
	at org.testng.internal.Invoker.invokeMethod(Invoker.java:661)
	at org.testng.internal.Invoker.invokeTestMethod(Invoker.java:869)
	at org.testng.internal.Invoker.invokeTestMethods(Invoker.java:1193)
	at org.testng.internal.TestMethodWorker.invokeTestMethods(TestMethodWorker.java:126)
	at org.testng.internal.TestMethodWorker.run(TestMethodWorker.java:109)
	at org.testng.TestRunner.privateRun(TestRunner.java:744)
	at org.testng.TestRunner.run(TestRunner.java:602)
	at org.testng.SuiteRunner.runTest(SuiteRunner.java:380)
	at org.testng.SuiteRunner.runSequentially(SuiteRunner.java:375)
	at org.testng.SuiteRunner.privateRun(SuiteRunner.java:340)
	at org.testng.SuiteRunner.run(SuiteRunner.java:289)
	at org.testng.SuiteRunnerWorker.runSuite(SuiteRunnerWorker.java:52)
	at org.testng.SuiteRunnerWorker.run(SuiteRunnerWorker.java:86)
	at org.testng.TestNG.runSuitesSequentially(TestNG.java:1301)
	at org.testng.TestNG.runSuitesLocally(TestNG.java:1226)
	at org.testng.TestNG.runSuites(TestNG.java:1144)
	at org.testng.TestNG.run(TestNG.java:1115)
	at org.testng.remote.AbstractRemoteTestNG.run(AbstractRemoteTestNG.java:114)
	at org.testng.remote.RemoteTestNG.initAndRun(RemoteTestNG.java:251)
	at org.testng.remote.RemoteTestNG.main(RemoteTestNG.java:77)
</pre></div></td>
<td>1</td>
<td>c2info_ElMob.SalesReturnTC.TC_012_VerifyInvoiceValueWithDisc@185d8b6</td></tr>
<tr>
<td title='c2info_ElMob.SalesReturnTC.TC_013_VerifyItemCount.verifyItemCount()'><b>verifyItemCount</b><br>Test class: c2info_ElMob.SalesReturnTC.TC_013_VerifyItemCount</td>
<td><div><pre>org.openqa.selenium.NoSuchElementException: Can&apos;t locate an element by this strategy: By.id: com.c2info.ecolite:id/radio_new_sale_return
For documentation on this error, please visit: http://seleniumhq.org/exceptions/no_such_element.html
Build info: version: &apos;2.53.1&apos;, revision: &apos;a36b8b1cd5757287168e54b817830adce9b0158d&apos;, time: &apos;2016-06-30 19:26:09&apos;
System info: host: &apos;ChethanBidare-pc&apos;, ip: &apos;172.16.18.229&apos;, os.name: &apos;Windows 10&apos;, os.arch: &apos;amd64&apos;, os.version: &apos;10.0&apos;, java.version: &apos;1.8.0_144&apos;
Driver info: driver.version: unknown
	at io.appium.java_client.pagefactory.AppiumElementLocator.findElement(AppiumElementLocator.java:152)
	at io.appium.java_client.pagefactory.interceptors.InterceptorOfASingleElement.intercept(InterceptorOfASingleElement.java:51)
	at io.appium.java_client.android.AndroidElement$$EnhancerByCGLIB$$d0561da7.click(&lt;generated&gt;)
	at c2info_ElMob.UI_Actions.HomePage.selectSalesreturnCheckbox(HomePage.java:90)
	at c2info_ElMob.SalesReturnTC.TC_013_VerifyItemCount.verifyItemCount(TC_013_VerifyItemCount.java:33)
... Removed 25 stack frames</pre></div><a href='#' onClick='toggleBox("stack-trace1124162665", this, "Click to show all stack frames", "Click to hide stack frames")'>Click to show all stack frames</a>
<div class='stack-trace' id='stack-trace1124162665'><pre>org.openqa.selenium.NoSuchElementException: Can&apos;t locate an element by this strategy: By.id: com.c2info.ecolite:id/radio_new_sale_return
For documentation on this error, please visit: http://seleniumhq.org/exceptions/no_such_element.html
Build info: version: &apos;2.53.1&apos;, revision: &apos;a36b8b1cd5757287168e54b817830adce9b0158d&apos;, time: &apos;2016-06-30 19:26:09&apos;
System info: host: &apos;ChethanBidare-pc&apos;, ip: &apos;172.16.18.229&apos;, os.name: &apos;Windows 10&apos;, os.arch: &apos;amd64&apos;, os.version: &apos;10.0&apos;, java.version: &apos;1.8.0_144&apos;
Driver info: driver.version: unknown
	at io.appium.java_client.pagefactory.AppiumElementLocator.findElement(AppiumElementLocator.java:152)
	at io.appium.java_client.pagefactory.interceptors.InterceptorOfASingleElement.intercept(InterceptorOfASingleElement.java:51)
	at io.appium.java_client.android.AndroidElement$$EnhancerByCGLIB$$d0561da7.click(&lt;generated&gt;)
	at c2info_ElMob.UI_Actions.HomePage.selectSalesreturnCheckbox(HomePage.java:90)
	at c2info_ElMob.SalesReturnTC.TC_013_VerifyItemCount.verifyItemCount(TC_013_VerifyItemCount.java:33)
	at sun.reflect.NativeMethodAccessorImpl.invoke0(Native Method)
	at sun.reflect.NativeMethodAccessorImpl.invoke(NativeMethodAccessorImpl.java:62)
	at sun.reflect.DelegatingMethodAccessorImpl.invoke(DelegatingMethodAccessorImpl.java:43)
	at java.lang.reflect.Method.invoke(Method.java:498)
	at org.testng.internal.MethodInvocationHelper.invokeMethod(MethodInvocationHelper.java:108)
	at org.testng.internal.Invoker.invokeMethod(Invoker.java:661)
	at org.testng.internal.Invoker.invokeTestMethod(Invoker.java:869)
	at org.testng.internal.Invoker.invokeTestMethods(Invoker.java:1193)
	at org.testng.internal.TestMethodWorker.invokeTestMethods(TestMethodWorker.java:126)
	at org.testng.internal.TestMethodWorker.run(TestMethodWorker.java:109)
	at org.testng.TestRunner.privateRun(TestRunner.java:744)
	at org.testng.TestRunner.run(TestRunner.java:602)
	at org.testng.SuiteRunner.runTest(SuiteRunner.java:380)
	at org.testng.SuiteRunner.runSequentially(SuiteRunner.java:375)
	at org.testng.SuiteRunner.privateRun(SuiteRunner.java:340)
	at org.testng.SuiteRunner.run(SuiteRunner.java:289)
	at org.testng.SuiteRunnerWorker.runSuite(SuiteRunnerWorker.java:52)
	at org.testng.SuiteRunnerWorker.run(SuiteRunnerWorker.java:86)
	at org.testng.TestNG.runSuitesSequentially(TestNG.java:1301)
	at org.testng.TestNG.runSuitesLocally(TestNG.java:1226)
	at org.testng.TestNG.runSuites(TestNG.java:1144)
	at org.testng.TestNG.run(TestNG.java:1115)
	at org.testng.remote.AbstractRemoteTestNG.run(AbstractRemoteTestNG.java:114)
	at org.testng.remote.RemoteTestNG.initAndRun(RemoteTestNG.java:251)
	at org.testng.remote.RemoteTestNG.main(RemoteTestNG.java:77)
</pre></div></td>
<td>1</td>
<td>c2info_ElMob.SalesReturnTC.TC_013_VerifyItemCount@67784306</td></tr>
<tr>
<td title='c2info_ElMob.SalesReturnTC.TC_006_VerifyDiscountForMultipleItems.verifyMultipleItemDiscInCartPage()'><b>verifyMultipleItemDiscInCartPage</b><br>Test class: c2info_ElMob.SalesReturnTC.TC_006_VerifyDiscountForMultipleItems</td>
<td><div><pre>org.openqa.selenium.NoSuchElementException: Can&apos;t locate an element by this strategy: By.id: com.c2info.ecolite:id/radio_new_sale_return
For documentation on this error, please visit: http://seleniumhq.org/exceptions/no_such_element.html
Build info: version: &apos;2.53.1&apos;, revision: &apos;a36b8b1cd5757287168e54b817830adce9b0158d&apos;, time: &apos;2016-06-30 19:26:09&apos;
System info: host: &apos;ChethanBidare-pc&apos;, ip: &apos;172.16.18.229&apos;, os.name: &apos;Windows 10&apos;, os.arch: &apos;amd64&apos;, os.version: &apos;10.0&apos;, java.version: &apos;1.8.0_144&apos;
Driver info: driver.version: unknown
	at io.appium.java_client.pagefactory.AppiumElementLocator.findElement(AppiumElementLocator.java:152)
	at io.appium.java_client.pagefactory.interceptors.InterceptorOfASingleElement.intercept(InterceptorOfASingleElement.java:51)
	at io.appium.java_client.android.AndroidElement$$EnhancerByCGLIB$$d0561da7.click(&lt;generated&gt;)
	at c2info_ElMob.UI_Actions.HomePage.selectSalesreturnCheckbox(HomePage.java:90)
	at c2info_ElMob.SalesReturnTC.TC_006_VerifyDiscountForMultipleItems.verifyMultipleItemDiscInCartPage(TC_006_VerifyDiscountForMultipleItems.java:35)
... Removed 25 stack frames</pre></div><a href='#' onClick='toggleBox("stack-trace418179060", this, "Click to show all stack frames", "Click to hide stack frames")'>Click to show all stack frames</a>
<div class='stack-trace' id='stack-trace418179060'><pre>org.openqa.selenium.NoSuchElementException: Can&apos;t locate an element by this strategy: By.id: com.c2info.ecolite:id/radio_new_sale_return
For documentation on this error, please visit: http://seleniumhq.org/exceptions/no_such_element.html
Build info: version: &apos;2.53.1&apos;, revision: &apos;a36b8b1cd5757287168e54b817830adce9b0158d&apos;, time: &apos;2016-06-30 19:26:09&apos;
System info: host: &apos;ChethanBidare-pc&apos;, ip: &apos;172.16.18.229&apos;, os.name: &apos;Windows 10&apos;, os.arch: &apos;amd64&apos;, os.version: &apos;10.0&apos;, java.version: &apos;1.8.0_144&apos;
Driver info: driver.version: unknown
	at io.appium.java_client.pagefactory.AppiumElementLocator.findElement(AppiumElementLocator.java:152)
	at io.appium.java_client.pagefactory.interceptors.InterceptorOfASingleElement.intercept(InterceptorOfASingleElement.java:51)
	at io.appium.java_client.android.AndroidElement$$EnhancerByCGLIB$$d0561da7.click(&lt;generated&gt;)
	at c2info_ElMob.UI_Actions.HomePage.selectSalesreturnCheckbox(HomePage.java:90)
	at c2info_ElMob.SalesReturnTC.TC_006_VerifyDiscountForMultipleItems.verifyMultipleItemDiscInCartPage(TC_006_VerifyDiscountForMultipleItems.java:35)
	at sun.reflect.NativeMethodAccessorImpl.invoke0(Native Method)
	at sun.reflect.NativeMethodAccessorImpl.invoke(NativeMethodAccessorImpl.java:62)
	at sun.reflect.DelegatingMethodAccessorImpl.invoke(DelegatingMethodAccessorImpl.java:43)
	at java.lang.reflect.Method.invoke(Method.java:498)
	at org.testng.internal.MethodInvocationHelper.invokeMethod(MethodInvocationHelper.java:108)
	at org.testng.internal.Invoker.invokeMethod(Invoker.java:661)
	at org.testng.internal.Invoker.invokeTestMethod(Invoker.java:869)
	at org.testng.internal.Invoker.invokeTestMethods(Invoker.java:1193)
	at org.testng.internal.TestMethodWorker.invokeTestMethods(TestMethodWorker.java:126)
	at org.testng.internal.TestMethodWorker.run(TestMethodWorker.java:109)
	at org.testng.TestRunner.privateRun(TestRunner.java:744)
	at org.testng.TestRunner.run(TestRunner.java:602)
	at org.testng.SuiteRunner.runTest(SuiteRunner.java:380)
	at org.testng.SuiteRunner.runSequentially(SuiteRunner.java:375)
	at org.testng.SuiteRunner.privateRun(SuiteRunner.java:340)
	at org.testng.SuiteRunner.run(SuiteRunner.java:289)
	at org.testng.SuiteRunnerWorker.runSuite(SuiteRunnerWorker.java:52)
	at org.testng.SuiteRunnerWorker.run(SuiteRunnerWorker.java:86)
	at org.testng.TestNG.runSuitesSequentially(TestNG.java:1301)
	at org.testng.TestNG.runSuitesLocally(TestNG.java:1226)
	at org.testng.TestNG.runSuites(TestNG.java:1144)
	at org.testng.TestNG.run(TestNG.java:1115)
	at org.testng.remote.AbstractRemoteTestNG.run(AbstractRemoteTestNG.java:114)
	at org.testng.remote.RemoteTestNG.initAndRun(RemoteTestNG.java:251)
	at org.testng.remote.RemoteTestNG.main(RemoteTestNG.java:77)
</pre></div></td>
<td>1</td>
<td>c2info_ElMob.SalesReturnTC.TC_006_VerifyDiscountForMultipleItems@6536e911</td></tr>
<tr>
<td title='c2info_ElMob.SalesReturnTC.TC_006_VerifyDiscountForMultipleItems.verifyMultipleItemDiscInCheckOutPage()'><b>verifyMultipleItemDiscInCheckOutPage</b><br>Test class: c2info_ElMob.SalesReturnTC.TC_006_VerifyDiscountForMultipleItems</td>
<td><div><pre>org.openqa.selenium.NoSuchElementException: Can&apos;t locate an element by this strategy: By.id: com.c2info.ecolite:id/button_get_payment
For documentation on this error, please visit: http://seleniumhq.org/exceptions/no_such_element.html
Build info: version: &apos;2.53.1&apos;, revision: &apos;a36b8b1cd5757287168e54b817830adce9b0158d&apos;, time: &apos;2016-06-30 19:26:09&apos;
System info: host: &apos;ChethanBidare-pc&apos;, ip: &apos;172.16.18.229&apos;, os.name: &apos;Windows 10&apos;, os.arch: &apos;amd64&apos;, os.version: &apos;10.0&apos;, java.version: &apos;1.8.0_144&apos;
Driver info: driver.version: unknown
	at io.appium.java_client.pagefactory.AppiumElementLocator.findElement(AppiumElementLocator.java:152)
	at io.appium.java_client.pagefactory.interceptors.InterceptorOfASingleElement.intercept(InterceptorOfASingleElement.java:51)
	at io.appium.java_client.android.AndroidElement$$EnhancerByCGLIB$$d0561da7.click(&lt;generated&gt;)
	at c2info_ElMob.UI_Actions.SalesCartPage.clickOnGetPayment(SalesCartPage.java:149)
	at c2info_ElMob.SalesReturnTC.TC_006_VerifyDiscountForMultipleItems.verifyMultipleItemDiscInCheckOutPage(TC_006_VerifyDiscountForMultipleItems.java:74)
... Removed 25 stack frames</pre></div><a href='#' onClick='toggleBox("stack-trace508378341", this, "Click to show all stack frames", "Click to hide stack frames")'>Click to show all stack frames</a>
<div class='stack-trace' id='stack-trace508378341'><pre>org.openqa.selenium.NoSuchElementException: Can&apos;t locate an element by this strategy: By.id: com.c2info.ecolite:id/button_get_payment
For documentation on this error, please visit: http://seleniumhq.org/exceptions/no_such_element.html
Build info: version: &apos;2.53.1&apos;, revision: &apos;a36b8b1cd5757287168e54b817830adce9b0158d&apos;, time: &apos;2016-06-30 19:26:09&apos;
System info: host: &apos;ChethanBidare-pc&apos;, ip: &apos;172.16.18.229&apos;, os.name: &apos;Windows 10&apos;, os.arch: &apos;amd64&apos;, os.version: &apos;10.0&apos;, java.version: &apos;1.8.0_144&apos;
Driver info: driver.version: unknown
	at io.appium.java_client.pagefactory.AppiumElementLocator.findElement(AppiumElementLocator.java:152)
	at io.appium.java_client.pagefactory.interceptors.InterceptorOfASingleElement.intercept(InterceptorOfASingleElement.java:51)
	at io.appium.java_client.android.AndroidElement$$EnhancerByCGLIB$$d0561da7.click(&lt;generated&gt;)
	at c2info_ElMob.UI_Actions.SalesCartPage.clickOnGetPayment(SalesCartPage.java:149)
	at c2info_ElMob.SalesReturnTC.TC_006_VerifyDiscountForMultipleItems.verifyMultipleItemDiscInCheckOutPage(TC_006_VerifyDiscountForMultipleItems.java:74)
	at sun.reflect.NativeMethodAccessorImpl.invoke0(Native Method)
	at sun.reflect.NativeMethodAccessorImpl.invoke(NativeMethodAccessorImpl.java:62)
	at sun.reflect.DelegatingMethodAccessorImpl.invoke(DelegatingMethodAccessorImpl.java:43)
	at java.lang.reflect.Method.invoke(Method.java:498)
	at org.testng.internal.MethodInvocationHelper.invokeMethod(MethodInvocationHelper.java:108)
	at org.testng.internal.Invoker.invokeMethod(Invoker.java:661)
	at org.testng.internal.Invoker.invokeTestMethod(Invoker.java:869)
	at org.testng.internal.Invoker.invokeTestMethods(Invoker.java:1193)
	at org.testng.internal.TestMethodWorker.invokeTestMethods(TestMethodWorker.java:126)
	at org.testng.internal.TestMethodWorker.run(TestMethodWorker.java:109)
	at org.testng.TestRunner.privateRun(TestRunner.java:744)
	at org.testng.TestRunner.run(TestRunner.java:602)
	at org.testng.SuiteRunner.runTest(SuiteRunner.java:380)
	at org.testng.SuiteRunner.runSequentially(SuiteRunner.java:375)
	at org.testng.SuiteRunner.privateRun(SuiteRunner.java:340)
	at org.testng.SuiteRunner.run(SuiteRunner.java:289)
	at org.testng.SuiteRunnerWorker.runSuite(SuiteRunnerWorker.java:52)
	at org.testng.SuiteRunnerWorker.run(SuiteRunnerWorker.java:86)
	at org.testng.TestNG.runSuitesSequentially(TestNG.java:1301)
	at org.testng.TestNG.runSuitesLocally(TestNG.java:1226)
	at org.testng.TestNG.runSuites(TestNG.java:1144)
	at org.testng.TestNG.run(TestNG.java:1115)
	at org.testng.remote.AbstractRemoteTestNG.run(AbstractRemoteTestNG.java:114)
	at org.testng.remote.RemoteTestNG.initAndRun(RemoteTestNG.java:251)
	at org.testng.remote.RemoteTestNG.main(RemoteTestNG.java:77)
</pre></div></td>
<td>1</td>
<td>c2info_ElMob.SalesReturnTC.TC_006_VerifyDiscountForMultipleItems@6536e911</td></tr>
<tr>
<td title='c2info_ElMob.SalesReturnTC.TC_006_VerifyDiscountForMultipleItems.verifyMultipleItemDiscInSuccessPage()'><b>verifyMultipleItemDiscInSuccessPage</b><br>Test class: c2info_ElMob.SalesReturnTC.TC_006_VerifyDiscountForMultipleItems</td>
<td><div><pre>org.openqa.selenium.NoSuchElementException: Can&apos;t locate an element by this strategy: By.id: com.c2info.ecolite:id/button_get_payment
For documentation on this error, please visit: http://seleniumhq.org/exceptions/no_such_element.html
Build info: version: &apos;2.53.1&apos;, revision: &apos;a36b8b1cd5757287168e54b817830adce9b0158d&apos;, time: &apos;2016-06-30 19:26:09&apos;
System info: host: &apos;ChethanBidare-pc&apos;, ip: &apos;172.16.18.229&apos;, os.name: &apos;Windows 10&apos;, os.arch: &apos;amd64&apos;, os.version: &apos;10.0&apos;, java.version: &apos;1.8.0_144&apos;
Driver info: driver.version: unknown
	at io.appium.java_client.pagefactory.AppiumElementLocator.findElement(AppiumElementLocator.java:152)
	at io.appium.java_client.pagefactory.interceptors.InterceptorOfASingleElement.intercept(InterceptorOfASingleElement.java:51)
	at io.appium.java_client.android.AndroidElement$$EnhancerByCGLIB$$d0561da7.click(&lt;generated&gt;)
	at c2info_ElMob.UI_Actions.CheckOutPage.clickOnConfirm(CheckOutPage.java:183)
	at c2info_ElMob.SalesReturnTC.TC_006_VerifyDiscountForMultipleItems.verifyMultipleItemDiscInSuccessPage(TC_006_VerifyDiscountForMultipleItems.java:84)
... Removed 25 stack frames</pre></div><a href='#' onClick='toggleBox("stack-trace28094269", this, "Click to show all stack frames", "Click to hide stack frames")'>Click to show all stack frames</a>
<div class='stack-trace' id='stack-trace28094269'><pre>org.openqa.selenium.NoSuchElementException: Can&apos;t locate an element by this strategy: By.id: com.c2info.ecolite:id/button_get_payment
For documentation on this error, please visit: http://seleniumhq.org/exceptions/no_such_element.html
Build info: version: &apos;2.53.1&apos;, revision: &apos;a36b8b1cd5757287168e54b817830adce9b0158d&apos;, time: &apos;2016-06-30 19:26:09&apos;
System info: host: &apos;ChethanBidare-pc&apos;, ip: &apos;172.16.18.229&apos;, os.name: &apos;Windows 10&apos;, os.arch: &apos;amd64&apos;, os.version: &apos;10.0&apos;, java.version: &apos;1.8.0_144&apos;
Driver info: driver.version: unknown
	at io.appium.java_client.pagefactory.AppiumElementLocator.findElement(AppiumElementLocator.java:152)
	at io.appium.java_client.pagefactory.interceptors.InterceptorOfASingleElement.intercept(InterceptorOfASingleElement.java:51)
	at io.appium.java_client.android.AndroidElement$$EnhancerByCGLIB$$d0561da7.click(&lt;generated&gt;)
	at c2info_ElMob.UI_Actions.CheckOutPage.clickOnConfirm(CheckOutPage.java:183)
	at c2info_ElMob.SalesReturnTC.TC_006_VerifyDiscountForMultipleItems.verifyMultipleItemDiscInSuccessPage(TC_006_VerifyDiscountForMultipleItems.java:84)
	at sun.reflect.NativeMethodAccessorImpl.invoke0(Native Method)
	at sun.reflect.NativeMethodAccessorImpl.invoke(NativeMethodAccessorImpl.java:62)
	at sun.reflect.DelegatingMethodAccessorImpl.invoke(DelegatingMethodAccessorImpl.java:43)
	at java.lang.reflect.Method.invoke(Method.java:498)
	at org.testng.internal.MethodInvocationHelper.invokeMethod(MethodInvocationHelper.java:108)
	at org.testng.internal.Invoker.invokeMethod(Invoker.java:661)
	at org.testng.internal.Invoker.invokeTestMethod(Invoker.java:869)
	at org.testng.internal.Invoker.invokeTestMethods(Invoker.java:1193)
	at org.testng.internal.TestMethodWorker.invokeTestMethods(TestMethodWorker.java:126)
	at org.testng.internal.TestMethodWorker.run(TestMethodWorker.java:109)
	at org.testng.TestRunner.privateRun(TestRunner.java:744)
	at org.testng.TestRunner.run(TestRunner.java:602)
	at org.testng.SuiteRunner.runTest(SuiteRunner.java:380)
	at org.testng.SuiteRunner.runSequentially(SuiteRunner.java:375)
	at org.testng.SuiteRunner.privateRun(SuiteRunner.java:340)
	at org.testng.SuiteRunner.run(SuiteRunner.java:289)
	at org.testng.SuiteRunnerWorker.runSuite(SuiteRunnerWorker.java:52)
	at org.testng.SuiteRunnerWorker.run(SuiteRunnerWorker.java:86)
	at org.testng.TestNG.runSuitesSequentially(TestNG.java:1301)
	at org.testng.TestNG.runSuitesLocally(TestNG.java:1226)
	at org.testng.TestNG.runSuites(TestNG.java:1144)
	at org.testng.TestNG.run(TestNG.java:1115)
	at org.testng.remote.AbstractRemoteTestNG.run(AbstractRemoteTestNG.java:114)
	at org.testng.remote.RemoteTestNG.initAndRun(RemoteTestNG.java:251)
	at org.testng.remote.RemoteTestNG.main(RemoteTestNG.java:77)
</pre></div></td>
<td>1</td>
<td>c2info_ElMob.SalesReturnTC.TC_006_VerifyDiscountForMultipleItems@6536e911</td></tr>
<tr>
<td title='c2info_ElMob.SalesReturnTC.TC_029_VerifyAddBatchFunctionality.verifyNewBatch()'><b>verifyNewBatch</b><br>Test class: c2info_ElMob.SalesReturnTC.TC_029_VerifyAddBatchFunctionality</td>
<td><div><pre>org.openqa.selenium.NoSuchElementException: An element could not be located on the page using the given search parameters. (WARNING: The server did not provide any stacktrace information)
Command duration or timeout: 1.39 seconds
For documentation on this error, please visit: http://seleniumhq.org/exceptions/no_such_element.html
Build info: version: &apos;2.53.1&apos;, revision: &apos;a36b8b1cd5757287168e54b817830adce9b0158d&apos;, time: &apos;2016-06-30 19:26:09&apos;
System info: host: &apos;ChethanBidare-pc&apos;, ip: &apos;172.16.18.229&apos;, os.name: &apos;Windows 10&apos;, os.arch: &apos;amd64&apos;, os.version: &apos;10.0&apos;, java.version: &apos;1.8.0_144&apos;
Driver info: io.appium.java_client.android.AndroidDriver
Capabilities [{appPackage=com.c2info.ecolite, deviceScreenSize=720x1280, networkConnectionEnabled=true, warnings={}, databaseEnabled=false, version=5.1, deviceName=IVWCWKRCUSZST85D, platform=LINUX, deviceUDID=IVWCWKRCUSZST85D, appActivity=com.c2info.ecolite.ui.activity.SplashScreenActivity, desired={appPackage=com.c2info.ecolite, appActivity=com.c2info.ecolite.ui.activity.SplashScreenActivity, browserName=ANDROID, platformName=Android, version=5.1, deviceName=ZX1D64CPT2}, platformVersion=5.1, webStorageEnabled=false, locationContextEnabled=false, takesScreenshot=true, browserName=ANDROID, javascriptEnabled=true, deviceModel=LS-6001, platformName=Android, deviceManufacturer=LYF}]
Session ID: 63029b10-c46c-419b-8d23-e028536d2a91
*** Element info: {Using=id, value=com.c2info.ecolite:id/textview_itemname}
	at org.openqa.selenium.remote.ErrorHandler.createThrowable(ErrorHandler.java:206)
	at org.openqa.selenium.remote.ErrorHandler.throwIfResponseFailed(ErrorHandler.java:158)
	at org.openqa.selenium.remote.RemoteWebDriver.execute(RemoteWebDriver.java:678)
	at io.appium.java_client.DefaultGenericMobileDriver.execute(DefaultGenericMobileDriver.java:42)
	at io.appium.java_client.AppiumDriver.execute(AppiumDriver.java:1)
	at io.appium.java_client.android.AndroidDriver.execute(AndroidDriver.java:1)
	at org.openqa.selenium.remote.RemoteWebDriver.findElement(RemoteWebDriver.java:363)
	at org.openqa.selenium.remote.RemoteWebDriver.findElementById(RemoteWebDriver.java:413)
	at io.appium.java_client.DefaultGenericMobileDriver.findElementById(DefaultGenericMobileDriver.java:62)
	at io.appium.java_client.AppiumDriver.findElementById(AppiumDriver.java:1)
	at io.appium.java_client.android.AndroidDriver.findElementById(AndroidDriver.java:1)
	at org.openqa.selenium.By$ById.findElement(By.java:218)
	at org.openqa.selenium.remote.RemoteWebDriver.findElement(RemoteWebDriver.java:355)
	at io.appium.java_client.DefaultGenericMobileDriver.findElement(DefaultGenericMobileDriver.java:52)
	at io.appium.java_client.AppiumDriver.findElement(AppiumDriver.java:1)
	at io.appium.java_client.android.AndroidDriver.findElement(AndroidDriver.java:1)
	at c2info_ElMob.UI_Actions.Sales.clickOnSearchedItem(Sales.java:174)
	at c2info_ElMob.SalesReturnTC.TC_029_VerifyAddBatchFunctionality.verifyNewBatch(TC_029_VerifyAddBatchFunctionality.java:34)
... Removed 28 stack frames</pre></div><a href='#' onClick='toggleBox("stack-trace1404565079", this, "Click to show all stack frames", "Click to hide stack frames")'>Click to show all stack frames</a>
<div class='stack-trace' id='stack-trace1404565079'><pre>org.openqa.selenium.NoSuchElementException: An element could not be located on the page using the given search parameters. (WARNING: The server did not provide any stacktrace information)
Command duration or timeout: 1.39 seconds
For documentation on this error, please visit: http://seleniumhq.org/exceptions/no_such_element.html
Build info: version: &apos;2.53.1&apos;, revision: &apos;a36b8b1cd5757287168e54b817830adce9b0158d&apos;, time: &apos;2016-06-30 19:26:09&apos;
System info: host: &apos;ChethanBidare-pc&apos;, ip: &apos;172.16.18.229&apos;, os.name: &apos;Windows 10&apos;, os.arch: &apos;amd64&apos;, os.version: &apos;10.0&apos;, java.version: &apos;1.8.0_144&apos;
Driver info: io.appium.java_client.android.AndroidDriver
Capabilities [{appPackage=com.c2info.ecolite, deviceScreenSize=720x1280, networkConnectionEnabled=true, warnings={}, databaseEnabled=false, version=5.1, deviceName=IVWCWKRCUSZST85D, platform=LINUX, deviceUDID=IVWCWKRCUSZST85D, appActivity=com.c2info.ecolite.ui.activity.SplashScreenActivity, desired={appPackage=com.c2info.ecolite, appActivity=com.c2info.ecolite.ui.activity.SplashScreenActivity, browserName=ANDROID, platformName=Android, version=5.1, deviceName=ZX1D64CPT2}, platformVersion=5.1, webStorageEnabled=false, locationContextEnabled=false, takesScreenshot=true, browserName=ANDROID, javascriptEnabled=true, deviceModel=LS-6001, platformName=Android, deviceManufacturer=LYF}]
Session ID: 63029b10-c46c-419b-8d23-e028536d2a91
*** Element info: {Using=id, value=com.c2info.ecolite:id/textview_itemname}
	at sun.reflect.GeneratedConstructorAccessor23.newInstance(Unknown Source)
	at sun.reflect.DelegatingConstructorAccessorImpl.newInstance(DelegatingConstructorAccessorImpl.java:45)
	at java.lang.reflect.Constructor.newInstance(Constructor.java:423)
	at org.openqa.selenium.remote.ErrorHandler.createThrowable(ErrorHandler.java:206)
	at org.openqa.selenium.remote.ErrorHandler.throwIfResponseFailed(ErrorHandler.java:158)
	at org.openqa.selenium.remote.RemoteWebDriver.execute(RemoteWebDriver.java:678)
	at io.appium.java_client.DefaultGenericMobileDriver.execute(DefaultGenericMobileDriver.java:42)
	at io.appium.java_client.AppiumDriver.execute(AppiumDriver.java:1)
	at io.appium.java_client.android.AndroidDriver.execute(AndroidDriver.java:1)
	at org.openqa.selenium.remote.RemoteWebDriver.findElement(RemoteWebDriver.java:363)
	at org.openqa.selenium.remote.RemoteWebDriver.findElementById(RemoteWebDriver.java:413)
	at io.appium.java_client.DefaultGenericMobileDriver.findElementById(DefaultGenericMobileDriver.java:62)
	at io.appium.java_client.AppiumDriver.findElementById(AppiumDriver.java:1)
	at io.appium.java_client.android.AndroidDriver.findElementById(AndroidDriver.java:1)
	at org.openqa.selenium.By$ById.findElement(By.java:218)
	at org.openqa.selenium.remote.RemoteWebDriver.findElement(RemoteWebDriver.java:355)
	at io.appium.java_client.DefaultGenericMobileDriver.findElement(DefaultGenericMobileDriver.java:52)
	at io.appium.java_client.AppiumDriver.findElement(AppiumDriver.java:1)
	at io.appium.java_client.android.AndroidDriver.findElement(AndroidDriver.java:1)
	at c2info_ElMob.UI_Actions.Sales.clickOnSearchedItem(Sales.java:174)
	at c2info_ElMob.SalesReturnTC.TC_029_VerifyAddBatchFunctionality.verifyNewBatch(TC_029_VerifyAddBatchFunctionality.java:34)
	at sun.reflect.NativeMethodAccessorImpl.invoke0(Native Method)
	at sun.reflect.NativeMethodAccessorImpl.invoke(NativeMethodAccessorImpl.java:62)
	at sun.reflect.DelegatingMethodAccessorImpl.invoke(DelegatingMethodAccessorImpl.java:43)
	at java.lang.reflect.Method.invoke(Method.java:498)
	at org.testng.internal.MethodInvocationHelper.invokeMethod(MethodInvocationHelper.java:108)
	at org.testng.internal.Invoker.invokeMethod(Invoker.java:661)
	at org.testng.internal.Invoker.invokeTestMethod(Invoker.java:869)
	at org.testng.internal.Invoker.invokeTestMethods(Invoker.java:1193)
	at org.testng.internal.TestMethodWorker.invokeTestMethods(TestMethodWorker.java:126)
	at org.testng.internal.TestMethodWorker.run(TestMethodWorker.java:109)
	at org.testng.TestRunner.privateRun(TestRunner.java:744)
	at org.testng.TestRunner.run(TestRunner.java:602)
	at org.testng.SuiteRunner.runTest(SuiteRunner.java:380)
	at org.testng.SuiteRunner.runSequentially(SuiteRunner.java:375)
	at org.testng.SuiteRunner.privateRun(SuiteRunner.java:340)
	at org.testng.SuiteRunner.run(SuiteRunner.java:289)
	at org.testng.SuiteRunnerWorker.runSuite(SuiteRunnerWorker.java:52)
	at org.testng.SuiteRunnerWorker.run(SuiteRunnerWorker.java:86)
	at org.testng.TestNG.runSuitesSequentially(TestNG.java:1301)
	at org.testng.TestNG.runSuitesLocally(TestNG.java:1226)
	at org.testng.TestNG.runSuites(TestNG.java:1144)
	at org.testng.TestNG.run(TestNG.java:1115)
	at org.testng.remote.AbstractRemoteTestNG.run(AbstractRemoteTestNG.java:114)
	at org.testng.remote.RemoteTestNG.initAndRun(RemoteTestNG.java:251)
	at org.testng.remote.RemoteTestNG.main(RemoteTestNG.java:77)
</pre></div></td>
<td>14</td>
<td>c2info_ElMob.SalesReturnTC.TC_029_VerifyAddBatchFunctionality@3a5ed7a6</td></tr>
<tr>
<td title='c2info_ElMob.SalesReturnTC.TC_005_VerifyDiscountForSingleItem.verifySingleItemDisc()'><b>verifySingleItemDisc</b><br>Test class: c2info_ElMob.SalesReturnTC.TC_005_VerifyDiscountForSingleItem</td>
<td><div><pre>org.openqa.selenium.NoSuchElementException: Can&apos;t locate an element by this strategy: By.id: com.c2info.ecolite:id/radio_new_sale_return
For documentation on this error, please visit: http://seleniumhq.org/exceptions/no_such_element.html
Build info: version: &apos;2.53.1&apos;, revision: &apos;a36b8b1cd5757287168e54b817830adce9b0158d&apos;, time: &apos;2016-06-30 19:26:09&apos;
System info: host: &apos;ChethanBidare-pc&apos;, ip: &apos;172.16.18.229&apos;, os.name: &apos;Windows 10&apos;, os.arch: &apos;amd64&apos;, os.version: &apos;10.0&apos;, java.version: &apos;1.8.0_144&apos;
Driver info: driver.version: unknown
	at io.appium.java_client.pagefactory.AppiumElementLocator.findElement(AppiumElementLocator.java:152)
	at io.appium.java_client.pagefactory.interceptors.InterceptorOfASingleElement.intercept(InterceptorOfASingleElement.java:51)
	at io.appium.java_client.android.AndroidElement$$EnhancerByCGLIB$$d0561da7.click(&lt;generated&gt;)
	at c2info_ElMob.UI_Actions.HomePage.selectSalesreturnCheckbox(HomePage.java:90)
	at c2info_ElMob.SalesReturnTC.TC_005_VerifyDiscountForSingleItem.verifySingleItemDisc(TC_005_VerifyDiscountForSingleItem.java:34)
... Removed 25 stack frames</pre></div><a href='#' onClick='toggleBox("stack-trace1275035040", this, "Click to show all stack frames", "Click to hide stack frames")'>Click to show all stack frames</a>
<div class='stack-trace' id='stack-trace1275035040'><pre>org.openqa.selenium.NoSuchElementException: Can&apos;t locate an element by this strategy: By.id: com.c2info.ecolite:id/radio_new_sale_return
For documentation on this error, please visit: http://seleniumhq.org/exceptions/no_such_element.html
Build info: version: &apos;2.53.1&apos;, revision: &apos;a36b8b1cd5757287168e54b817830adce9b0158d&apos;, time: &apos;2016-06-30 19:26:09&apos;
System info: host: &apos;ChethanBidare-pc&apos;, ip: &apos;172.16.18.229&apos;, os.name: &apos;Windows 10&apos;, os.arch: &apos;amd64&apos;, os.version: &apos;10.0&apos;, java.version: &apos;1.8.0_144&apos;
Driver info: driver.version: unknown
	at io.appium.java_client.pagefactory.AppiumElementLocator.findElement(AppiumElementLocator.java:152)
	at io.appium.java_client.pagefactory.interceptors.InterceptorOfASingleElement.intercept(InterceptorOfASingleElement.java:51)
	at io.appium.java_client.android.AndroidElement$$EnhancerByCGLIB$$d0561da7.click(&lt;generated&gt;)
	at c2info_ElMob.UI_Actions.HomePage.selectSalesreturnCheckbox(HomePage.java:90)
	at c2info_ElMob.SalesReturnTC.TC_005_VerifyDiscountForSingleItem.verifySingleItemDisc(TC_005_VerifyDiscountForSingleItem.java:34)
	at sun.reflect.NativeMethodAccessorImpl.invoke0(Native Method)
	at sun.reflect.NativeMethodAccessorImpl.invoke(NativeMethodAccessorImpl.java:62)
	at sun.reflect.DelegatingMethodAccessorImpl.invoke(DelegatingMethodAccessorImpl.java:43)
	at java.lang.reflect.Method.invoke(Method.java:498)
	at org.testng.internal.MethodInvocationHelper.invokeMethod(MethodInvocationHelper.java:108)
	at org.testng.internal.Invoker.invokeMethod(Invoker.java:661)
	at org.testng.internal.Invoker.invokeTestMethod(Invoker.java:869)
	at org.testng.internal.Invoker.invokeTestMethods(Invoker.java:1193)
	at org.testng.internal.TestMethodWorker.invokeTestMethods(TestMethodWorker.java:126)
	at org.testng.internal.TestMethodWorker.run(TestMethodWorker.java:109)
	at org.testng.TestRunner.privateRun(TestRunner.java:744)
	at org.testng.TestRunner.run(TestRunner.java:602)
	at org.testng.SuiteRunner.runTest(SuiteRunner.java:380)
	at org.testng.SuiteRunner.runSequentially(SuiteRunner.java:375)
	at org.testng.SuiteRunner.privateRun(SuiteRunner.java:340)
	at org.testng.SuiteRunner.run(SuiteRunner.java:289)
	at org.testng.SuiteRunnerWorker.runSuite(SuiteRunnerWorker.java:52)
	at org.testng.SuiteRunnerWorker.run(SuiteRunnerWorker.java:86)
	at org.testng.TestNG.runSuitesSequentially(TestNG.java:1301)
	at org.testng.TestNG.runSuitesLocally(TestNG.java:1226)
	at org.testng.TestNG.runSuites(TestNG.java:1144)
	at org.testng.TestNG.run(TestNG.java:1115)
	at org.testng.remote.AbstractRemoteTestNG.run(AbstractRemoteTestNG.java:114)
	at org.testng.remote.RemoteTestNG.initAndRun(RemoteTestNG.java:251)
	at org.testng.remote.RemoteTestNG.main(RemoteTestNG.java:77)
</pre></div></td>
<td>1</td>
<td>c2info_ElMob.SalesReturnTC.TC_005_VerifyDiscountForSingleItem@6b09bb57</td></tr>
<tr>
<td title='c2info_ElMob.SalesReturnTC.TC_004_VerifyStockAfterAddingToCart.verifyStock()'><b>verifyStock</b><br>Test class: c2info_ElMob.SalesReturnTC.TC_004_VerifyStockAfterAddingToCart</td>
<td><div><pre>org.openqa.selenium.NoSuchElementException: Can&apos;t locate an element by this strategy: By.id: com.c2info.ecolite:id/radio_new_sale_return
For documentation on this error, please visit: http://seleniumhq.org/exceptions/no_such_element.html
Build info: version: &apos;2.53.1&apos;, revision: &apos;a36b8b1cd5757287168e54b817830adce9b0158d&apos;, time: &apos;2016-06-30 19:26:09&apos;
System info: host: &apos;ChethanBidare-pc&apos;, ip: &apos;172.16.18.229&apos;, os.name: &apos;Windows 10&apos;, os.arch: &apos;amd64&apos;, os.version: &apos;10.0&apos;, java.version: &apos;1.8.0_144&apos;
Driver info: driver.version: unknown
	at io.appium.java_client.pagefactory.AppiumElementLocator.findElement(AppiumElementLocator.java:152)
	at io.appium.java_client.pagefactory.interceptors.InterceptorOfASingleElement.intercept(InterceptorOfASingleElement.java:51)
	at io.appium.java_client.android.AndroidElement$$EnhancerByCGLIB$$d0561da7.click(&lt;generated&gt;)
	at c2info_ElMob.UI_Actions.HomePage.selectSalesreturnCheckbox(HomePage.java:90)
	at c2info_ElMob.SalesReturnTC.TC_004_VerifyStockAfterAddingToCart.verifyStock(TC_004_VerifyStockAfterAddingToCart.java:28)
... Removed 25 stack frames</pre></div><a href='#' onClick='toggleBox("stack-trace1408482749", this, "Click to show all stack frames", "Click to hide stack frames")'>Click to show all stack frames</a>
<div class='stack-trace' id='stack-trace1408482749'><pre>org.openqa.selenium.NoSuchElementException: Can&apos;t locate an element by this strategy: By.id: com.c2info.ecolite:id/radio_new_sale_return
For documentation on this error, please visit: http://seleniumhq.org/exceptions/no_such_element.html
Build info: version: &apos;2.53.1&apos;, revision: &apos;a36b8b1cd5757287168e54b817830adce9b0158d&apos;, time: &apos;2016-06-30 19:26:09&apos;
System info: host: &apos;ChethanBidare-pc&apos;, ip: &apos;172.16.18.229&apos;, os.name: &apos;Windows 10&apos;, os.arch: &apos;amd64&apos;, os.version: &apos;10.0&apos;, java.version: &apos;1.8.0_144&apos;
Driver info: driver.version: unknown
	at io.appium.java_client.pagefactory.AppiumElementLocator.findElement(AppiumElementLocator.java:152)
	at io.appium.java_client.pagefactory.interceptors.InterceptorOfASingleElement.intercept(InterceptorOfASingleElement.java:51)
	at io.appium.java_client.android.AndroidElement$$EnhancerByCGLIB$$d0561da7.click(&lt;generated&gt;)
	at c2info_ElMob.UI_Actions.HomePage.selectSalesreturnCheckbox(HomePage.java:90)
	at c2info_ElMob.SalesReturnTC.TC_004_VerifyStockAfterAddingToCart.verifyStock(TC_004_VerifyStockAfterAddingToCart.java:28)
	at sun.reflect.NativeMethodAccessorImpl.invoke0(Native Method)
	at sun.reflect.NativeMethodAccessorImpl.invoke(NativeMethodAccessorImpl.java:62)
	at sun.reflect.DelegatingMethodAccessorImpl.invoke(DelegatingMethodAccessorImpl.java:43)
	at java.lang.reflect.Method.invoke(Method.java:498)
	at org.testng.internal.MethodInvocationHelper.invokeMethod(MethodInvocationHelper.java:108)
	at org.testng.internal.Invoker.invokeMethod(Invoker.java:661)
	at org.testng.internal.Invoker.invokeTestMethod(Invoker.java:869)
	at org.testng.internal.Invoker.invokeTestMethods(Invoker.java:1193)
	at org.testng.internal.TestMethodWorker.invokeTestMethods(TestMethodWorker.java:126)
	at org.testng.internal.TestMethodWorker.run(TestMethodWorker.java:109)
	at org.testng.TestRunner.privateRun(TestRunner.java:744)
	at org.testng.TestRunner.run(TestRunner.java:602)
	at org.testng.SuiteRunner.runTest(SuiteRunner.java:380)
	at org.testng.SuiteRunner.runSequentially(SuiteRunner.java:375)
	at org.testng.SuiteRunner.privateRun(SuiteRunner.java:340)
	at org.testng.SuiteRunner.run(SuiteRunner.java:289)
	at org.testng.SuiteRunnerWorker.runSuite(SuiteRunnerWorker.java:52)
	at org.testng.SuiteRunnerWorker.run(SuiteRunnerWorker.java:86)
	at org.testng.TestNG.runSuitesSequentially(TestNG.java:1301)
	at org.testng.TestNG.runSuitesLocally(TestNG.java:1226)
	at org.testng.TestNG.runSuites(TestNG.java:1144)
	at org.testng.TestNG.run(TestNG.java:1115)
	at org.testng.remote.AbstractRemoteTestNG.run(AbstractRemoteTestNG.java:114)
	at org.testng.remote.RemoteTestNG.initAndRun(RemoteTestNG.java:251)
	at org.testng.remote.RemoteTestNG.main(RemoteTestNG.java:77)
</pre></div></td>
<td>1</td>
<td>c2info_ElMob.SalesReturnTC.TC_004_VerifyStockAfterAddingToCart@63753b6d</td></tr>
<tr>
<td title='c2info_ElMob.SalesReturnTC.TC_001_VerifyStockAfterSaleReturn.verifyStockAfterSaleReturn()'><b>verifyStockAfterSaleReturn</b><br>Test class: c2info_ElMob.SalesReturnTC.TC_001_VerifyStockAfterSaleReturn</td>
<td><div><pre>java.lang.NullPointerException
	at c2info_ElMob.SalesReturnTC.TC_001_VerifyStockAfterSaleReturn.verifyStockAfterSaleReturn(TC_001_VerifyStockAfterSaleReturn.java:39)
... Removed 25 stack frames</pre></div><a href='#' onClick='toggleBox("stack-trace659590237", this, "Click to show all stack frames", "Click to hide stack frames")'>Click to show all stack frames</a>
<div class='stack-trace' id='stack-trace659590237'><pre>java.lang.NullPointerException
	at c2info_ElMob.SalesReturnTC.TC_001_VerifyStockAfterSaleReturn.verifyStockAfterSaleReturn(TC_001_VerifyStockAfterSaleReturn.java:39)
	at sun.reflect.NativeMethodAccessorImpl.invoke0(Native Method)
	at sun.reflect.NativeMethodAccessorImpl.invoke(NativeMethodAccessorImpl.java:62)
	at sun.reflect.DelegatingMethodAccessorImpl.invoke(DelegatingMethodAccessorImpl.java:43)
	at java.lang.reflect.Method.invoke(Method.java:498)
	at org.testng.internal.MethodInvocationHelper.invokeMethod(MethodInvocationHelper.java:108)
	at org.testng.internal.Invoker.invokeMethod(Invoker.java:661)
	at org.testng.internal.Invoker.invokeTestMethod(Invoker.java:869)
	at org.testng.internal.Invoker.invokeTestMethods(Invoker.java:1193)
	at org.testng.internal.TestMethodWorker.invokeTestMethods(TestMethodWorker.java:126)
	at org.testng.internal.TestMethodWorker.run(TestMethodWorker.java:109)
	at org.testng.TestRunner.privateRun(TestRunner.java:744)
	at org.testng.TestRunner.run(TestRunner.java:602)
	at org.testng.SuiteRunner.runTest(SuiteRunner.java:380)
	at org.testng.SuiteRunner.runSequentially(SuiteRunner.java:375)
	at org.testng.SuiteRunner.privateRun(SuiteRunner.java:340)
	at org.testng.SuiteRunner.run(SuiteRunner.java:289)
	at org.testng.SuiteRunnerWorker.runSuite(SuiteRunnerWorker.java:52)
	at org.testng.SuiteRunnerWorker.run(SuiteRunnerWorker.java:86)
	at org.testng.TestNG.runSuitesSequentially(TestNG.java:1301)
	at org.testng.TestNG.runSuitesLocally(TestNG.java:1226)
	at org.testng.TestNG.runSuites(TestNG.java:1144)
	at org.testng.TestNG.run(TestNG.java:1115)
	at org.testng.remote.AbstractRemoteTestNG.run(AbstractRemoteTestNG.java:114)
	at org.testng.remote.RemoteTestNG.initAndRun(RemoteTestNG.java:251)
	at org.testng.remote.RemoteTestNG.main(RemoteTestNG.java:77)
</pre></div></td>
<td>15</td>
<td>c2info_ElMob.SalesReturnTC.TC_001_VerifyStockAfterSaleReturn@3108bc</td></tr>
<tr>
<td title='c2info_ElMob.SalesReturnTC.TC_008_VerifyTaxCalculationItemWise.verifyTaxFrMultipleItems()'><b>verifyTaxFrMultipleItems</b><br>Test class: c2info_ElMob.SalesReturnTC.TC_008_VerifyTaxCalculationItemWise</td>
<td><div><pre>org.openqa.selenium.NoSuchElementException: Can&apos;t locate an element by this strategy: By.id: com.c2info.ecolite:id/button_new_sale
For documentation on this error, please visit: http://seleniumhq.org/exceptions/no_such_element.html
Build info: version: &apos;2.53.1&apos;, revision: &apos;a36b8b1cd5757287168e54b817830adce9b0158d&apos;, time: &apos;2016-06-30 19:26:09&apos;
System info: host: &apos;ChethanBidare-pc&apos;, ip: &apos;172.16.18.229&apos;, os.name: &apos;Windows 10&apos;, os.arch: &apos;amd64&apos;, os.version: &apos;10.0&apos;, java.version: &apos;1.8.0_144&apos;
Driver info: driver.version: unknown
	at io.appium.java_client.pagefactory.AppiumElementLocator.findElement(AppiumElementLocator.java:152)
	at io.appium.java_client.pagefactory.interceptors.InterceptorOfASingleElement.intercept(InterceptorOfASingleElement.java:51)
	at io.appium.java_client.android.AndroidElement$$EnhancerByCGLIB$$d0561da7.click(&lt;generated&gt;)
	at c2info_ElMob.UI_Actions.CheckOutPage.clickOnNewSaleButton(CheckOutPage.java:230)
	at c2info_ElMob.SalesReturnTC.TC_008_VerifyTaxCalculationItemWise.verifyTaxFrMultipleItems(TC_008_VerifyTaxCalculationItemWise.java:66)
... Removed 25 stack frames</pre></div><a href='#' onClick='toggleBox("stack-trace932582590", this, "Click to show all stack frames", "Click to hide stack frames")'>Click to show all stack frames</a>
<div class='stack-trace' id='stack-trace932582590'><pre>org.openqa.selenium.NoSuchElementException: Can&apos;t locate an element by this strategy: By.id: com.c2info.ecolite:id/button_new_sale
For documentation on this error, please visit: http://seleniumhq.org/exceptions/no_such_element.html
Build info: version: &apos;2.53.1&apos;, revision: &apos;a36b8b1cd5757287168e54b817830adce9b0158d&apos;, time: &apos;2016-06-30 19:26:09&apos;
System info: host: &apos;ChethanBidare-pc&apos;, ip: &apos;172.16.18.229&apos;, os.name: &apos;Windows 10&apos;, os.arch: &apos;amd64&apos;, os.version: &apos;10.0&apos;, java.version: &apos;1.8.0_144&apos;
Driver info: driver.version: unknown
	at io.appium.java_client.pagefactory.AppiumElementLocator.findElement(AppiumElementLocator.java:152)
	at io.appium.java_client.pagefactory.interceptors.InterceptorOfASingleElement.intercept(InterceptorOfASingleElement.java:51)
	at io.appium.java_client.android.AndroidElement$$EnhancerByCGLIB$$d0561da7.click(&lt;generated&gt;)
	at c2info_ElMob.UI_Actions.CheckOutPage.clickOnNewSaleButton(CheckOutPage.java:230)
	at c2info_ElMob.SalesReturnTC.TC_008_VerifyTaxCalculationItemWise.verifyTaxFrMultipleItems(TC_008_VerifyTaxCalculationItemWise.java:66)
	at sun.reflect.NativeMethodAccessorImpl.invoke0(Native Method)
	at sun.reflect.NativeMethodAccessorImpl.invoke(NativeMethodAccessorImpl.java:62)
	at sun.reflect.DelegatingMethodAccessorImpl.invoke(DelegatingMethodAccessorImpl.java:43)
	at java.lang.reflect.Method.invoke(Method.java:498)
	at org.testng.internal.MethodInvocationHelper.invokeMethod(MethodInvocationHelper.java:108)
	at org.testng.internal.Invoker.invokeMethod(Invoker.java:661)
	at org.testng.internal.Invoker.invokeTestMethod(Invoker.java:869)
	at org.testng.internal.Invoker.invokeTestMethods(Invoker.java:1193)
	at org.testng.internal.TestMethodWorker.invokeTestMethods(TestMethodWorker.java:126)
	at org.testng.internal.TestMethodWorker.run(TestMethodWorker.java:109)
	at org.testng.TestRunner.privateRun(TestRunner.java:744)
	at org.testng.TestRunner.run(TestRunner.java:602)
	at org.testng.SuiteRunner.runTest(SuiteRunner.java:380)
	at org.testng.SuiteRunner.runSequentially(SuiteRunner.java:375)
	at org.testng.SuiteRunner.privateRun(SuiteRunner.java:340)
	at org.testng.SuiteRunner.run(SuiteRunner.java:289)
	at org.testng.SuiteRunnerWorker.runSuite(SuiteRunnerWorker.java:52)
	at org.testng.SuiteRunnerWorker.run(SuiteRunnerWorker.java:86)
	at org.testng.TestNG.runSuitesSequentially(TestNG.java:1301)
	at org.testng.TestNG.runSuitesLocally(TestNG.java:1226)
	at org.testng.TestNG.runSuites(TestNG.java:1144)
	at org.testng.TestNG.run(TestNG.java:1115)
	at org.testng.remote.AbstractRemoteTestNG.run(AbstractRemoteTestNG.java:114)
	at org.testng.remote.RemoteTestNG.initAndRun(RemoteTestNG.java:251)
	at org.testng.remote.RemoteTestNG.main(RemoteTestNG.java:77)
</pre></div></td>
<td>1</td>
<td>c2info_ElMob.SalesReturnTC.TC_008_VerifyTaxCalculationItemWise@18eed359</td></tr>
<tr>
<td title='c2info_ElMob.SalesReturnTC.TC_008_VerifyTaxCalculationItemWise.verifyTaxforSingleItem()'><b>verifyTaxforSingleItem</b><br>Test class: c2info_ElMob.SalesReturnTC.TC_008_VerifyTaxCalculationItemWise</td>
<td><div><pre>org.openqa.selenium.NoSuchElementException: Can&apos;t locate an element by this strategy: By.id: com.c2info.ecolite:id/radio_new_sale_return
For documentation on this error, please visit: http://seleniumhq.org/exceptions/no_such_element.html
Build info: version: &apos;2.53.1&apos;, revision: &apos;a36b8b1cd5757287168e54b817830adce9b0158d&apos;, time: &apos;2016-06-30 19:26:09&apos;
System info: host: &apos;ChethanBidare-pc&apos;, ip: &apos;172.16.18.229&apos;, os.name: &apos;Windows 10&apos;, os.arch: &apos;amd64&apos;, os.version: &apos;10.0&apos;, java.version: &apos;1.8.0_144&apos;
Driver info: driver.version: unknown
	at io.appium.java_client.pagefactory.AppiumElementLocator.findElement(AppiumElementLocator.java:152)
	at io.appium.java_client.pagefactory.interceptors.InterceptorOfASingleElement.intercept(InterceptorOfASingleElement.java:51)
	at io.appium.java_client.android.AndroidElement$$EnhancerByCGLIB$$d0561da7.click(&lt;generated&gt;)
	at c2info_ElMob.UI_Actions.HomePage.selectSalesreturnCheckbox(HomePage.java:90)
	at c2info_ElMob.SalesReturnTC.TC_008_VerifyTaxCalculationItemWise.verifyTaxforSingleItem(TC_008_VerifyTaxCalculationItemWise.java:34)
... Removed 25 stack frames</pre></div><a href='#' onClick='toggleBox("stack-trace1208532123", this, "Click to show all stack frames", "Click to hide stack frames")'>Click to show all stack frames</a>
<div class='stack-trace' id='stack-trace1208532123'><pre>org.openqa.selenium.NoSuchElementException: Can&apos;t locate an element by this strategy: By.id: com.c2info.ecolite:id/radio_new_sale_return
For documentation on this error, please visit: http://seleniumhq.org/exceptions/no_such_element.html
Build info: version: &apos;2.53.1&apos;, revision: &apos;a36b8b1cd5757287168e54b817830adce9b0158d&apos;, time: &apos;2016-06-30 19:26:09&apos;
System info: host: &apos;ChethanBidare-pc&apos;, ip: &apos;172.16.18.229&apos;, os.name: &apos;Windows 10&apos;, os.arch: &apos;amd64&apos;, os.version: &apos;10.0&apos;, java.version: &apos;1.8.0_144&apos;
Driver info: driver.version: unknown
	at io.appium.java_client.pagefactory.AppiumElementLocator.findElement(AppiumElementLocator.java:152)
	at io.appium.java_client.pagefactory.interceptors.InterceptorOfASingleElement.intercept(InterceptorOfASingleElement.java:51)
	at io.appium.java_client.android.AndroidElement$$EnhancerByCGLIB$$d0561da7.click(&lt;generated&gt;)
	at c2info_ElMob.UI_Actions.HomePage.selectSalesreturnCheckbox(HomePage.java:90)
	at c2info_ElMob.SalesReturnTC.TC_008_VerifyTaxCalculationItemWise.verifyTaxforSingleItem(TC_008_VerifyTaxCalculationItemWise.java:34)
	at sun.reflect.NativeMethodAccessorImpl.invoke0(Native Method)
	at sun.reflect.NativeMethodAccessorImpl.invoke(NativeMethodAccessorImpl.java:62)
	at sun.reflect.DelegatingMethodAccessorImpl.invoke(DelegatingMethodAccessorImpl.java:43)
	at java.lang.reflect.Method.invoke(Method.java:498)
	at org.testng.internal.MethodInvocationHelper.invokeMethod(MethodInvocationHelper.java:108)
	at org.testng.internal.Invoker.invokeMethod(Invoker.java:661)
	at org.testng.internal.Invoker.invokeTestMethod(Invoker.java:869)
	at org.testng.internal.Invoker.invokeTestMethods(Invoker.java:1193)
	at org.testng.internal.TestMethodWorker.invokeTestMethods(TestMethodWorker.java:126)
	at org.testng.internal.TestMethodWorker.run(TestMethodWorker.java:109)
	at org.testng.TestRunner.privateRun(TestRunner.java:744)
	at org.testng.TestRunner.run(TestRunner.java:602)
	at org.testng.SuiteRunner.runTest(SuiteRunner.java:380)
	at org.testng.SuiteRunner.runSequentially(SuiteRunner.java:375)
	at org.testng.SuiteRunner.privateRun(SuiteRunner.java:340)
	at org.testng.SuiteRunner.run(SuiteRunner.java:289)
	at org.testng.SuiteRunnerWorker.runSuite(SuiteRunnerWorker.java:52)
	at org.testng.SuiteRunnerWorker.run(SuiteRunnerWorker.java:86)
	at org.testng.TestNG.runSuitesSequentially(TestNG.java:1301)
	at org.testng.TestNG.runSuitesLocally(TestNG.java:1226)
	at org.testng.TestNG.runSuites(TestNG.java:1144)
	at org.testng.TestNG.run(TestNG.java:1115)
	at org.testng.remote.AbstractRemoteTestNG.run(AbstractRemoteTestNG.java:114)
	at org.testng.remote.RemoteTestNG.initAndRun(RemoteTestNG.java:251)
	at org.testng.remote.RemoteTestNG.main(RemoteTestNG.java:77)
</pre></div></td>
<td>1</td>
<td>c2info_ElMob.SalesReturnTC.TC_008_VerifyTaxCalculationItemWise@18eed359</td></tr>
</table><p>
<table width='100%' border='1' class='invocation-passed'>
<tr><td colspan='4' align='center'><b>PASSED TESTS</b></td></tr>
<tr><td><b>Test method</b></td>
<td width="30%"><b>Exception</b></td>
<td width="10%"><b>Time (seconds)</b></td>
<td><b>Instance</b></td>
</tr>
<tr>
<td title='c2info_ElMob.SalesReturnTC.TC_030_VerifyQtyChangeOnUpdate.qtyChangeOnUpdate()'><b>qtyChangeOnUpdate</b><br>Test class: c2info_ElMob.SalesReturnTC.TC_030_VerifyQtyChangeOnUpdate</td>
<td></td>
<td>43</td>
<td>c2info_ElMob.SalesReturnTC.TC_030_VerifyQtyChangeOnUpdate@6325a3ee</td></tr>
<tr>
<td title='c2info_ElMob.SalesReturnTC.TC_016_VerifyCustomerDetailsInCheckOutPage.verifyCustomerDetails()'><b>verifyCustomerDetails</b><br>Test class: c2info_ElMob.SalesReturnTC.TC_016_VerifyCustomerDetailsInCheckOutPage</td>
<td></td>
<td>32</td>
<td>c2info_ElMob.SalesReturnTC.TC_016_VerifyCustomerDetailsInCheckOutPage@eec5a4a</td></tr>
<tr>
<td title='c2info_ElMob.SalesReturnTC.TC_021_VerifyCustomerNameInSwitchcart.verifyCustomerName()'><b>verifyCustomerName</b><br>Test class: c2info_ElMob.SalesReturnTC.TC_021_VerifyCustomerNameInSwitchcart</td>
<td></td>
<td>52</td>
<td>c2info_ElMob.SalesReturnTC.TC_021_VerifyCustomerNameInSwitchcart@5a8e6209</td></tr>
<tr>
<td title='c2info_ElMob.SalesReturnTC.TC_007_VerifyCustomerWiseDiscount.verifyCustomerWiseDisc()'><b>verifyCustomerWiseDisc</b><br>Test class: c2info_ElMob.SalesReturnTC.TC_007_VerifyCustomerWiseDiscount</td>
<td></td>
<td>30</td>
<td>c2info_ElMob.SalesReturnTC.TC_007_VerifyCustomerWiseDiscount@520a3426</td></tr>
<tr>
<td title='c2info_ElMob.SalesReturnTC.TC_022_VerifyParkedInvoiceIsLoadedToSalesPage.verifyInvoiceLoading()'><b>verifyInvoiceLoading</b><br>Test class: c2info_ElMob.SalesReturnTC.TC_022_VerifyParkedInvoiceIsLoadedToSalesPage</td>
<td></td>
<td>55</td>
<td>c2info_ElMob.SalesReturnTC.TC_022_VerifyParkedInvoiceIsLoadedToSalesPage@4b4523f8</td></tr>
<tr>
<td title='c2info_ElMob.SalesReturnTC.TC_023_VerifyParkedInvoiceItemsLoadedToSalescart.verifyInvoiceLoading()'><b>verifyInvoiceLoading</b><br>Test class: c2info_ElMob.SalesReturnTC.TC_023_VerifyParkedInvoiceItemsLoadedToSalescart</td>
<td></td>
<td>57</td>
<td>c2info_ElMob.SalesReturnTC.TC_023_VerifyParkedInvoiceItemsLoadedToSalescart@731a74c</td></tr>
<tr>
<td title='c2info_ElMob.SalesReturnTC.TC_025_VerifyParkedInvoiceDeletion.verifyInvoiceLoading()'><b>verifyInvoiceLoading</b><br>Test class: c2info_ElMob.SalesReturnTC.TC_025_VerifyParkedInvoiceDeletion</td>
<td></td>
<td>42</td>
<td>c2info_ElMob.SalesReturnTC.TC_025_VerifyParkedInvoiceDeletion@1f28c152</td></tr>
<tr>
<td title='c2info_ElMob.SalesReturnTC.TC_026_VerifyParkedInvoiceByDeletingItems.verifyInvoiceLoading()'><b>verifyInvoiceLoading</b><br>Test class: c2info_ElMob.SalesReturnTC.TC_026_VerifyParkedInvoiceByDeletingItems</td>
<td></td>
<td>82</td>
<td>c2info_ElMob.SalesReturnTC.TC_026_VerifyParkedInvoiceByDeletingItems@7d907bac</td></tr>
<tr>
<td title='c2info_ElMob.SalesReturnTC.TC_027_VerifyParkedInvoiceByAddingItems.verifyInvoiceLoading()'><b>verifyInvoiceLoading</b><br>Test class: c2info_ElMob.SalesReturnTC.TC_027_VerifyParkedInvoiceByAddingItems</td>
<td></td>
<td>78</td>
<td>c2info_ElMob.SalesReturnTC.TC_027_VerifyParkedInvoiceByAddingItems@7791a895</td></tr>
<tr>
<td title='c2info_ElMob.SalesReturnTC.TC_018_VerifyInvoiceParkingFunctionality.verifyInvoiceParking()'><b>verifyInvoiceParking</b><br>Test class: c2info_ElMob.SalesReturnTC.TC_018_VerifyInvoiceParkingFunctionality</td>
<td></td>
<td>85</td>
<td>c2info_ElMob.SalesReturnTC.TC_018_VerifyInvoiceParkingFunctionality@6ddf90b0</td></tr>
<tr>
<td title='c2info_ElMob.SalesReturnTC.TC_019_VerifyInvoiceValueInSwitchCart.verifyInvoiceValue()'><b>verifyInvoiceValue</b><br>Test class: c2info_ElMob.SalesReturnTC.TC_019_VerifyInvoiceValueInSwitchCart</td>
<td></td>
<td>75</td>
<td>c2info_ElMob.SalesReturnTC.TC_019_VerifyInvoiceValueInSwitchCart@57536d79</td></tr>
<tr>
<td title='c2info_ElMob.SalesReturnTC.TC_020_VerifyItemCountInSwitchCart.verifyItemCount()'><b>verifyItemCount</b><br>Test class: c2info_ElMob.SalesReturnTC.TC_020_VerifyItemCountInSwitchCart</td>
<td></td>
<td>77</td>
<td>c2info_ElMob.SalesReturnTC.TC_020_VerifyItemCountInSwitchCart@3b0143d3</td></tr>
<tr>
<td title='c2info_ElMob.SalesReturnTC.TC_003_verifyStockInItemListPage.verifyStock()'><b>verifyStock</b><br>Test class: c2info_ElMob.SalesReturnTC.TC_003_verifyStockInItemListPage</td>
<td></td>
<td>25</td>
<td>c2info_ElMob.SalesReturnTC.TC_003_verifyStockInItemListPage@5f9d02cb</td></tr>
</table><p>
</body>
</html>